
============================================================
[PRIME] Mamba-130m PRIME Training — PID 2163548
[PRIME] Device: cuda
============================================================
[PRIME] LUT built: 65536 points, range [-2.0000, 2.0000]
[PRIME] Loading state-spaces/mamba-130m-hf...
Loading weights:   0%|          | 0/242 [00:00<?, ?it/s]Loading weights: 100%|##########| 242/242 [00:00<00:00, 3452.25it/s]
[PRIME] Wrapped 25 linear layers with PrimeLinear.
[PRIME] VRAM used after load: 0.86 GB

[PRIME] Starting training — 1000 steps, grad_accum=32, seq=512
..........[10/32] L:27.2605 TPS:860.3 ..........[20/32] L:44.1549 TPS:947.4 ..........[30/32] L:34.9671 TPS:988.7 ..
[SYNC] Step 1 finalizing...
[PRIME] Step 1  | Loss: 1198.9484 | Mig: 100.00% | Disp95: 7.0 | Ent: 13.06 | Mom: 0.08
..........[10/32] L:14.5875 TPS:1123.6 ..........[20/32] L:16.1441 TPS:1134.8 ..........[30/32] L:23.2288 TPS:1124.7 ..
[SYNC] Step 2 finalizing...
[PRIME] Step 2  | Loss: 921.2666 | Mig: 60.36% | Disp95: 14.0 | Ent: 13.06 | Mom: 0.54
..........[10/32] L:16.1869 TPS:1092.5 ..........[20/32] L:17.4436 TPS:1107.2 ..........[30/32] L:18.6752 TPS:1106.4 ..
[SYNC] Step 3 finalizing...
[PRIME] Step 3  | Loss: 783.7751 | Mig: 55.47% | Disp95: 28.0 | Ent: 13.06 | Mom: 0.75
..........[10/32] L:19.1752 TPS:1120.1 ..........[20/32] L:10.8832 TPS:1135.5 ..........[30/32] L:13.4015 TPS:1140.0 ..
[SYNC] Step 4 finalizing...
[PRIME] Step 4  | Loss: 690.1136 | Mig: 54.18% | Disp95: 36.4 | Ent: 13.06 | Mom: 0.91
..........[10/32] L:9.9361 TPS:1151.9 ..........[20/32] L:11.4594 TPS:1143.4 ..........[30/32] L:13.2915 TPS:1145.6 ..
[SYNC] Step 5 finalizing...
[PRIME] Step 5  | Loss: 620.4015 | Mig: 58.35% | Disp95: 44.5 | Ent: 13.06 | Mom: 1.06
..........[10/32] L:10.7360 TPS:1134.4 ..........[20/32] L:9.5170 TPS:1140.6 ..........[30/32] L:9.5041 TPS:1139.7 ..
[SYNC] Step 6 finalizing...
[PRIME] Step 6  | Loss: 571.8404 | Mig: 48.00% | Disp95: 51.0 | Ent: 13.06 | Mom: 0.91
..........[10/32] L:9.4201 TPS:1075.9 ..........[20/32] L:8.7192 TPS:1082.2 ..........[30/32] L:8.9153 TPS:1088.3 ..
[SYNC] Step 7 finalizing...
[PRIME] Step 7  | Loss: 531.5673 | Mig: 50.19% | Disp95: 58.0 | Ent: 13.06 | Mom: 0.98
..........[10/32] L:9.8011 TPS:1104.4 ..........[20/32] L:8.4576 TPS:1090.9 ..........[30/32] L:8.4580 TPS:1112.6 ..
[SYNC] Step 8 finalizing...
[PRIME] Step 8  | Loss: 499.8778 | Mig: 47.02% | Disp95: 61.9 | Ent: 13.06 | Mom: 0.85
..........[10/32] L:8.8734 TPS:1142.2 ..........[20/32] L:8.4827 TPS:1148.4 ..........[30/32] L:7.7293 TPS:1159.4 ..
[SYNC] Step 9 finalizing...
[PRIME] Step 9  | Loss: 474.0575 | Mig: 48.13% | Disp95: 68.9 | Ent: 13.06 | Mom: 0.93
..........[10/32] L:9.5004 TPS:1110.7 ..........[20/32] L:8.2480 TPS:1123.4 ..........[30/32] L:8.7181 TPS:1136.4 ..
[SYNC] Step 10 finalizing...
[PRIME] Step 10  | Loss: 454.3885 | Mig: 41.58% | Disp95: 72.2 | Ent: 13.06 | Mom: 0.80
..........[10/32] L:7.2874 TPS:1120.2 ..........[20/32] L:8.2541 TPS:1114.3 ..........[30/32] L:9.4661 TPS:1120.4 ..
[SYNC] Step 11 finalizing...
[PRIME] Step 11  | Loss: 436.8410 | Mig: 57.04% | Disp95: 77.8 | Ent: 13.06 | Mom: 1.00
..........[10/32] L:9.0286 TPS:1114.5 ..........[20/32] L:8.8567 TPS:1138.6 ..........[30/32] L:9.7356 TPS:1138.6 ..
[SYNC] Step 12 finalizing...
[PRIME] Step 12  | Loss: 425.8354 | Mig: 42.22% | Disp95: 81.5 | Ent: 13.06 | Mom: 0.73
..........[10/32] L:8.8057 TPS:1102.0 ..........[20/32] L:8.3367 TPS:1108.7 ..........[30/32] L:8.5384 TPS:1102.5 ..
[SYNC] Step 13 finalizing...
[PRIME] Step 13  | Loss: 413.2673 | Mig: 68.23% | Disp95: 87.4 | Ent: 13.06 | Mom: 1.06
..........[10/32] L:9.5274 TPS:1120.6 ..........[20/32] L:8.4986 TPS:1090.2 ..........[30/32] L:8.7627 TPS:1100.5 ..
[SYNC] Step 14 finalizing...
[PRIME] Step 14  | Loss: 403.9256 | Mig: 46.14% | Disp95: 89.6 | Ent: 13.06 | Mom: 0.85
..........[10/32] L:8.1605 TPS:1146.5 ..........[20/32] L:8.9126 TPS:1145.2 ..........[30/32] L:7.8563 TPS:1146.3 ..
[SYNC] Step 15 finalizing...
[PRIME] Step 15  | Loss: 393.9066 | Mig: 56.54% | Disp95: 94.1 | Ent: 13.06 | Mom: 0.86
..........[10/32] L:8.2132 TPS:1143.8 ..........[20/32] L:7.5875 TPS:1170.2 ..........[30/32] L:8.5001 TPS:1167.6 ..
[SYNC] Step 16 finalizing...
[PRIME] Step 16  | Loss: 385.5764 | Mig: 44.48% | Disp95: 98.0 | Ent: 13.06 | Mom: 0.75
..........[10/32] L:7.2625 TPS:1149.2 ..........[20/32] L:7.5394 TPS:1139.5 ..........[30/32] L:9.4247 TPS:1140.0 ..
[SYNC] Step 17 finalizing...
[PRIME] Step 17  | Loss: 377.4158 | Mig: 47.39% | Disp95: 100.8 | Ent: 13.06 | Mom: 0.74
..........[10/32] L:7.9386 TPS:1139.9 ..........[20/32] L:7.1166 TPS:1120.7 ..........[30/32] L:7.0021 TPS:1127.4 ..
[SYNC] Step 18 finalizing...
[PRIME] Step 18  | Loss: 369.8975 | Mig: 47.18% | Disp95: 104.7 | Ent: 13.06 | Mom: 0.77
..........[10/32] L:7.1834 TPS:1133.1 ..........[20/32] L:7.9594 TPS:1126.1 ..........[30/32] L:9.0518 TPS:1128.8 ..
[SYNC] Step 19 finalizing...
[PRIME] Step 19  | Loss: 363.2952 | Mig: 45.64% | Disp95: 107.2 | Ent: 13.06 | Mom: 0.79
..........[10/32] L:7.7848 TPS:1124.1 ..........[20/32] L:7.3800 TPS:1124.2 ..........[30/32] L:8.1908 TPS:1135.3 ..
[SYNC] Step 20 finalizing...
[PRIME] Step 20  | Loss: 357.2219 | Mig: 40.22% | Disp95: 110.3 | Ent: 13.06 | Mom: 0.73
..........[10/32] L:6.8757 TPS:1145.8 ..........[20/32] L:6.8202 TPS:1158.6 ..........[30/32] L:7.2327 TPS:1161.5 ..
[SYNC] Step 21 finalizing...
[PRIME] Step 21  | Loss: 351.3515 | Mig: 44.07% | Disp95: 114.5 | Ent: 13.06 | Mom: 0.83
..........[10/32] L:7.5565 TPS:1160.8 ..........[20/32] L:7.7166 TPS:1164.2 ..........[30/32] L:8.1994 TPS:1154.8 ..
[SYNC] Step 22 finalizing...
[PRIME] Step 22  | Loss: 346.5231 | Mig: 40.08% | Disp95: 117.3 | Ent: 13.06 | Mom: 0.85
..........[10/32] L:6.8017 TPS:1100.6 ..........[20/32] L:7.0504 TPS:1116.6 ..........[30/32] L:6.3035 TPS:1129.0 ..
[SYNC] Step 23 finalizing...
[PRIME] Step 23  | Loss: 341.7008 | Mig: 36.41% | Disp95: 120.2 | Ent: 13.06 | Mom: 0.76
..........[10/32] L:7.5901 TPS:1145.4 ..........[20/32] L:7.3105 TPS:1127.3 ..........[30/32] L:6.9360 TPS:1122.4 ..
[SYNC] Step 24 finalizing...
[PRIME] Step 24  | Loss: 337.3456 | Mig: 35.18% | Disp95: 123.8 | Ent: 13.06 | Mom: 0.78
..........[10/32] L:8.3979 TPS:1071.6 ..........[20/32] L:7.4566 TPS:1109.4 ..........[30/32] L:7.2735 TPS:1117.2 ..
[SYNC] Step 25 finalizing...
[PRIME] Step 25  | Loss: 333.1366 | Mig: 33.04% | Disp95: 126.8 | Ent: 13.06 | Mom: 0.74
..........[10/32] L:8.1418 TPS:1140.6 ..........[20/32] L:6.3313 TPS:1151.2 ..........[30/32] L:6.3485 TPS:1147.5 ..
[SYNC] Step 26 finalizing...
[PRIME] Step 26  | Loss: 329.0117 | Mig: 35.56% | Disp95: 129.9 | Ent: 13.06 | Mom: 0.76
..........[10/32] L:6.9111 TPS:1164.6 ..........[20/32] L:7.7435 TPS:1165.4 ..........[30/32] L:7.8768 TPS:1157.4 ..
[SYNC] Step 27 finalizing...
[PRIME] Step 27  | Loss: 325.6379 | Mig: 35.11% | Disp95: 133.0 | Ent: 13.06 | Mom: 0.78
..........[10/32] L:6.9240 TPS:1155.5 ..........[20/32] L:7.8824 TPS:1163.0 ..........[30/32] L:7.1860 TPS:1165.5 ..
[SYNC] Step 28 finalizing...
[PRIME] Step 28  | Loss: 322.1617 | Mig: 35.97% | Disp95: 137.5 | Ent: 13.06 | Mom: 0.75
..........[10/32] L:6.3303 TPS:1160.3 ..........[20/32] L:7.8057 TPS:1145.3 ..........[30/32] L:7.6607 TPS:1142.2 ..
[SYNC] Step 29 finalizing...
[PRIME] Step 29  | Loss: 318.6721 | Mig: 36.06% | Disp95: 139.4 | Ent: 13.06 | Mom: 0.78
..........[10/32] L:8.3060 TPS:1152.0 ..........[20/32] L:6.4872 TPS:1141.4 ..........[30/32] L:6.3345 TPS:1139.3 ..
[SYNC] Step 30 finalizing...
[PRIME] Step 30  | Loss: 315.7171 | Mig: 35.79% | Disp95: 143.1 | Ent: 13.06 | Mom: 0.78
..........[10/32] L:5.8442 TPS:1127.5 ..........[20/32] L:7.0615 TPS:1131.4 ..........[30/32] L:7.0355 TPS:1136.1 ..
[SYNC] Step 31 finalizing...
[PRIME] Step 31  | Loss: 312.7904 | Mig: 32.26% | Disp95: 145.6 | Ent: 13.06 | Mom: 0.72
..........[10/32] L:8.1169 TPS:1111.9 ..........[20/32] L:6.3568 TPS:1121.5 ..........[30/32] L:8.3387 TPS:1123.3 ..
[SYNC] Step 32 finalizing...
[PRIME] Step 32  | Loss: 309.9688 | Mig: 33.57% | Disp95: 149.0 | Ent: 13.06 | Mom: 0.74
..........[10/32] L:7.3882 TPS:1146.8 ..........[20/32] L:6.1976 TPS:1142.7 ..........[30/32] L:7.7727 TPS:1142.4 ..
[SYNC] Step 33 finalizing...
[PRIME] Step 33  | Loss: 307.0608 | Mig: 34.34% | Disp95: 151.2 | Ent: 13.06 | Mom: 0.74
..........[10/32] L:7.8752 TPS:1132.4 ..........[20/32] L:6.8988 TPS:1131.9 ..........[30/32] L:8.5922 TPS:1136.5 ..
[SYNC] Step 34 finalizing...
[PRIME] Step 34  | Loss: 304.7656 | Mig: 37.27% | Disp95: 154.6 | Ent: 13.06 | Mom: 0.79
..........[10/32] L:7.5335 TPS:1102.6 ..........[20/32] L:5.7594 TPS:1107.4 ..........[30/32] L:6.5200 TPS:1110.9 ..
[SYNC] Step 35 finalizing...
[PRIME] Step 35  | Loss: 302.2492 | Mig: 34.48% | Disp95: 157.9 | Ent: 13.06 | Mom: 0.76
..........[10/32] L:5.5862 TPS:1139.3 ..........[20/32] L:5.5951 TPS:1145.3 ..........[30/32] L:7.6159 TPS:1145.0 ..
[SYNC] Step 36 finalizing...
[PRIME] Step 36  | Loss: 300.1679 | Mig: 37.03% | Disp95: 160.7 | Ent: 13.06 | Mom: 0.76
..........[10/32] L:7.2549 TPS:1145.1 ..........[20/32] L:7.1504 TPS:1160.3 ..........[30/32] L:6.8646 TPS:1155.2 ..
[SYNC] Step 37 finalizing...
[PRIME] Step 37  | Loss: 297.9416 | Mig: 32.80% | Disp95: 163.0 | Ent: 13.06 | Mom: 0.69
..........[10/32] L:6.2121 TPS:1129.7 ..........[20/32] L:8.8602 TPS:1128.3 ..........[30/32] L:5.8791 TPS:1126.3 ..
[SYNC] Step 38 finalizing...
[PRIME] Step 38  | Loss: 295.9247 | Mig: 34.86% | Disp95: 165.8 | Ent: 13.06 | Mom: 0.75
..........[10/32] L:7.4914 TPS:1097.2 ..........[20/32] L:6.4941 TPS:1123.1 ..........[30/32] L:7.4616 TPS:1134.9 ..
[SYNC] Step 39 finalizing...
[PRIME] Step 39  | Loss: 293.8312 | Mig: 32.70% | Disp95: 168.3 | Ent: 13.06 | Mom: 0.68
..........[10/32] L:6.9284 TPS:1096.7 ..........[20/32] L:6.6900 TPS:1091.9 ..........[30/32] L:8.4360 TPS:1095.9 ..
[SYNC] Step 40 finalizing...
[PRIME] Step 40  | Loss: 292.2509 | Mig: 33.80% | Disp95: 171.1 | Ent: 13.06 | Mom: 0.73
..........[10/32] L:7.4046 TPS:1110.9 ..........[20/32] L:7.0743 TPS:1130.4 ..........[30/32] L:6.6375 TPS:1136.3 ..
[SYNC] Step 41 finalizing...
[PRIME] Step 41  | Loss: 290.5810 | Mig: 32.90% | Disp95: 173.3 | Ent: 13.06 | Mom: 0.73
..........[10/32] L:7.4810 TPS:1145.1 ..........[20/32] L:7.0482 TPS:1154.3 ..........[30/32] L:5.9450 TPS:1144.9 ..
[SYNC] Step 42 finalizing...
[PRIME] Step 42  | Loss: 288.8161 | Mig: 35.57% | Disp95: 177.0 | Ent: 13.06 | Mom: 0.74
..........[10/32] L:5.8415 TPS:1132.5 ..........[20/32] L:7.0889 TPS:1135.0 ..........[30/32] L:6.3712 TPS:1141.5 ..
[SYNC] Step 43 finalizing...
[PRIME] Step 43  | Loss: 286.9993 | Mig: 32.86% | Disp95: 179.8 | Ent: 13.06 | Mom: 0.72
..........[10/32] L:7.7087 TPS:1135.9 ..........[20/32] L:7.4671 TPS:1121.2 ..........[30/32] L:7.0129 TPS:1125.9 ..
[SYNC] Step 44 finalizing...
[PRIME] Step 44  | Loss: 285.3846 | Mig: 33.30% | Disp95: 182.3 | Ent: 13.06 | Mom: 0.74
..........[10/32] L:5.4216 TPS:1124.0 ..........[20/32] L:5.3767 TPS:1123.7 ..........[30/32] L:8.3266 TPS:1131.3 ..
[SYNC] Step 45 finalizing...
[PRIME] Step 45  | Loss: 283.7583 | Mig: 32.15% | Disp95: 184.2 | Ent: 13.06 | Mom: 0.73
..........[10/32] L:6.2882 TPS:1131.8 ..........[20/32] L:7.5501 TPS:1143.2 ..........[30/32] L:8.0980 TPS:1146.9 ..
[SYNC] Step 46 finalizing...
[PRIME] Step 46  | Loss: 282.4829 | Mig: 32.56% | Disp95: 187.3 | Ent: 13.06 | Mom: 0.74
..........[10/32] L:6.5363 TPS:1098.1 ..........[20/32] L:6.5306 TPS:1102.7 ..........[30/32] L:7.0086 TPS:1096.4 ..
[SYNC] Step 47 finalizing...
[PRIME] Step 47  | Loss: 280.9064 | Mig: 36.32% | Disp95: 190.4 | Ent: 13.06 | Mom: 0.78
..........[10/32] L:5.9293 TPS:1134.3 ..........[20/32] L:7.0474 TPS:1150.6 ..........[30/32] L:5.3402 TPS:1167.9 ..
[SYNC] Step 48 finalizing...
[PRIME] Step 48  | Loss: 279.6145 | Mig: 35.85% | Disp95: 192.9 | Ent: 13.06 | Mom: 0.81
..........[10/32] L:6.5589 TPS:1162.1 ..........[20/32] L:7.3707 TPS:1165.9 ..........[30/32] L:6.9077 TPS:1143.2 ..
[SYNC] Step 49 finalizing...
[PRIME] Step 49  | Loss: 278.2020 | Mig: 32.39% | Disp95: 196.3 | Ent: 13.06 | Mom: 0.72
..........[10/32] L:6.2108 TPS:1113.6 ..........[20/32] L:6.5995 TPS:1117.1 ..........[30/32] L:5.2463 TPS:1132.3 ..
[SYNC] Step 50 finalizing...
[TRINITY] Thermal noise injection at step 50...
[PRIME] Step 50  | Loss: 276.7516 | Mig: 33.03% | Disp95: 199.3 | Ent: 13.06 | Mom: 0.73
[CKPT] Saved prime_step_b_50.pt
..........[10/32] L:7.2835 TPS:1039.0 .....
============================================================
[PRIME] Mamba-130m PRIME Training — PID 2164706
[PRIME] Device: cuda
============================================================
[INIT] Loading tokenizer and base architecture...
.....[20/32] L:5.2747 TPS:1048.0 ......Loading weights:   0%|          | 0/242 [00:00<?, ?it/s]Loading weights: 100%|##########| 242/242 [00:00<00:00, 6834.66it/s]
.[PRIME] LUT built: 65536 points, range [-2.0000, 2.0000]
..[LOAD] checkpoint step: 50
[LOAD] PRIME layers restored: 97
[LOAD] LUT entries referenced: 65536
.[30/32] L:6.7407 TPS:1028.6 [LOAD] total parameters restored successfully (missing: 288, unexpected: 72)
       Missing example: backbone.layers.0.mixer.x_proj.scale
[INIT] Moving model to CPU for generation (GPU is busy training)...

==================================================
      GENERATION TESTS (STEP 50 CHECKPOINT)
==================================================

[PROMPT] Explain gravity:
..
[SYNC] Step 51 finalizing...
[PRIME] Step 51  | Loss: 275.5302 | Mig: 33.99% | Disp95: 201.6 | Ent: 13.06 | Mom: 0.74
..........[10/32] L:6.5165 TPS:862.3 ..........[20/32] L:5.7331 TPS:929.2 ..........[30/32] L:8.4718 TPS:980.0 ..
[SYNC] Step 52 finalizing...
[PRIME] Step 52  | Loss: 274.4577 | Mig: 35.51% | Disp95: 203.8 | Ent: 13.06 | Mom: 0.74
...
============================================================
[PRIME] Mamba-130m PRIME Training — PID 2164862
[PRIME] Device: cuda
============================================================
[INIT] Loading tokenizer and base architecture...
.......[10/32] L:7.2069 TPS:1056.2 .....Loading weights:   0%|          | 0/242 [00:00<?, ?it/s]Loading weights: 100%|##########| 242/242 [00:00<00:00, 6680.63it/s]
.[PRIME] LUT built: 65536 points, range [-2.0000, 2.0000]
.[LOAD] checkpoint step: 50
[LOAD] PRIME layers restored: 25
[LOAD] LUT entries referenced: 65536
.[LOAD] total parameters restored successfully (missing: 0, unexpected: 0)
[INIT] Moving model to CPU for generation (GPU is busy training)...

==================================================
      GENERATION TESTS (STEP 50 CHECKPOINT)
==================================================

[PROMPT] Explain gravity:
..[20/32] L:6.9176 TPS:974.4 ..........[30/32] L:5.2978 TPS:912.3 ..
[SYNC] Step 53 finalizing...
[PRIME] Step 53  | Loss: 273.2531 | Mig: 32.11% | Disp95: 207.5 | Ent: 13.06 | Mom: 0.69
..........[10/32] L:6.3491 TPS:916.9 ..........[20/32] L:5.4149 TPS:897.7 ..........[30/32] L:8.9892 TPS:879.3 ..
[SYNC] Step 54 finalizing...
[PRIME] Step 54  | Loss: 272.0222 | Mig: 34.94% | Disp95: 210.3 | Ent: 13.06 | Mom: 0.74
........[OUTPUT]
def# in =,_return_ incarceroneliness**(-. incarceroneliness \*\*\*,_return(return)
def# a:
    return = -(return))
def
--------------------------------------------------

[PROMPT] Write Python code for a fibonacci function:
```python

..[10/32] L:6.7486 TPS:900.0 ..........[20/32] L:7.8812 TPS:861.6 ..........[30/32] L:6.9317 TPS:853.0 ..
[SYNC] Step 55 finalizing...
[PRIME] Step 55  | Loss: 270.9229 | Mig: 32.18% | Disp95: 212.8 | Ent: 13.06 | Mom: 0.69
..........[10/32] L:7.0903 TPS:880.6 ..........[20/32] L:6.9564 TPS:898.1 ..........[30/32] L:7.0173 TPS:904.8 ..
[SYNC] Step 56 finalizing...
[PRIME] Step 56  | Loss: 269.8788 | Mig: 35.40% | Disp95: 215.1 | Ent: 13.06 | Mom: 0.75
..........[10/32] L:6.8489 TPS:911.3 ..........[20/32] L:5.4923 TPS:913.1 ..........[30/32] L:5.0935 TPS:894.0 ..
[SYNC] Step 57 finalizing...
[PRIME] Step 57  | Loss: 268.7861 | Mig: 34.83% | Disp95: 217.7 | Ent: 13.06 | Mom: 0.70
....[OUTPUT]
        def_return,,)
    return_):
    def(#s_def                        (def(    return():
def# in(    def):
    ):
    return,_print)
    ):
    ):
    print
--------------------------------------------------

[PROMPT] The capital of France is
......[10/32] L:8.5823 TPS:872.6 ..........[20/32] L:4.8647 TPS:873.4 ..........[30/32] L:6.5921 TPS:873.8 ..
[SYNC] Step 58 finalizing...
[PRIME] Step 58  | Loss: 267.8014 | Mig: 35.19% | Disp95: 220.9 | Ent: 13.06 | Mom: 0.74
..........[10/32] L:5.3387 TPS:892.6 ..........[20/32] L:6.8178 TPS:905.9 ..........[30/32] L:7.5829 TPS:917.2 ..
[SYNC] Step 59 finalizing...
[OUTPUT]
def(
def(le_print =(return(return(
    def):
    return(return,_def_    return(8 in a in a, *
--------------------------------------------------

[PROMPT] Question: What is 2+2?
Answer:
[PRIME] Step 59  | Loss: 266.8019 | Mig: 32.85% | Disp95: 223.1 | Ent: 13.06 | Mom: 0.67
.......[OUTPUT]
):
def(print
--------------------------------------------------

[PROMPT] Write a python function def quicksort(arr):
...[10/32] L:6.8978 TPS:847.6 ..........[20/32] L:7.3008 TPS:959.4 ..........[30/32] L:7.3972 TPS:1015.7 ..
[SYNC] Step 60 finalizing...
[PRIME] Step 60  | Loss: 265.7340 | Mig: 34.93% | Disp95: 225.2 | Ent: 13.06 | Mom: 0.66
..........[10/32] L:6.4941 TPS:1067.8 ..........[20/32] L:7.2798 TPS:1077.0 ..........[30/32] L:6.3488 TPS:1075.7 ..
[SYNC] Step 61 finalizing...
[PRIME] Step 61  | Loss: 264.6734 | Mig: 36.08% | Disp95: 228.2 | Ent: 13.06 | Mom: 0.72
..........[10/32] L:5.6200 TPS:1094.2 ..........[20/32] L:7.0621 TPS:1109.1 ..........[30/32] L:6.3745 TPS:1109.0 ..
[SYNC] Step 62 finalizing...
[PRIME] Step 62  | Loss: 263.6991 | Mig: 32.17% | Disp95: 231.0 | Ent: 13.06 | Mom: 0.65
..........[10/32] L:4.4794 TPS:1135.7 ..........[20/32] L:6.8150 TPS:1126.8 ..........[30/32] L:6.7950 TPS:1125.4 ..
[SYNC] Step 63 finalizing...
[PRIME] Step 63  | Loss: 262.6782 | Mig: 32.54% | Disp95: 233.8 | Ent: 13.06 | Mom: 0.66
..........[10/32] L:5.6756 TPS:1052.1 ..........[20/32] L:5.6886 TPS:1066.1 ..........[30/32] L:7.3349 TPS:1070.1 ..
[SYNC] Step 64 finalizing...
[PRIME] Step 64  | Loss: 261.8171 | Mig: 32.67% | Disp95: 236.0 | Ent: 13.06 | Mom: 0.67
..........[10/32] L:7.1157 TPS:1092.4 ..........[20/32] L:6.8092 TPS:1103.6 ..........[30/32] L:5.1277 TPS:1117.2 ..
[SYNC] Step 65 finalizing...
[PRIME] Step 65  | Loss: 260.9471 | Mig: 32.66% | Disp95: 239.4 | Ent: 13.06 | Mom: 0.66
..........[10/32] L:7.2745 TPS:1172.0 ..........[20/32] L:7.0975 TPS:1172.6 ..........[30/32] L:6.7698 TPS:1183.2 ..
[SYNC] Step 66 finalizing...
[PRIME] Step 66  | Loss: 260.0599 | Mig: 33.49% | Disp95: 242.2 | Ent: 13.06 | Mom: 0.69
..........[10/32] L:6.8217 TPS:1179.7 ..........[20/32] L:5.9011 TPS:1188.7 ..........[30/32] L:6.5555 TPS:1166.7 ..
[SYNC] Step 67 finalizing...
[PRIME] Step 67  | Loss: 259.0843 | Mig: 36.62% | Disp95: 244.2 | Ent: 13.06 | Mom: 0.71
..........[10/32] L:4.9296 TPS:1160.7 ..........[20/32] L:5.0367 TPS:1151.6 ..........[30/32] L:6.8169 TPS:1139.0 ..
[SYNC] Step 68 finalizing...
[PRIME] Step 68  | Loss: 258.1610 | Mig: 36.39% | Disp95: 247.2 | Ent: 13.06 | Mom: 0.72
..........[10/32] L:5.8038 TPS:1168.5 ..........[20/32] L:6.5227 TPS:1142.9 ..........[30/32] L:6.4381 TPS:1132.5 ..
[SYNC] Step 69 finalizing...
[PRIME] Step 69  | Loss: 257.3000 | Mig: 39.31% | Disp95: 249.5 | Ent: 13.06 | Mom: 0.70
..........[10/32] L:5.8027 TPS:1152.2 ..........[20/32] L:4.8468 TPS:1151.4 ..........[30/32] L:5.6506 TPS:1149.8 ..
[SYNC] Step 70 finalizing...
[PRIME] Step 70  | Loss: 256.4852 | Mig: 37.99% | Disp95: 252.3 | Ent: 13.06 | Mom: 0.74
..........[10/32] L:5.9960 TPS:1155.0 ..........[20/32] L:5.8082 TPS:1155.2 ..........[30/32] L:5.8721 TPS:1155.4 ..
[SYNC] Step 71 finalizing...
[PRIME] Step 71  | Loss: 255.7045 | Mig: 38.14% | Disp95: 254.8 | Ent: 13.06 | Mom: 0.68
..........[10/32] L:5.7687 TPS:1156.3 ..........[20/32] L:5.1514 TPS:1137.8 ..........[30/32] L:5.4170 TPS:1128.7 ..
[SYNC] Step 72 finalizing...
[PRIME] Step 72  | Loss: 254.8478 | Mig: 41.89% | Disp95: 258.1 | Ent: 13.06 | Mom: 0.75
..........[10/32] L:7.9493 TPS:1088.2 ..........[20/32] L:5.7941 TPS:1102.6 ..........[30/32] L:5.2651 TPS:1109.7 ..
[SYNC] Step 73 finalizing...
[PRIME] Step 73  | Loss: 254.0252 | Mig: 36.79% | Disp95: 259.6 | Ent: 13.06 | Mom: 0.66
..........[10/32] L:6.1819 TPS:1125.9 ..........[20/32] L:5.3950 TPS:1132.1 ..........[30/32] L:7.0421 TPS:1128.7 ..
[SYNC] Step 74 finalizing...
[PRIME] Step 74  | Loss: 253.3310 | Mig: 42.47% | Disp95: 262.5 | Ent: 13.06 | Mom: 0.71
..........[10/32] L:7.4573 TPS:752.2 ..........[20/32] L:5.9562 TPS:897.0 ..........[30/32] L:6.9492 TPS:953.2 ..
[SYNC] Step 75 finalizing...
[PRIME] Step 75  | Loss: 252.6325 | Mig: 33.86% | Disp95: 264.3 | Ent: 13.06 | Mom: 0.59
..........[10/32] L:7.1103 TPS:1093.0 ..........[20/32] L:6.7123 TPS:1110.4 ..........[30/32] L:4.9835 TPS:1118.8 ..
[SYNC] Step 76 finalizing...
[PRIME] Step 76  | Loss: 251.8059 | Mig: 46.70% | Disp95: 266.8 | Ent: 13.06 | Mom: 0.77
..........[10/32] L:5.5286 TPS:1140.9 ..........[20/32] L:6.3400 TPS:1143.2 ..........[30/32] L:6.5671 TPS:1145.1 ..
[SYNC] Step 77 finalizing...
[PRIME] Step 77  | Loss: 251.2378 | Mig: 40.26% | Disp95: 268.9 | Ent: 13.06 | Mom: 0.72
..........[10/32] L:5.5386 TPS:1117.4 ..........[20/32] L:6.1626 TPS:1120.9 ..........[30/32] L:4.7949 TPS:1123.8 ..
[SYNC] Step 78 finalizing...
[PRIME] Step 78  | Loss: 250.6842 | Mig: 40.43% | Disp95: 270.5 | Ent: 13.06 | Mom: 0.67
..........[10/32] L:7.0056 TPS:1074.3 ..........[20/32] L:5.3170 TPS:1119.7 ..........[30/32] L:5.9656 TPS:1122.8 ..
[SYNC] Step 79 finalizing...
[PRIME] Step 79  | Loss: 249.9660 | Mig: 46.75% | Disp95: 272.7 | Ent: 13.06 | Mom: 0.76
..........[10/32] L:7.7791 TPS:1133.6 ..........[20/32] L:5.8926 TPS:1148.2 ..........[30/32] L:5.7293 TPS:1148.1 ..
[SYNC] Step 80 finalizing...
[PRIME] Step 80  | Loss: 249.4591 | Mig: 41.00% | Disp95: 275.2 | Ent: 13.06 | Mom: 0.79
..........[10/32] L:6.8540 TPS:1153.0 ..........[20/32] L:4.8318 TPS:1162.7 ..........[30/32] L:6.9764 TPS:1160.0 ..
[SYNC] Step 81 finalizing...
[PRIME] Step 81  | Loss: 248.8304 | Mig: 41.48% | Disp95: 277.8 | Ent: 13.06 | Mom: 0.73
..........[10/32] L:5.4243 TPS:1086.0 ..........[20/32] L:6.0812 TPS:1095.1 ..........[30/32] L:5.5598 TPS:1099.3 ..
[SYNC] Step 82 finalizing...
[PRIME] Step 82  | Loss: 248.2310 | Mig: 39.70% | Disp95: 280.1 | Ent: 13.06 | Mom: 0.66
..........[10/32] L:7.2342 TPS:1123.0 ..........[20/32] L:5.3935 TPS:1125.6 ..........[30/32] L:5.0938 TPS:1133.7 ..
[SYNC] Step 83 finalizing...
[PRIME] Step 83  | Loss: 247.6238 | Mig: 52.84% | Disp95: 281.7 | Ent: 13.06 | Mom: 0.80
..........[10/32] L:6.8854 TPS:1150.4 ..........[20/32] L:8.2067 TPS:1144.0 ..........[30/32] L:6.8565 TPS:1142.8 ..
[SYNC] Step 84 finalizing...
[PRIME] Step 84  | Loss: 247.5375 | Mig: 39.94% | Disp95: 284.5 | Ent: 13.06 | Mom: 0.66
..........[10/32] L:5.2607 TPS:1133.4 ..........[20/32] L:6.3858 TPS:1138.2 ..........[30/32] L:6.7213 TPS:1130.0 ..
[SYNC] Step 85 finalizing...
[PRIME] Step 85  | Loss: 247.1428 | Mig: 77.35% | Disp95: 288.7 | Ent: 13.06 | Mom: 1.16
..........[10/32] L:7.4530 TPS:1139.0 ..........[20/32] L:7.7279 TPS:1137.9 ..........[30/32] L:7.1489 TPS:1137.7 ..
[SYNC] Step 86 finalizing...
[PRIME] Step 86  | Loss: 246.9797 | Mig: 37.78% | Disp95: 290.6 | Ent: 13.06 | Mom: 0.73
..........[10/32] L:6.8393 TPS:1128.8 ..........[20/32] L:5.8420 TPS:1130.9 ..........[30/32] L:4.6672 TPS:1130.7 ..
[SYNC] Step 87 finalizing...
[PRIME] Step 87  | Loss: 246.3704 | Mig: 65.82% | Disp95: 291.8 | Ent: 13.06 | Mom: 0.93
..........[10/32] L:6.3387 TPS:1109.3 ..........[20/32] L:6.4890 TPS:1114.8 ..........[30/32] L:5.1081 TPS:1131.6 ..
[SYNC] Step 88 finalizing...
[PRIME] Step 88  | Loss: 245.9462 | Mig: 34.45% | Disp95: 294.0 | Ent: 13.06 | Mom: 0.60
..........[10/32] L:5.4557 TPS:1143.4 ..........[20/32] L:4.3582 TPS:1132.2 ..........[30/32] L:6.8710 TPS:1139.7 ..
[SYNC] Step 89 finalizing...
[PRIME] Step 89  | Loss: 245.3705 | Mig: 71.28% | Disp95: 296.9 | Ent: 13.06 | Mom: 1.00
..........[10/32] L:6.9080 TPS:1063.0 ..........[20/32] L:7.0472 TPS:1071.2 ..........[30/32] L:6.0594 TPS:1079.1 ..
[SYNC] Step 90 finalizing...
[PRIME] Step 90  | Loss: 245.0000 | Mig: 35.35% | Disp95: 299.6 | Ent: 13.06 | Mom: 0.63
..........[10/32] L:4.9103 TPS:1134.9 ..........[20/32] L:6.4315 TPS:1144.4 ..........[30/32] L:8.1211 TPS:1150.1 ..
[SYNC] Step 91 finalizing...
[PRIME] Step 91  | Loss: 244.6342 | Mig: 69.99% | Disp95: 301.0 | Ent: 13.06 | Mom: 0.99
..........[10/32] L:6.5509 TPS:1136.4 ..........[20/32] L:7.9065 TPS:1131.0 ..........[30/32] L:6.0986 TPS:1137.4 ..
[SYNC] Step 92 finalizing...
[PRIME] Step 92  | Loss: 244.3007 | Mig: 34.97% | Disp95: 303.2 | Ent: 13.06 | Mom: 0.63
..........[10/32] L:7.4291 TPS:1132.0 ..........[20/32] L:6.8762 TPS:1132.8 ..........[30/32] L:6.2128 TPS:1147.8 ..
[SYNC] Step 93 finalizing...
[PRIME] Step 93  | Loss: 243.8232 | Mig: 72.03% | Disp95: 305.8 | Ent: 13.06 | Mom: 1.01
..........[10/32] L:7.0355 TPS:1137.6 ..........[20/32] L:5.3982 TPS:1145.1 ..........[30/32] L:4.7370 TPS:1144.7 ..
[SYNC] Step 94 finalizing...
[PRIME] Step 94  | Loss: 243.5421 | Mig: 35.07% | Disp95: 308.3 | Ent: 13.06 | Mom: 0.65
..........[10/32] L:7.3591 TPS:1150.6 ..........[20/32] L:5.7551 TPS:1152.3 ..........[30/32] L:6.9068 TPS:1151.1 ..
[SYNC] Step 95 finalizing...
[PRIME] Step 95  | Loss: 243.1727 | Mig: 68.99% | Disp95: 311.0 | Ent: 13.06 | Mom: 0.94
..........[10/32] L:6.8808 TPS:1121.3 ..........[20/32] L:6.2253 TPS:1134.3 ..........[30/32] L:6.0266 TPS:1127.8 ..
[SYNC] Step 96 finalizing...
[PRIME] Step 96  | Loss: 242.7884 | Mig: 32.21% | Disp95: 312.6 | Ent: 13.06 | Mom: 0.58
..........[10/32] L:5.7919 TPS:1161.2 ..........[20/32] L:5.7284 TPS:1164.0 ..........[30/32] L:6.5693 TPS:1157.8 ..
[SYNC] Step 97 finalizing...
[PRIME] Step 97  | Loss: 242.2516 | Mig: 68.43% | Disp95: 314.7 | Ent: 13.06 | Mom: 0.93
..........[10/32] L:6.5078 TPS:1171.3 ..........[20/32] L:7.1551 TPS:1170.9 ..........[30/32] L:5.8771 TPS:1165.9 ..
[SYNC] Step 98 finalizing...
[PRIME] Step 98  | Loss: 241.8835 | Mig: 33.33% | Disp95: 316.7 | Ent: 13.06 | Mom: 0.58
..........[10/32] L:5.7176 TPS:1150.9 ..........[20/32] L:5.8454 TPS:1146.1 ..........[30/32] L:5.5905 TPS:1149.3 ..
[SYNC] Step 99 finalizing...
[PRIME] Step 99  | Loss: 241.3938 | Mig: 74.23% | Disp95: 320.0 | Ent: 13.06 | Mom: 1.05
..........[10/32] L:6.5004 TPS:1152.4 ..........[20/32] L:7.1046 TPS:1135.4 ..........[30/32] L:7.2649 TPS:1137.5 ..
[SYNC] Step 100 finalizing...
[TRINITY] Thermal noise injection at step 100...
[PRIME] Step 100  | Loss: 241.0689 | Mig: 34.66% | Disp95: 322.0 | Ent: 13.06 | Mom: 0.65
[CKPT] Saved prime_step_b_100.pt
..........[10/32] L:6.5759 TPS:1133.2 ..........[20/32] L:6.8777 TPS:1132.8 ..........[30/32] L:7.5470 TPS:1132.6 ..
[SYNC] Step 101 finalizing...
[PRIME] Step 101  | Loss: 240.6763 | Mig: 67.50% | Disp95: 324.5 | Ent: 13.06 | Mom: 0.95
..........[10/32] L:5.7135 TPS:1127.6 ..........[20/32] L:5.7350 TPS:1126.1 ..........[30/32] L:5.9728 TPS:1126.9 ..
[SYNC] Step 102 finalizing...
[PRIME] Step 102  | Loss: 240.4090 | Mig: 35.76% | Disp95: 326.2 | Ent: 13.06 | Mom: 0.63
..........[10/32] L:5.7532 TPS:1074.4 .....
============================================================
[PRIME] Mamba-130m PRIME Training — PID 2166004
[PRIME] Device: cuda
============================================================
[INIT] Loading tokenizer and base architecture...
.....[20/32] L:4.7070 TPS:1080.9 .......Loading weights:   0%|          | 0/242 [00:00<?, ?it/s]Loading weights: 100%|##########| 242/242 [00:00<00:00, 6304.44it/s]
..[PRIME] LUT built: 65536 points, range [-2.0000, 2.0000]
[LOAD] checkpoint step: 100
[LOAD] PRIME layers restored: 25
[LOAD] LUT entries referenced: 65536
.[30/32] L:7.9759 TPS:1056.0 .[LOAD] total parameters restored successfully (missing: 0, unexpected: 0)
[INIT] Moving model to CPU for generation (GPU is busy training)...

==================================================
      GENERATION TESTS (STEP 100 CHECKPOINT)
==================================================

[PROMPT] Explain gravity:
.
[SYNC] Step 103 finalizing...
[PRIME] Step 103  | Loss: 240.0496 | Mig: 63.27% | Disp95: 328.2 | Ent: 13.06 | Mom: 0.88
..........[10/32] L:6.2879 TPS:883.9 ..........[20/32] L:6.0003 TPS:876.6 ..........[30/32] L:5.8557 TPS:896.2 ..
[SYNC] Step 104 finalizing...
[PRIME] Step 104  | Loss: 239.7098 | Mig: 33.65% | Disp95: 331.4 | Ent: 13.06 | Mom: 0.57
.....[OUTPUT]
    def_print(        return, ands,s):
    return the_print):
        return, 7,2
--------------------------------------------------

[PROMPT] Write Python code for a fibonacci function:
```python

.....[10/32] L:4.9365 TPS:846.0 ..........[20/32] L:7.0024 TPS:846.0 ..........[30/32] L:5.5526 TPS:857.3 [OUTPUT]
def(
    return in the in in_once)


--------------------------------------------------

[PROMPT] The capital of France is
..
[SYNC] Step 105 finalizing...
[PRIME] Step 105  | Loss: 239.2514 | Mig: 68.34% | Disp95: 334.0 | Ent: 13.06 | Mom: 0.96
..........[10/32] L:7.7395 TPS:841.9 ..........[20/32] L:7.9273 TPS:821.1 ..........[30/32] L:6.8278 TPS:850.5 [OUTPUT]
    return:
def#l.return:
        if in the the the a:
def
--------------------------------------------------

[PROMPT] Question: What is 2+2?
Answer:
..
[SYNC] Step 106 finalizing...
[PRIME] Step 106  | Loss: 239.0234 | Mig: 33.79% | Disp95: 335.8 | Ent: 13.06 | Mom: 0.60
..........[10/32] L:7.2536 TPS:868.3 ..........[20/32] L:5.3551 TPS:881.4 [OUTPUT]
def_how.even)

    return a the = in
--------------------------------------------------

[PROMPT] Write a python function def quicksort(arr):
..........[30/32] L:7.4955 TPS:872.5 ..
[SYNC] Step 107 finalizing...
[PRIME] Step 107  | Loss: 238.6930 | Mig: 73.21% | Disp95: 339.3 | Ent: 13.06 | Mom: 1.04
..........[10/32] L:7.8619 TPS:910.9 ..........[20/32] L:4.9640 TPS:901.4 ..........[30/32] L:6.1252 TPS:902.7 ..
[SYNC] Step 108 finalizing...
[PRIME] Step 108  | Loss: 238.3934 | Mig: 33.05% | Disp95: 340.3 | Ent: 13.06 | Mom: 0.62
..........[10/32] L:5.5282 TPS:899.4 ..........[20/32] L:6.8056 TPS:887.2 ..........[30/32] L:4.6776 TPS:890.7 ..
[SYNC] Step 109 finalizing...
[PRIME] Step 109  | Loss: 237.9737 | Mig: 62.66% | Disp95: 342.8 | Ent: 13.06 | Mom: 0.88
..........[10/32] L:6.9985 TPS:897.3 ..........[20/32] L:6.3942 TPS:898.7 ..........[30/32] L:7.0822 TPS:900.7 ..
[SYNC] Step 110 finalizing...
[OUTPUT]
    print = = "print):
    print = "print(print = 2.return for 6(print)

def:
    return a_however = =)

def, 
    return)
    return.number.return_return:
        return_numer(2(while.print):
def
--------------------------------------------------
[PRIME] Step 110  | Loss: 237.6796 | Mig: 35.08% | Disp95: 344.4 | Ent: 13.06 | Mom: 0.60
..........[10/32] L:5.8606 TPS:1105.6 ..........[20/32] L:6.3007 TPS:1126.8 ..........[30/32] L:5.9972 TPS:1111.5 ..
[SYNC] Step 111 finalizing...
[PRIME] Step 111  | Loss: 237.1929 | Mig: 68.78% | Disp95: 347.0 | Ent: 13.06 | Mom: 1.00
..........[10/32] L:7.4345 TPS:1080.3 ..........[20/32] L:7.5468 TPS:1083.8 ..........[30/32] L:6.3111 TPS:1084.0 ..
[SYNC] Step 112 finalizing...
[PRIME] Step 112  | Loss: 236.9660 | Mig: 36.84% | Disp95: 350.0 | Ent: 13.06 | Mom: 0.66
..........[10/32] L:6.5982 TPS:1080.4 ..........[20/32] L:6.8329 TPS:1082.5 ..........[30/32] L:7.4361 TPS:1079.2 ..
[SYNC] Step 113 finalizing...
[PRIME] Step 113  | Loss: 236.6910 | Mig: 69.05% | Disp95: 352.2 | Ent: 13.06 | Mom: 1.00
..........[10/32] L:5.6422 TPS:1064.1 ..........[20/32] L:7.5604 TPS:1065.4 ..........[30/32] L:6.1315 TPS:1067.3 ..
[SYNC] Step 114 finalizing...
[PRIME] Step 114  | Loss: 236.4702 | Mig: 36.00% | Disp95: 354.2 | Ent: 13.06 | Mom: 0.64
..........[10/32] L:6.3498 TPS:1071.2 ..........[20/32] L:5.1740 TPS:1074.6 ..........[30/32] L:7.4130 TPS:1078.1 ..
[SYNC] Step 115 finalizing...
[PRIME] Step 115  | Loss: 236.0733 | Mig: 67.88% | Disp95: 355.7 | Ent: 13.06 | Mom: 0.97
..........[10/32] L:5.3945 TPS:1058.7 ..........[20/32] L:8.1885 TPS:1055.2 ..........[30/32] L:6.8911 TPS:1050.2 ..
[SYNC] Step 116 finalizing...
[PRIME] Step 116  | Loss: 235.8012 | Mig: 36.10% | Disp95: 357.9 | Ent: 13.06 | Mom: 0.63
..........[10/32] L:6.3727 TPS:1066.2 ..........[20/32] L:7.1027 TPS:1072.2 ..........[30/32] L:5.2073 TPS:1073.3 ..
[SYNC] Step 117 finalizing...
[PRIME] Step 117  | Loss: 235.4892 | Mig: 66.57% | Disp95: 360.6 | Ent: 13.06 | Mom: 0.95
..........[10/32] L:7.1239 TPS:1061.9 ..........[20/32] L:6.3462 TPS:1065.9 ..........[30/32] L:5.3014 TPS:1068.9 ..
[SYNC] Step 118 finalizing...
[PRIME] Step 118  | Loss: 235.1535 | Mig: 36.14% | Disp95: 362.3 | Ent: 13.06 | Mom: 0.63
..........[10/32] L:6.0289 TPS:1029.3 ..........[20/32] L:5.8515 TPS:1045.5 ..........[30/32] L:5.5192 TPS:1065.8 ..
[SYNC] Step 119 finalizing...
[PRIME] Step 119  | Loss: 234.7094 | Mig: 66.88% | Disp95: 365.1 | Ent: 13.06 | Mom: 0.96
..........[10/32] L:6.3374 TPS:1079.4 ..........[20/32] L:5.1047 TPS:1088.9 ..........[30/32] L:5.0490 TPS:1094.8 ..
[SYNC] Step 120 finalizing...
[PRIME] Step 120  | Loss: 234.4025 | Mig: 38.95% | Disp95: 366.9 | Ent: 13.06 | Mom: 0.69
..........[10/32] L:5.7713 TPS:1148.6 ..........[20/32] L:4.7222 TPS:1142.8 ..........[30/32] L:5.9634 TPS:1142.3 ..
[SYNC] Step 121 finalizing...
[PRIME] Step 121  | Loss: 234.1253 | Mig: 61.67% | Disp95: 369.6 | Ent: 13.07 | Mom: 0.92
..........[10/32] L:4.9907 TPS:1120.4 ..........[20/32] L:7.3435 TPS:1130.6 ..........[30/32] L:6.5465 TPS:1134.9 ..
[SYNC] Step 122 finalizing...
[PRIME] Step 122  | Loss: 233.8512 | Mig: 37.91% | Disp95: 371.2 | Ent: 13.07 | Mom: 0.65
..........[10/32] L:5.9043 TPS:1134.9 ..........[20/32] L:5.7262 TPS:1135.5 ..........[30/32] L:4.8158 TPS:1135.8 ..
[SYNC] Step 123 finalizing...
[PRIME] Step 123  | Loss: 233.4418 | Mig: 60.63% | Disp95: 373.4 | Ent: 13.07 | Mom: 0.92
..........[10/32] L:7.1735 TPS:1110.6 ..........[20/32] L:7.3231 TPS:1128.3 ..........[30/32] L:5.7670 TPS:1129.5 ..
[SYNC] Step 124 finalizing...
[PRIME] Step 124  | Loss: 233.1024 | Mig: 37.32% | Disp95: 374.9 | Ent: 13.07 | Mom: 0.68
..........[10/32] L:5.9153 TPS:1124.5 ..........[20/32] L:4.8369 TPS:1139.7 ..........[30/32] L:6.5668 TPS:1143.7 ..
[SYNC] Step 125 finalizing...
[PRIME] Step 125  | Loss: 232.7716 | Mig: 58.35% | Disp95: 377.9 | Ent: 13.07 | Mom: 0.91
..........[10/32] L:6.6866 TPS:1135.7 ..........[20/32] L:7.4403 TPS:1143.9 ..........[30/32] L:6.3685 TPS:1137.6 ..
[SYNC] Step 126 finalizing...
[PRIME] Step 126  | Loss: 232.4839 | Mig: 39.02% | Disp95: 379.4 | Ent: 13.07 | Mom: 0.70
..........[10/32] L:7.0635 TPS:1130.6 ..........[20/32] L:7.7749 TPS:1127.6 ..........[30/32] L:5.8715 TPS:1130.4 ..
[SYNC] Step 127 finalizing...
[PRIME] Step 127  | Loss: 232.2345 | Mig: 59.78% | Disp95: 380.6 | Ent: 13.07 | Mom: 0.86
..........[10/32] L:6.4054 TPS:1128.7 ..........[20/32] L:5.9499 TPS:1127.1 ..........[30/32] L:6.3979 TPS:1123.0 ..
[SYNC] Step 128 finalizing...
[PRIME] Step 128  | Loss: 231.9208 | Mig: 41.53% | Disp95: 381.9 | Ent: 13.07 | Mom: 0.65
..........[10/32] L:5.7369 TPS:1127.9 ..........[20/32] L:6.1250 TPS:1138.4 ..........[30/32] L:7.0446 TPS:1136.2 ..
[SYNC] Step 129 finalizing...
[PRIME] Step 129  | Loss: 231.6203 | Mig: 50.83% | Disp95: 384.6 | Ent: 13.07 | Mom: 0.73
..........[10/32] L:4.7068 TPS:1132.8 ..........[20/32] L:7.4013 TPS:1132.6 ..........[30/32] L:7.2667 TPS:1130.5 ..
[SYNC] Step 130 finalizing...
[PRIME] Step 130  | Loss: 231.3284 | Mig: 40.37% | Disp95: 385.3 | Ent: 13.07 | Mom: 0.69
..........[10/32] L:5.5506 TPS:1148.7 ..........[20/32] L:4.8856 TPS:1139.9 ..........[30/32] L:7.2978 TPS:1138.1 ..
[SYNC] Step 131 finalizing...
[PRIME] Step 131  | Loss: 231.0183 | Mig: 47.32% | Disp95: 387.6 | Ent: 13.07 | Mom: 0.79
..........[10/32] L:5.9375 TPS:1135.7 ..........[20/32] L:5.5883 TPS:1141.5 ..........[30/32] L:6.2497 TPS:1145.8 ..
[SYNC] Step 132 finalizing...
[PRIME] Step 132  | Loss: 230.6849 | Mig: 34.43% | Disp95: 388.4 | Ent: 13.07 | Mom: 0.63
..........[10/32] L:8.0124 TPS:1142.1 ..........[20/32] L:7.4256 TPS:1146.3 ..........[30/32] L:5.0108 TPS:1146.2 ..
[SYNC] Step 133 finalizing...
[PRIME] Step 133  | Loss: 230.3312 | Mig: 46.90% | Disp95: 390.9 | Ent: 13.07 | Mom: 0.78
..........[10/32] L:5.4848 TPS:1119.4 ..........[20/32] L:4.9336 TPS:1129.0 ..........[30/32] L:6.9253 TPS:1134.6 ..
[SYNC] Step 134 finalizing...
[PRIME] Step 134  | Loss: 230.0226 | Mig: 41.44% | Disp95: 392.8 | Ent: 13.07 | Mom: 0.81
..........[10/32] L:5.4960 TPS:1120.9 ..........[20/32] L:5.1525 TPS:1127.1 ..........[30/32] L:4.1017 TPS:1127.6 ..
[SYNC] Step 135 finalizing...
[PRIME] Step 135  | Loss: 229.6924 | Mig: 40.64% | Disp95: 395.0 | Ent: 13.07 | Mom: 0.70
..........[10/32] L:5.3460 TPS:1118.0 ..........[20/32] L:5.4181 TPS:1128.0 ..........[30/32] L:4.4073 TPS:1131.7 ..
[SYNC] Step 136 finalizing...
[PRIME] Step 136  | Loss: 229.3210 | Mig: 51.07% | Disp95: 397.3 | Ent: 13.07 | Mom: 0.86
..........[10/32] L:6.9879 TPS:1154.2 ..........[20/32] L:7.0399 TPS:1135.4 ..........[30/32] L:6.6056 TPS:1133.9 ..
[SYNC] Step 137 finalizing...
[PRIME] Step 137  | Loss: 229.0200 | Mig: 47.17% | Disp95: 399.4 | Ent: 13.07 | Mom: 0.87
..........[10/32] L:5.4649 TPS:1139.9 ..........[20/32] L:5.5834 TPS:1139.5 ..........[30/32] L:5.7918 TPS:1137.3 ..
[SYNC] Step 138 finalizing...
[PRIME] Step 138  | Loss: 228.7290 | Mig: 40.88% | Disp95: 400.7 | Ent: 13.07 | Mom: 0.72
..........[10/32] L:4.9483 TPS:1138.7 ..........[20/32] L:5.8039 TPS:1137.4 ..........[30/32] L:5.0826 TPS:1141.4 ..
[SYNC] Step 139 finalizing...
[PRIME] Step 139  | Loss: 228.4533 | Mig: 43.99% | Disp95: 401.4 | Ent: 13.07 | Mom: 0.75
..........[10/32] L:4.9148 TPS:1145.2 ..........[20/32] L:5.8257 TPS:1128.4 ..........[30/32] L:5.0721 TPS:1129.0 ..
[SYNC] Step 140 finalizing...
[PRIME] Step 140  | Loss: 228.2075 | Mig: 35.26% | Disp95: 402.7 | Ent: 13.07 | Mom: 0.62
..........[10/32] L:4.0517 TPS:1126.7 ..........[20/32] L:5.6214 TPS:1135.1 ..........[30/32] L:5.3463 TPS:1128.5 ..
[SYNC] Step 141 finalizing...
[PRIME] Step 141  | Loss: 227.9475 | Mig: 42.76% | Disp95: 405.4 | Ent: 13.07 | Mom: 0.74
..........[10/32] L:6.6513 TPS:1117.5 ..........[20/32] L:4.4427 TPS:1124.6 ..........[30/32] L:5.6423 TPS:1126.7 ..
[SYNC] Step 142 finalizing...
[PRIME] Step 142  | Loss: 227.6296 | Mig: 40.29% | Disp95: 407.2 | Ent: 13.07 | Mom: 0.79
..........[10/32] L:5.3271 TPS:1102.6 ..........[20/32] L:3.6348 TPS:1112.0 ..........[30/32] L:6.2021 TPS:1114.3 ..
[SYNC] Step 143 finalizing...
[PRIME] Step 143  | Loss: 227.3558 | Mig: 34.04% | Disp95: 409.3 | Ent: 13.07 | Mom: 0.64
..........[10/32] L:6.5338 TPS:1128.1 ..........[20/32] L:4.6370 TPS:1131.2 ..........[30/32] L:6.0182 TPS:1128.6 ..
[SYNC] Step 144 finalizing...
[PRIME] Step 144  | Loss: 227.1186 | Mig: 40.88% | Disp95: 410.8 | Ent: 13.07 | Mom: 0.71
..........[10/32] L:3.9365 TPS:1127.7 ..........[20/32] L:4.2299 TPS:1137.1 ..........[30/32] L:5.4855 TPS:1135.9 ..
[SYNC] Step 145 finalizing...
[PRIME] Step 145  | Loss: 226.7676 | Mig: 39.12% | Disp95: 412.6 | Ent: 13.07 | Mom: 0.75
..........[10/32] L:5.8790 TPS:1124.3 ..........[20/32] L:4.7173 TPS:1130.8 ..........[30/32] L:5.6165 TPS:1136.4 ..
[SYNC] Step 146 finalizing...
[PRIME] Step 146  | Loss: 226.4231 | Mig: 38.61% | Disp95: 413.6 | Ent: 13.07 | Mom: 0.70
..........[10/32] L:4.5649 TPS:1139.4 ..........[20/32] L:7.2133 TPS:1128.9 ..........[30/32] L:6.7471 TPS:1128.1 ..
[SYNC] Step 147 finalizing...
[PRIME] Step 147  | Loss: 226.1472 | Mig: 38.66% | Disp95: 415.4 | Ent: 13.07 | Mom: 0.70
..........[10/32] L:4.4144 TPS:1129.5 ..........[20/32] L:4.9030 TPS:1131.7 ..........[30/32] L:4.8794 TPS:1131.8 ..
[SYNC] Step 148 finalizing...
[PRIME] Step 148  | Loss: 225.8253 | Mig: 36.79% | Disp95: 418.0 | Ent: 13.07 | Mom: 0.65
..........[10/32] L:5.4509 TPS:1117.8 ..........[20/32] L:6.1954 TPS:1134.4 ..........[30/32] L:6.8689 TPS:1133.9 ..
[SYNC] Step 149 finalizing...
[PRIME] Step 149  | Loss: 225.4943 | Mig: 40.95% | Disp95: 419.4 | Ent: 13.07 | Mom: 0.73
..........[10/32] L:4.6814 TPS:1141.7 ..........[20/32] L:6.6769 TPS:1139.2 ..........[30/32] L:5.3708 TPS:1136.7 ..
[SYNC] Step 150 finalizing...
[TRINITY] Thermal noise injection at step 150...
[PRIME] Step 150  | Loss: 225.2185 | Mig: 38.20% | Disp95: 420.7 | Ent: 13.07 | Mom: 0.73
[CKPT] Saved prime_step_b_150.pt
..........[10/32] L:7.3600 TPS:1133.2 ..........[20/32] L:4.0205 TPS:1136.4 ..........[30/32] L:4.2241 TPS:1137.7 ..
[SYNC] Step 151 finalizing...
[PRIME] Step 151  | Loss: 224.9526 | Mig: 36.68% | Disp95: 423.0 | Ent: 13.07 | Mom: 0.68
..........[10/32] L:6.4626 TPS:1113.7 ..........[20/32] L:5.4267 TPS:1124.3 ..........[30/32] L:5.9150 TPS:1126.2 ..
[SYNC] Step 152 finalizing...
[PRIME] Step 152  | Loss: 224.7208 | Mig: 37.46% | Disp95: 424.8 | Ent: 13.07 | Mom: 0.71
..........[10/32] L:7.0860 TPS:1125.5 ..........[20/32] L:6.6329 TPS:1116.0 ..........[30/32] L:4.3467 TPS:1120.2 ..
[SYNC] Step 153 finalizing...
[PRIME] Step 153  | Loss: 224.4863 | Mig: 33.24% | Disp95: 425.9 | Ent: 13.07 | Mom: 0.64
..........[10/32] L:6.8266 TPS:1127.5 ..........[20/32] L:5.7158 TPS:1135.5 ..........[30/32] L:4.4294 TPS:1137.6 ..
[SYNC] Step 154 finalizing...
[PRIME] Step 154  | Loss: 224.2290 | Mig: 38.16% | Disp95: 427.5 | Ent: 13.07 | Mom: 0.71
..........[10/32] L:6.5611 TPS:1154.4 ..........[20/32] L:4.5750 TPS:1150.3 ..........[30/32] L:4.8876 TPS:1138.2 ..
[SYNC] Step 155 finalizing...
[PRIME] Step 155  | Loss: 223.9564 | Mig: 36.93% | Disp95: 429.2 | Ent: 13.07 | Mom: 0.72
..........[10/32] L:4.7212 TPS:1147.1 ..........[20/32] L:4.9124 TPS:1133.2 ..........[30/32] L:6.5527 TPS:1135.7 ..
[SYNC] Step 156 finalizing...
[PRIME] Step 156  | Loss: 223.6809 | Mig: 39.80% | Disp95: 430.6 | Ent: 13.07 | Mom: 0.73
..........[10/32] L:4.1408 TPS:1136.9 ..........[20/32] L:5.9657 TPS:1139.8 ..........[30/32] L:6.4817 TPS:1141.2 ..
[SYNC] Step 157 finalizing...
[PRIME] Step 157  | Loss: 223.4056 | Mig: 37.72% | Disp95: 433.1 | Ent: 13.07 | Mom: 0.73
..........[10/32] L:6.6205 TPS:1123.2 ..........[20/32] L:6.1455 TPS:1129.7 ..........[30/32] L:5.7312 TPS:1127.0 ..
[SYNC] Step 158 finalizing...
[PRIME] Step 158  | Loss: 223.1017 | Mig: 40.10% | Disp95: 433.8 | Ent: 13.07 | Mom: 0.71
..........[10/32] L:4.2128 TPS:1123.8 ..........[20/32] L:4.6132 TPS:1134.0 ..........[30/32] L:7.2564 TPS:1131.7 ..
[SYNC] Step 159 finalizing...
[PRIME] Step 159  | Loss: 222.8372 | Mig: 36.27% | Disp95: 436.3 | Ent: 13.07 | Mom: 0.71
..........[10/32] L:3.3491 TPS:1139.9 ..........[20/32] L:6.4450 TPS:1136.0 ..........[30/32] L:4.9366 TPS:1139.1 ..
[SYNC] Step 160 finalizing...
[PRIME] Step 160  | Loss: 222.5602 | Mig: 41.86% | Disp95: 438.8 | Ent: 13.07 | Mom: 0.72
..........[10/32] L:5.8187 TPS:1120.2 ..........[20/32] L:4.5592 TPS:1132.3 ..........[30/32] L:5.3381 TPS:1130.2 ..
[SYNC] Step 161 finalizing...
[PRIME] Step 161  | Loss: 222.3380 | Mig: 36.03% | Disp95: 439.8 | Ent: 13.07 | Mom: 0.71
..........[10/32] L:5.7804 TPS:1134.4 ..........[20/32] L:3.9968 TPS:1133.9 ..........[30/32] L:5.3312 TPS:1128.3 ..
[SYNC] Step 162 finalizing...
[PRIME] Step 162  | Loss: 222.0613 | Mig: 41.53% | Disp95: 440.7 | Ent: 13.07 | Mom: 0.71
..........[10/32] L:5.7922 TPS:1130.1 ..........[20/32] L:5.0938 TPS:1140.4 ..........[30/32] L:3.9329 TPS:1139.5 ..
[SYNC] Step 163 finalizing...
[PRIME] Step 163  | Loss: 221.8071 | Mig: 36.38% | Disp95: 441.8 | Ent: 13.07 | Mom: 0.70
..........[10/32] L:6.4545 TPS:1143.4 ..........[20/32] L:5.0692 TPS:1144.5 ..........[30/32] L:5.2079 TPS:1143.8 ..
[SYNC] Step 164 finalizing...
[PRIME] Step 164  | Loss: 221.5577 | Mig: 39.84% | Disp95: 443.6 | Ent: 13.07 | Mom: 0.68
..........[10/32] L:6.1835 TPS:1150.2 ..........[20/32] L:4.8230 TPS:1150.3 ..........[30/32] L:5.3328 TPS:1152.7 ..
[SYNC] Step 165 finalizing...
[PRIME] Step 165  | Loss: 221.2477 | Mig: 35.36% | Disp95: 445.6 | Ent: 13.07 | Mom: 0.66
..........[10/32] L:8.6212 TPS:1139.0 ..........[20/32] L:4.8380 TPS:1130.9 ..........[30/32] L:5.9681 TPS:1132.9 ..
[SYNC] Step 166 finalizing...
[PRIME] Step 166  | Loss: 220.9418 | Mig: 38.48% | Disp95: 447.7 | Ent: 13.07 | Mom: 0.71
..........[10/32] L:5.7022 TPS:1138.6 ..........[20/32] L:3.7218 TPS:1144.4 ..........[30/32] L:6.3783 TPS:1146.3 ..
[SYNC] Step 167 finalizing...
[PRIME] Step 167  | Loss: 220.6724 | Mig: 35.26% | Disp95: 449.7 | Ent: 13.07 | Mom: 0.69
..........[10/32] L:4.4404 TPS:1149.3 ..........[20/32] L:5.8326 TPS:1141.3 ..........[30/32] L:6.0763 TPS:1136.0 ..
[SYNC] Step 168 finalizing...
[PRIME] Step 168  | Loss: 220.3574 | Mig: 37.41% | Disp95: 451.9 | Ent: 13.07 | Mom: 0.72
..........[10/32] L:5.7861 TPS:1148.2 ..........[20/32] L:3.6633 TPS:1153.8 ..........[30/32] L:6.1182 TPS:1153.3 ..
[SYNC] Step 169 finalizing...
[PRIME] Step 169  | Loss: 220.0477 | Mig: 37.74% | Disp95: 453.8 | Ent: 13.07 | Mom: 0.77
..........[10/32] L:6.7486 TPS:1097.2 ..........[20/32] L:5.3401 TPS:1107.0 ..........[30/32] L:6.3608 TPS:1119.6 ..
[SYNC] Step 170 finalizing...
[PRIME] Step 170  | Loss: 219.7636 | Mig: 34.29% | Disp95: 455.5 | Ent: 13.07 | Mom: 0.70
..........[10/32] L:6.1351 TPS:1130.5 ..........[20/32] L:7.2186 TPS:1134.0 ..........[30/32] L:7.1109 TPS:1137.4 ..
[SYNC] Step 171 finalizing...
[PRIME] Step 171  | Loss: 219.5809 | Mig: 36.14% | Disp95: 457.9 | Ent: 13.07 | Mom: 0.72
..........[10/32] L:4.6996 TPS:1147.6 ..........[20/32] L:4.6503 TPS:1150.5 ..........[30/32] L:6.2746 TPS:1147.5 ..
[SYNC] Step 172 finalizing...
[PRIME] Step 172  | Loss: 219.2903 | Mig: 36.17% | Disp95: 459.3 | Ent: 13.07 | Mom: 0.74
..........[10/32] L:4.5906 TPS:1127.3 ..........[20/32] L:4.6884 TPS:1136.6 ..........[30/32] L:6.2514 TPS:1126.8 ..
[SYNC] Step 173 finalizing...
[PRIME] Step 173  | Loss: 219.0270 | Mig: 35.18% | Disp95: 460.7 | Ent: 13.07 | Mom: 0.71
..........[10/32] L:4.2336 TPS:1124.8 ..........[20/32] L:5.7382 TPS:1131.8 ..........[30/32] L:6.6460 TPS:1139.3 ..
[SYNC] Step 174 finalizing...
[PRIME] Step 174  | Loss: 218.8196 | Mig: 39.95% | Disp95: 463.5 | Ent: 13.07 | Mom: 0.76
..........[10/32] L:6.0526 TPS:1165.5 ..........[20/32] L:4.8376 TPS:1138.9 ..........[30/32] L:3.2920 TPS:1131.5 ..
[SYNC] Step 175 finalizing...
[PRIME] Step 175  | Loss: 218.5516 | Mig: 36.96% | Disp95: 465.0 | Ent: 13.07 | Mom: 0.77
..........[10/32] L:6.3407 TPS:1149.9 ..........[20/32] L:4.7224 TPS:1142.6 ..........[30/32] L:6.4093 TPS:1140.4 ..
[SYNC] Step 176 finalizing...
[PRIME] Step 176  | Loss: 218.2820 | Mig: 36.57% | Disp95: 466.2 | Ent: 13.07 | Mom: 0.73
..........[10/32] L:4.7475 TPS:1124.8 ..........[20/32] L:6.5866 TPS:1122.2 ..........[30/32] L:5.0435 TPS:1132.5 ..
[SYNC] Step 177 finalizing...
[PRIME] Step 177  | Loss: 218.0043 | Mig: 35.52% | Disp95: 468.6 | Ent: 13.07 | Mom: 0.73
..........[10/32] L:5.3788 TPS:1139.0 ..........[20/32] L:4.5044 TPS:1137.7 ..........[30/32] L:4.2654 TPS:1142.5 ..
[SYNC] Step 178 finalizing...
[PRIME] Step 178  | Loss: 217.7304 | Mig: 36.62% | Disp95: 470.4 | Ent: 13.07 | Mom: 0.74
..........[10/32] L:4.0972 TPS:1138.7 ..........[20/32] L:5.0303 TPS:1141.8 ..........[30/32] L:6.0919 TPS:1139.3 ..
[SYNC] Step 179 finalizing...
[PRIME] Step 179  | Loss: 217.5070 | Mig: 34.99% | Disp95: 473.0 | Ent: 13.07 | Mom: 0.73
..........[10/32] L:4.8546 TPS:1133.0 ..........[20/32] L:6.4184 TPS:1141.3 ..........[30/32] L:7.2010 TPS:1141.1 ..
[SYNC] Step 180 finalizing...
[PRIME] Step 180  | Loss: 217.2872 | Mig: 36.72% | Disp95: 474.1 | Ent: 13.07 | Mom: 0.72
..........[10/32] L:5.9441 TPS:1084.4 ..........[20/32] L:5.9549 TPS:1111.6 ..........[30/32] L:2.4789 TPS:1118.9 ..
[SYNC] Step 181 finalizing...
[PRIME] Step 181  | Loss: 217.0082 | Mig: 39.12% | Disp95: 475.7 | Ent: 13.07 | Mom: 0.79
..........[10/32] L:5.4227 TPS:1127.5 ..........[20/32] L:5.3430 TPS:1131.1 ..........[30/32] L:6.4053 TPS:1131.9 ..
[SYNC] Step 182 finalizing...
[PRIME] Step 182  | Loss: 216.7843 | Mig: 36.64% | Disp95: 478.3 | Ent: 13.07 | Mom: 0.73
..........[10/32] L:6.1386 TPS:1139.7 ..........[20/32] L:5.3498 TPS:1136.7 ..........[30/32] L:5.7938 TPS:1140.4 ..
[SYNC] Step 183 finalizing...
[PRIME] Step 183  | Loss: 216.5412 | Mig: 35.19% | Disp95: 480.3 | Ent: 13.07 | Mom: 0.70
..........[10/32] L:6.1298 TPS:1113.3 ..........[20/32] L:4.2013 TPS:1145.5 ..........[30/32] L:4.1041 TPS:1141.8 ..
[SYNC] Step 184 finalizing...
[PRIME] Step 184  | Loss: 216.2553 | Mig: 40.57% | Disp95: 481.7 | Ent: 13.07 | Mom: 0.77
..........[10/32] L:4.6465 TPS:1143.0 ..........[20/32] L:5.7871 TPS:1143.8 ..........[30/32] L:3.2885 TPS:1141.9 ..
[SYNC] Step 185 finalizing...
[PRIME] Step 185  | Loss: 216.0381 | Mig: 39.21% | Disp95: 483.9 | Ent: 13.07 | Mom: 0.77
..........[10/32] L:6.8928 TPS:1133.7 ..........[20/32] L:5.6715 TPS:1119.3 ..........[30/32] L:5.8727 TPS:1122.5 ..
[SYNC] Step 186 finalizing...
[PRIME] Step 186  | Loss: 215.7998 | Mig: 37.27% | Disp95: 485.0 | Ent: 13.07 | Mom: 0.70
..........[10/32] L:4.5553 TPS:1131.0 ..........[20/32] L:6.2821 TPS:1125.4 ..........[30/32] L:4.0931 TPS:1127.1 ..
[SYNC] Step 187 finalizing...
[PRIME] Step 187  | Loss: 215.5677 | Mig: 35.93% | Disp95: 486.4 | Ent: 13.07 | Mom: 0.68
..........[10/32] L:6.1668 TPS:1147.7 ..........[20/32] L:5.4616 TPS:1148.2 ..........[30/32] L:4.9430 TPS:1157.1 ..
[SYNC] Step 188 finalizing...
[PRIME] Step 188  | Loss: 215.3424 | Mig: 36.31% | Disp95: 488.1 | Ent: 13.07 | Mom: 0.71
..........[10/32] L:3.0168 TPS:1155.6 ..........[20/32] L:6.5436 TPS:1146.9 ..........[30/32] L:4.0190 TPS:1147.7 ..
[SYNC] Step 189 finalizing...
[PRIME] Step 189  | Loss: 215.1282 | Mig: 36.99% | Disp95: 491.0 | Ent: 13.07 | Mom: 0.70
..........[10/32] L:4.3819 TPS:1122.7 ..........[20/32] L:6.1118 TPS:1123.7 ..........[30/32] L:5.1712 TPS:1121.2 ..
[SYNC] Step 190 finalizing...
[PRIME] Step 190  | Loss: 214.9035 | Mig: 39.91% | Disp95: 492.4 | Ent: 13.07 | Mom: 0.74
..........[10/32] L:6.7242 TPS:1131.0 ..........[20/32] L:4.0572 TPS:1131.4 ..........[30/32] L:4.7825 TPS:1131.4 ..
[SYNC] Step 191 finalizing...
[PRIME] Step 191  | Loss: 214.6516 | Mig: 38.08% | Disp95: 494.4 | Ent: 13.07 | Mom: 0.77
..........[10/32] L:4.3350 TPS:1117.6 ..........[20/32] L:4.5623 TPS:1115.1 ..........[30/32] L:4.1369 TPS:1115.1 ..
[SYNC] Step 192 finalizing...
[PRIME] Step 192  | Loss: 214.4183 | Mig: 36.58% | Disp95: 496.6 | Ent: 13.07 | Mom: 0.70
..........[10/32] L:5.2384 TPS:1118.4 ..........[20/32] L:5.3870 TPS:1133.9 ..........[30/32] L:4.7352 TPS:1135.3 ..
[SYNC] Step 193 finalizing...
[PRIME] Step 193  | Loss: 214.2384 | Mig: 33.76% | Disp95: 498.6 | Ent: 13.07 | Mom: 0.65
..........[10/32] L:3.9823 TPS:1145.6 ..........[20/32] L:4.0736 TPS:1146.2 ..........[30/32] L:5.0565 TPS:1142.8 ..
[SYNC] Step 194 finalizing...
[PRIME] Step 194  | Loss: 214.0168 | Mig: 35.68% | Disp95: 500.0 | Ent: 13.07 | Mom: 0.71
..........[10/32] L:6.0034 TPS:1130.0 ..........[20/32] L:5.2559 TPS:1120.6 ..........[30/32] L:4.7289 TPS:1110.4 ..
[SYNC] Step 195 finalizing...
[PRIME] Step 195  | Loss: 213.8177 | Mig: 35.38% | Disp95: 501.6 | Ent: 13.07 | Mom: 0.70
..........[10/32] L:4.5165 TPS:1134.8 ..........[20/32] L:4.9700 TPS:1145.5 ..........[30/32] L:5.2450 TPS:1149.6 ..
[SYNC] Step 196 finalizing...
[PRIME] Step 196  | Loss: 213.5602 | Mig: 36.75% | Disp95: 503.4 | Ent: 13.07 | Mom: 0.70
..........[10/32] L:6.2557 TPS:1140.6 ..........[20/32] L:4.4731 TPS:1136.0 ..........[30/32] L:5.5922 TPS:1134.1 ..
[SYNC] Step 197 finalizing...
[PRIME] Step 197  | Loss: 213.3317 | Mig: 36.39% | Disp95: 505.0 | Ent: 13.07 | Mom: 0.71
..........[10/32] L:3.4655 TPS:1124.2 ..........[20/32] L:5.8019 TPS:1131.3 ..........[30/32] L:4.3423 TPS:1131.9 ..
[SYNC] Step 198 finalizing...
[PRIME] Step 198  | Loss: 213.0831 | Mig: 35.93% | Disp95: 506.4 | Ent: 13.07 | Mom: 0.67
..........[10/32] L:5.4071 TPS:1090.6 ..........[20/32] L:3.6720 TPS:1106.4 ..........[30/32] L:4.2952 TPS:1111.9 ..
[SYNC] Step 199 finalizing...
[PRIME] Step 199  | Loss: 212.8180 | Mig: 36.25% | Disp95: 507.9 | Ent: 13.07 | Mom: 0.67
..........[10/32] L:6.3779 TPS:1121.5 ..........[20/32] L:4.2846 TPS:1125.5 ..........[30/32] L:5.0097 TPS:1130.3 ..
[SYNC] Step 200 finalizing...
[TRINITY] Thermal noise injection at step 200...
[PRIME] Step 200  | Loss: 212.5825 | Mig: 34.52% | Disp95: 510.2 | Ent: 13.07 | Mom: 0.69
[CKPT] Saved prime_step_b_200.pt
..........[10/32] L:6.7144 TPS:1106.3 ..........[20/32] L:4.9901 TPS:1116.6 ..........[30/32] L:5.0980 TPS:1117.6 ..
[SYNC] Step 201 finalizing...
[PRIME] Step 201  | Loss: 212.3139 | Mig: 36.29% | Disp95: 512.2 | Ent: 13.07 | Mom: 0.67
..........[10/32] L:5.0977 TPS:1103.1 ..........[20/32] L:5.9903 TPS:1103.7 ..........[30/32] L:6.1646 TPS:1107.8 ..
[SYNC] Step 202 finalizing...
[PRIME] Step 202  | Loss: 212.1376 | Mig: 37.84% | Disp95: 513.5 | Ent: 13.07 | Mom: 0.70
..........[10/32] L:5.4871 TPS:1138.1 ..........[20/32] L:5.1205 TPS:1134.6 ..........[30/32] L:5.0079 TPS:1132.5 ..
[SYNC] Step 203 finalizing...
[PRIME] Step 203  | Loss: 211.8927 | Mig: 34.68% | Disp95: 515.1 | Ent: 13.07 | Mom: 0.67
..........[10/32] L:3.8252 TPS:1135.7 ..........[20/32] L:5.7476 TPS:1141.2 ..........[30/32] L:4.4804 TPS:1141.1 ..
[SYNC] Step 204 finalizing...
[PRIME] Step 204  | Loss: 211.6920 | Mig: 40.06% | Disp95: 516.6 | Ent: 13.07 | Mom: 0.72
..........[10/32] L:8.5225 TPS:1119.9 ..........[20/32] L:5.0339 TPS:1127.2 ..........[30/32] L:6.6083 TPS:1129.4 ..
[SYNC] Step 205 finalizing...
[PRIME] Step 205  | Loss: 211.5208 | Mig: 36.37% | Disp95: 518.6 | Ent: 13.07 | Mom: 0.72
..........[10/32] L:6.4792 TPS:1115.8 ..........[20/32] L:5.1367 TPS:1110.2 ..........[30/32] L:7.8462 TPS:1112.2 ..
[SYNC] Step 206 finalizing...
[PRIME] Step 206  | Loss: 211.3391 | Mig: 37.00% | Disp95: 519.8 | Ent: 13.07 | Mom: 0.68
..........[10/32] L:5.2471 TPS:1132.0 ..........[20/32] L:4.6864 TPS:1130.2 ..........[30/32] L:6.2208 TPS:1129.5 ..
[SYNC] Step 207 finalizing...
[PRIME] Step 207  | Loss: 211.1465 | Mig: 35.46% | Disp95: 521.6 | Ent: 13.07 | Mom: 0.68
..........[10/32] L:6.3567 TPS:1129.1 ..........[20/32] L:5.2729 TPS:1129.9 ..........[30/32] L:6.8393 TPS:1131.0 ..
[SYNC] Step 208 finalizing...
[PRIME] Step 208  | Loss: 210.9744 | Mig: 36.68% | Disp95: 523.3 | Ent: 13.07 | Mom: 0.66
..........[10/32] L:7.9388 TPS:1130.0 ..........[20/32] L:6.8877 TPS:1132.9 ..........[30/32] L:5.3193 TPS:1139.5 ..
[SYNC] Step 209 finalizing...
[PRIME] Step 209  | Loss: 210.7974 | Mig: 36.05% | Disp95: 525.2 | Ent: 13.07 | Mom: 0.68
..........[10/32] L:5.8223 TPS:1139.6 ..........[20/32] L:6.2555 TPS:1128.8 ..........[30/32] L:3.4119 TPS:1132.6 ..
[SYNC] Step 210 finalizing...
[PRIME] Step 210  | Loss: 210.5823 | Mig: 34.68% | Disp95: 527.1 | Ent: 13.07 | Mom: 0.66
..........[10/32] L:6.7793 TPS:1127.2 ..........[20/32] L:4.8385 TPS:1127.2 ..........[30/32] L:4.8311 TPS:1130.5 ..
[SYNC] Step 211 finalizing...
[PRIME] Step 211  | Loss: 210.4028 | Mig: 33.10% | Disp95: 528.5 | Ent: 13.07 | Mom: 0.64
..........[10/32] L:6.3171 TPS:1132.1 ..........[20/32] L:4.4979 TPS:1135.5 ..........[30/32] L:4.5814 TPS:1126.5 ..
[SYNC] Step 212 finalizing...
[PRIME] Step 212  | Loss: 210.1892 | Mig: 35.31% | Disp95: 530.0 | Ent: 13.07 | Mom: 0.67
..........[10/32] L:5.1118 TPS:1135.1 ..........[20/32] L:4.4652 TPS:1140.2 ..........[30/32] L:5.4605 TPS:1127.1 ..
[SYNC] Step 213 finalizing...
[PRIME] Step 213  | Loss: 209.9865 | Mig: 35.23% | Disp95: 532.3 | Ent: 13.07 | Mom: 0.69
..........[10/32] L:4.6820 TPS:1138.1 ..........[20/32] L:5.7414 TPS:1130.0 ..........[30/32] L:6.3855 TPS:1121.6 ..
[SYNC] Step 214 finalizing...
[PRIME] Step 214  | Loss: 209.7863 | Mig: 33.43% | Disp95: 533.6 | Ent: 13.07 | Mom: 0.64
..........[10/32] L:7.0190 TPS:1114.0 ..........[20/32] L:5.9659 TPS:1131.3 ..........[30/32] L:4.9864 TPS:1136.7 ..
[SYNC] Step 215 finalizing...
[PRIME] Step 215  | Loss: 209.5839 | Mig: 35.46% | Disp95: 534.7 | Ent: 13.07 | Mom: 0.66
..........[10/32] L:4.8577 TPS:1133.2 ..........[20/32] L:4.6953 TPS:1136.0 ..........[30/32] L:5.4553 TPS:1128.1 ..
[SYNC] Step 216 finalizing...
[PRIME] Step 216  | Loss: 209.4019 | Mig: 34.26% | Disp95: 536.2 | Ent: 13.07 | Mom: 0.66
..........[10/32] L:3.7509 TPS:1100.6 ..........[20/32] L:6.8061 TPS:1114.7 ..........[30/32] L:4.2414 TPS:1125.2 ..
[SYNC] Step 217 finalizing...
[PRIME] Step 217  | Loss: 209.1741 | Mig: 35.22% | Disp95: 538.0 | Ent: 13.07 | Mom: 0.66
..........[10/32] L:5.3969 TPS:1131.8 ..........[20/32] L:4.1278 TPS:1121.9 ..........[30/32] L:6.8610 TPS:1124.0 ..
[SYNC] Step 218 finalizing...
[PRIME] Step 218  | Loss: 208.9897 | Mig: 35.17% | Disp95: 539.6 | Ent: 13.07 | Mom: 0.67
..........[10/32] L:5.7465 TPS:1129.3 ..........[20/32] L:4.5944 TPS:1129.1 ..........[30/32] L:4.9881 TPS:1130.7 ..
[SYNC] Step 219 finalizing...
[PRIME] Step 219  | Loss: 208.7956 | Mig: 33.40% | Disp95: 541.1 | Ent: 13.07 | Mom: 0.63
..........[10/32] L:5.4127 TPS:1125.0 ..........[20/32] L:5.2628 TPS:1111.4 ..........[30/32] L:4.4269 TPS:1110.6 ..
[SYNC] Step 220 finalizing...
[PRIME] Step 220  | Loss: 208.6190 | Mig: 35.07% | Disp95: 542.4 | Ent: 13.07 | Mom: 0.65
..........[10/32] L:6.0700 TPS:1118.0 ..........[20/32] L:6.6972 TPS:1126.2 ..........[30/32] L:4.4873 TPS:1129.7 ..
[SYNC] Step 221 finalizing...
[PRIME] Step 221  | Loss: 208.4666 | Mig: 35.03% | Disp95: 544.2 | Ent: 13.07 | Mom: 0.68
..........[10/32] L:6.8256 TPS:1083.7 ..........[20/32] L:7.7863 TPS:1101.7 ..........[30/32] L:5.5454 TPS:1108.2 ..
[SYNC] Step 222 finalizing...
[PRIME] Step 222  | Loss: 208.2897 | Mig: 34.09% | Disp95: 545.8 | Ent: 13.07 | Mom: 0.63
..........[10/32] L:5.7942 TPS:1121.4 ..........[20/32] L:5.9465 TPS:1111.8 ..........[30/32] L:6.7126 TPS:1108.4 ..
[SYNC] Step 223 finalizing...
[PRIME] Step 223  | Loss: 208.1660 | Mig: 32.85% | Disp95: 546.8 | Ent: 13.07 | Mom: 0.60
..........[10/32] L:4.0639 TPS:1110.1 ..........[20/32] L:4.8145 TPS:1114.7 ..........[30/32] L:6.1052 TPS:1125.5 ..
[SYNC] Step 224 finalizing...
[PRIME] Step 224  | Loss: 208.0010 | Mig: 32.42% | Disp95: 548.8 | Ent: 13.07 | Mom: 0.62
..........[10/32] L:3.5495 TPS:1112.6 ..........[20/32] L:5.7496 TPS:1122.1 ..........[30/32] L:5.1639 TPS:1123.2 ..
[SYNC] Step 225 finalizing...
[PRIME] Step 225  | Loss: 207.8282 | Mig: 34.03% | Disp95: 550.6 | Ent: 13.07 | Mom: 0.62
..........[10/32] L:5.9575 TPS:1116.6 ..........[20/32] L:5.1245 TPS:1116.1 ..........[30/32] L:4.6971 TPS:1121.2 ..
[SYNC] Step 226 finalizing...
[PRIME] Step 226  | Loss: 207.6521 | Mig: 33.60% | Disp95: 552.0 | Ent: 13.07 | Mom: 0.64
..........[10/32] L:2.7599 TPS:1105.7 ..........[20/32] L:4.6022 TPS:1118.7 ..........[30/32] L:4.5169 TPS:1127.6 ..
[SYNC] Step 227 finalizing...
[PRIME] Step 227  | Loss: 207.4526 | Mig: 34.04% | Disp95: 553.2 | Ent: 13.07 | Mom: 0.62
..........[10/32] L:6.3439 TPS:1108.0 ..........[20/32] L:4.4342 TPS:1121.5 ..........[30/32] L:4.7950 TPS:1126.5 ..
[SYNC] Step 228 finalizing...
[PRIME] Step 228  | Loss: 207.2583 | Mig: 36.24% | Disp95: 554.2 | Ent: 13.07 | Mom: 0.64
..........[10/32] L:5.8452 TPS:1122.3 ..........[20/32] L:3.7894 TPS:1128.9 ..........[30/32] L:5.2891 TPS:1129.6 ..
[SYNC] Step 229 finalizing...
[PRIME] Step 229  | Loss: 207.0740 | Mig: 36.66% | Disp95: 555.7 | Ent: 13.07 | Mom: 0.68
..........[10/32] L:4.4259 TPS:1098.6 ..........[20/32] L:5.6261 TPS:1112.0 ..........[30/32] L:4.3599 TPS:1121.2 ..
[SYNC] Step 230 finalizing...
[PRIME] Step 230  | Loss: 206.8898 | Mig: 35.77% | Disp95: 557.8 | Ent: 13.07 | Mom: 0.63
..........[10/32] L:5.8662 TPS:1114.9 ..........[20/32] L:4.6852 TPS:1118.1 ..........[30/32] L:7.0408 TPS:1118.8 ..
[SYNC] Step 231 finalizing...
[PRIME] Step 231  | Loss: 206.7028 | Mig: 34.60% | Disp95: 559.0 | Ent: 13.07 | Mom: 0.61
..........[10/32] L:5.7990 TPS:1100.1 ..........[20/32] L:6.4062 TPS:1112.8 ..........[30/32] L:4.0625 TPS:1119.7 ..
[SYNC] Step 232 finalizing...
[PRIME] Step 232  | Loss: 206.5106 | Mig: 35.46% | Disp95: 561.0 | Ent: 13.07 | Mom: 0.66
..........[10/32] L:6.6264 TPS:1136.0 ..........[20/32] L:5.3937 TPS:1128.2 ..........[30/32] L:4.4796 TPS:1124.3 ..
[SYNC] Step 233 finalizing...
[PRIME] Step 233  | Loss: 206.3847 | Mig: 35.66% | Disp95: 562.6 | Ent: 13.07 | Mom: 0.66
..........[10/32] L:5.4544 TPS:1119.1 ..........[20/32] L:4.7878 TPS:1126.7 ..........[30/32] L:3.5222 TPS:1131.2 ..
[SYNC] Step 234 finalizing...
[PRIME] Step 234  | Loss: 206.2086 | Mig: 37.66% | Disp95: 563.7 | Ent: 13.07 | Mom: 0.66
..........[10/32] L:5.0897 TPS:1110.8 ..........[20/32] L:4.7498 TPS:1107.8 ..........[30/32] L:6.6357 TPS:1111.6 ..
[SYNC] Step 235 finalizing...
[PRIME] Step 235  | Loss: 206.0112 | Mig: 35.52% | Disp95: 565.3 | Ent: 13.07 | Mom: 0.66
..........[10/32] L:5.9724 TPS:1116.6 ..........[20/32] L:5.5639 TPS:1117.3 ..........[30/32] L:3.3933 TPS:1124.1 ..
[SYNC] Step 236 finalizing...
[PRIME] Step 236  | Loss: 205.8676 | Mig: 36.37% | Disp95: 566.9 | Ent: 13.07 | Mom: 0.64
..........[10/32] L:6.0667 TPS:1118.6 ..........[20/32] L:4.1543 TPS:1127.5 ..........[30/32] L:5.8412 TPS:1127.8 ..
[SYNC] Step 237 finalizing...
[PRIME] Step 237  | Loss: 205.6854 | Mig: 34.25% | Disp95: 568.7 | Ent: 13.07 | Mom: 0.62
..........[10/32] L:7.3348 TPS:1138.2 ..........[20/32] L:3.0369 TPS:1132.2 ..........[30/32] L:4.9483 TPS:1136.3 ..
[SYNC] Step 238 finalizing...
[PRIME] Step 238  | Loss: 205.5339 | Mig: 36.25% | Disp95: 569.7 | Ent: 13.07 | Mom: 0.66
..........[10/32] L:7.0023 TPS:1145.2 ..........[20/32] L:4.6690 TPS:1144.8 ..........[30/32] L:5.6167 TPS:1144.8 ..
[SYNC] Step 239 finalizing...
[PRIME] Step 239  | Loss: 205.3834 | Mig: 34.11% | Disp95: 571.8 | Ent: 13.07 | Mom: 0.65
..........[10/32] L:4.2937 TPS:1177.0 ..........[20/32] L:5.1005 TPS:1158.2 ..........[30/32] L:4.3776 TPS:1160.3 ..
[SYNC] Step 240 finalizing...
[PRIME] Step 240  | Loss: 205.2029 | Mig: 33.21% | Disp95: 573.3 | Ent: 13.07 | Mom: 0.61
..........[10/32] L:3.7640 TPS:1151.6 ..........[20/32] L:2.6219 TPS:1158.4 ..........[30/32] L:5.6568 TPS:1148.1 ..
[SYNC] Step 241 finalizing...
[PRIME] Step 241  | Loss: 205.0256 | Mig: 33.74% | Disp95: 574.5 | Ent: 13.07 | Mom: 0.62
..........[10/32] L:5.5131 TPS:1133.4 ..........[20/32] L:4.7101 TPS:1133.2 ..........[30/32] L:5.3167 TPS:1130.8 ..
[SYNC] Step 242 finalizing...
[PRIME] Step 242  | Loss: 204.8442 | Mig: 34.34% | Disp95: 575.8 | Ent: 13.07 | Mom: 0.62
..........[10/32] L:4.2321 TPS:1132.1 ..........[20/32] L:6.4893 TPS:1140.2 ..........[30/32] L:4.8570 TPS:1140.5 ..
[SYNC] Step 243 finalizing...
[PRIME] Step 243  | Loss: 204.6717 | Mig: 34.26% | Disp95: 577.3 | Ent: 13.07 | Mom: 0.62
..........[10/32] L:4.3538 TPS:1139.6 ..........[20/32] L:6.2678 TPS:1140.9 ..........[30/32] L:3.8136 TPS:1138.9 ..
[SYNC] Step 244 finalizing...
[PRIME] Step 244  | Loss: 204.5056 | Mig: 35.82% | Disp95: 578.8 | Ent: 13.07 | Mom: 0.64
..........[10/32] L:6.0181 TPS:1135.2 ..........[20/32] L:5.5326 TPS:1134.3 ..........[30/32] L:3.6554 TPS:1149.7 ..
[SYNC] Step 245 finalizing...
[PRIME] Step 245  | Loss: 204.2926 | Mig: 35.49% | Disp95: 580.0 | Ent: 13.07 | Mom: 0.64
..........[10/32] L:1.8773 TPS:1121.5 ..........[20/32] L:4.6598 TPS:1150.5 ..........[30/32] L:5.5153 TPS:1161.2 ..
[SYNC] Step 246 finalizing...
[PRIME] Step 246  | Loss: 204.1168 | Mig: 34.28% | Disp95: 582.4 | Ent: 13.07 | Mom: 0.63
..........[10/32] L:4.9089 TPS:1146.8 ..........[20/32] L:5.4552 TPS:1141.1 ..........[30/32] L:5.2980 TPS:1141.1 ..
[SYNC] Step 247 finalizing...
[PRIME] Step 247  | Loss: 203.9614 | Mig: 31.88% | Disp95: 583.2 | Ent: 13.07 | Mom: 0.59
..........[10/32] L:6.4078 TPS:1098.2 ..........[20/32] L:5.7901 TPS:1116.2 ..........[30/32] L:5.5387 TPS:1121.9 ..
[SYNC] Step 248 finalizing...
[PRIME] Step 248  | Loss: 203.7921 | Mig: 32.94% | Disp95: 584.1 | Ent: 13.07 | Mom: 0.59
..........[10/32] L:4.6396 TPS:1142.8 ..........[20/32] L:3.8366 TPS:1137.8 ..........[30/32] L:3.9085 TPS:1135.2 ..
[SYNC] Step 249 finalizing...
[PRIME] Step 249  | Loss: 203.5762 | Mig: 33.18% | Disp95: 585.4 | Ent: 13.07 | Mom: 0.62
..........[10/32] L:6.2985 TPS:1142.7 ..........[20/32] L:4.8778 TPS:1143.0 ..........[30/32] L:4.3382 TPS:1142.9 ..
[SYNC] Step 250 finalizing...
[TRINITY] Thermal noise injection at step 250...
[PRIME] Step 250  | Loss: 203.4220 | Mig: 32.81% | Disp95: 586.3 | Ent: 13.07 | Mom: 0.61
[CKPT] Saved prime_step_b_250.pt
..........[10/32] L:5.5623 TPS:1126.3 ..........[20/32] L:5.8462 TPS:1132.5 ..........[30/32] L:4.1786 TPS:1142.7 ..
[SYNC] Step 251 finalizing...
[PRIME] Step 251  | Loss: 203.2822 | Mig: 34.05% | Disp95: 589.5 | Ent: 13.07 | Mom: 0.64
..........[10/32] L:5.6062 TPS:1111.9 ..........[20/32] L:6.3423 TPS:1124.3 ..........[30/32] L:4.5143 TPS:1139.4 ..
[SYNC] Step 252 finalizing...
[PRIME] Step 252  | Loss: 203.1380 | Mig: 35.76% | Disp95: 590.8 | Ent: 13.07 | Mom: 0.64
..........[10/32] L:4.9807 TPS:1138.2 ..........[20/32] L:5.5072 TPS:1124.7 ..........[30/32] L:6.2150 TPS:1130.6 ..
[SYNC] Step 253 finalizing...
[PRIME] Step 253  | Loss: 202.9975 | Mig: 34.76% | Disp95: 592.0 | Ent: 13.08 | Mom: 0.64
..........[10/32] L:4.4996 TPS:1139.3 ..........[20/32] L:5.3133 TPS:1142.0 ..........[30/32] L:5.2793 TPS:1142.8 ..
[SYNC] Step 254 finalizing...
[PRIME] Step 254  | Loss: 202.8728 | Mig: 34.06% | Disp95: 592.9 | Ent: 13.08 | Mom: 0.62
..........[10/32] L:4.3713 TPS:1124.8 ..........[20/32] L:5.0089 TPS:1140.5 ..........[30/32] L:1.8217 TPS:1143.4 ..
[SYNC] Step 255 finalizing...
[PRIME] Step 255  | Loss: 202.7488 | Mig: 32.51% | Disp95: 594.4 | Ent: 13.08 | Mom: 0.60
..........[10/32] L:5.7181 TPS:1129.6 ..........[20/32] L:6.1902 TPS:1137.2 ..........[30/32] L:5.1581 TPS:1131.3 ..
[SYNC] Step 256 finalizing...
[PRIME] Step 256  | Loss: 202.6072 | Mig: 31.47% | Disp95: 595.6 | Ent: 13.08 | Mom: 0.59
..........[10/32] L:3.8896 TPS:1128.0 ..........[20/32] L:4.8472 TPS:1139.7 ..........[30/32] L:4.7785 TPS:1134.1 ..
[SYNC] Step 257 finalizing...
[PRIME] Step 257  | Loss: 202.4296 | Mig: 32.10% | Disp95: 597.5 | Ent: 13.08 | Mom: 0.59
..........[10/32] L:6.0392 TPS:1139.3 ..........[20/32] L:4.9552 TPS:1126.8 ..........[30/32] L:5.7383 TPS:1134.5 ..
[SYNC] Step 258 finalizing...
[PRIME] Step 258  | Loss: 202.2555 | Mig: 32.71% | Disp95: 598.8 | Ent: 13.08 | Mom: 0.61
..........[10/32] L:5.0949 TPS:1127.3 ..........[20/32] L:5.9150 TPS:1123.3 ..........[30/32] L:5.4344 TPS:1120.4 ..
[SYNC] Step 259 finalizing...
[PRIME] Step 259  | Loss: 202.1005 | Mig: 33.79% | Disp95: 600.8 | Ent: 13.08 | Mom: 0.62
..........[10/32] L:8.8615 TPS:1137.4 ..........[20/32] L:4.5589 TPS:1142.6 ..........[30/32] L:5.3536 TPS:1141.6 ..
[SYNC] Step 260 finalizing...
[PRIME] Step 260  | Loss: 201.9635 | Mig: 32.60% | Disp95: 602.0 | Ent: 13.08 | Mom: 0.59
..........[10/32] L:4.2115 TPS:1138.2 ..........[20/32] L:4.5638 TPS:1140.1 ..........[30/32] L:4.8346 TPS:1145.7 ..
[SYNC] Step 261 finalizing...
[PRIME] Step 261  | Loss: 201.8475 | Mig: 34.96% | Disp95: 602.9 | Ent: 13.08 | Mom: 0.59
..........[10/32] L:5.8221 TPS:1134.8 ..........[20/32] L:3.5750 TPS:1139.6 ..........[30/32] L:6.5186 TPS:1132.0 ..
[SYNC] Step 262 finalizing...
[PRIME] Step 262  | Loss: 201.7040 | Mig: 32.93% | Disp95: 604.4 | Ent: 13.08 | Mom: 0.60
..........[10/32] L:5.2978 TPS:1151.1 ..........[20/32] L:6.5383 TPS:1141.8 ..........[30/32] L:7.0979 TPS:1137.1 ..
[SYNC] Step 263 finalizing...
[PRIME] Step 263  | Loss: 201.5935 | Mig: 34.17% | Disp95: 605.6 | Ent: 13.08 | Mom: 0.59
..........[10/32] L:5.1659 TPS:1105.2 ..........[20/32] L:7.0592 TPS:1108.2 ..........[30/32] L:5.2420 TPS:1118.4 ..
[SYNC] Step 264 finalizing...
[PRIME] Step 264  | Loss: 201.4540 | Mig: 32.15% | Disp95: 607.4 | Ent: 13.08 | Mom: 0.58
..........[10/32] L:6.1544 TPS:1136.1 ..........[20/32] L:5.6919 TPS:1135.5 ..........[30/32] L:5.7416 TPS:1135.1 ..
[SYNC] Step 265 finalizing...
[PRIME] Step 265  | Loss: 201.3016 | Mig: 35.55% | Disp95: 608.4 | Ent: 13.08 | Mom: 0.61
..........[10/32] L:4.8244 TPS:1146.5 ..........[20/32] L:7.2329 TPS:1133.4 ..........[30/32] L:6.4630 TPS:1136.3 ..
[SYNC] Step 266 finalizing...
[PRIME] Step 266  | Loss: 201.1773 | Mig: 32.76% | Disp95: 609.8 | Ent: 13.08 | Mom: 0.61
..........[10/32] L:6.4910 TPS:1133.6 ..........[20/32] L:4.6381 TPS:1133.6 ..........[30/32] L:4.3053 TPS:1134.8 ..
[SYNC] Step 267 finalizing...
[PRIME] Step 267  | Loss: 201.0584 | Mig: 36.21% | Disp95: 611.6 | Ent: 13.08 | Mom: 0.62
..........[10/32] L:4.8202 TPS:1088.2 ..........[20/32] L:4.9613 TPS:1101.4 ..........[30/32] L:5.2925 TPS:1107.4 ..
[SYNC] Step 268 finalizing...
[PRIME] Step 268  | Loss: 200.9256 | Mig: 33.84% | Disp95: 612.5 | Ent: 13.08 | Mom: 0.62
..........[10/32] L:5.0385 TPS:1136.7 ..........[20/32] L:6.1089 TPS:1143.8 ..........[30/32] L:4.6398 TPS:1135.4 ..
[SYNC] Step 269 finalizing...
[PRIME] Step 269  | Loss: 200.7967 | Mig: 36.45% | Disp95: 613.5 | Ent: 13.08 | Mom: 0.63
..........[10/32] L:4.6592 TPS:1115.6 ..........[20/32] L:4.4231 TPS:1105.8 ..........[30/32] L:4.0984 TPS:1111.1 ..
[SYNC] Step 270 finalizing...
[PRIME] Step 270  | Loss: 200.6442 | Mig: 35.07% | Disp95: 614.7 | Ent: 13.08 | Mom: 0.66
..........[10/32] L:6.4969 TPS:1153.8 ..........[20/32] L:6.5304 TPS:1146.5 ..........[30/32] L:4.9206 TPS:1141.6 ..
[SYNC] Step 271 finalizing...
[PRIME] Step 271  | Loss: 200.5414 | Mig: 33.58% | Disp95: 615.9 | Ent: 13.08 | Mom: 0.59
..........[10/32] L:4.5386 TPS:1150.8 ..........[20/32] L:4.6434 TPS:1150.7 ..........[30/32] L:5.9817 TPS:1138.9 ..
[SYNC] Step 272 finalizing...
[PRIME] Step 272  | Loss: 200.4061 | Mig: 36.10% | Disp95: 617.6 | Ent: 13.08 | Mom: 0.63
..........[10/32] L:4.3785 TPS:1132.7 ..........[20/32] L:6.0625 TPS:1132.0 ..........[30/32] L:4.4027 TPS:1136.1 ..
[SYNC] Step 273 finalizing...
[PRIME] Step 273  | Loss: 200.2779 | Mig: 33.68% | Disp95: 620.0 | Ent: 13.08 | Mom: 0.62
..........[10/32] L:5.1994 TPS:1126.2 ..........[20/32] L:5.4595 TPS:1138.0 ..........[30/32] L:5.1008 TPS:1141.2 ..
[SYNC] Step 274 finalizing...
[PRIME] Step 274  | Loss: 200.1146 | Mig: 32.90% | Disp95: 621.8 | Ent: 13.08 | Mom: 0.57
..........[10/32] L:7.3864 TPS:1107.1 ..........[20/32] L:4.4170 TPS:1120.1 ..........[30/32] L:3.2894 TPS:1124.1 ..
[SYNC] Step 275 finalizing...
[PRIME] Step 275  | Loss: 199.9744 | Mig: 32.01% | Disp95: 622.7 | Ent: 13.08 | Mom: 0.57
..........[10/32] L:6.9360 TPS:1124.3 ..........[20/32] L:4.2675 TPS:1125.6 ..........[30/32] L:4.3501 TPS:1119.7 ..
[SYNC] Step 276 finalizing...
[PRIME] Step 276  | Loss: 199.8279 | Mig: 33.31% | Disp95: 624.1 | Ent: 13.08 | Mom: 0.61
..........[10/32] L:5.5922 TPS:1116.9 ..........[20/32] L:6.3274 TPS:1116.7 ..........[30/32] L:4.2588 TPS:1107.9 ..
[SYNC] Step 277 finalizing...
[PRIME] Step 277  | Loss: 199.7350 | Mig: 32.51% | Disp95: 625.4 | Ent: 13.08 | Mom: 0.58
..........[10/32] L:4.9235 TPS:1118.6 ..........[20/32] L:7.3512 TPS:1125.7 ..........[30/32] L:3.3523 TPS:1117.8 ..
[SYNC] Step 278 finalizing...
[PRIME] Step 278  | Loss: 199.6151 | Mig: 34.26% | Disp95: 626.5 | Ent: 13.08 | Mom: 0.61
..........[10/32] L:5.3090 TPS:1106.5 ..........[20/32] L:4.0163 TPS:1111.0 ..........[30/32] L:4.1795 TPS:1112.4 ..
[SYNC] Step 279 finalizing...
[PRIME] Step 279  | Loss: 199.4588 | Mig: 34.62% | Disp95: 627.8 | Ent: 13.08 | Mom: 0.61
..........[10/32] L:5.6293 TPS:1102.2 ..........[20/32] L:5.2825 TPS:1114.8 ..........[30/32] L:3.1569 TPS:1116.2 ..
[SYNC] Step 280 finalizing...
[PRIME] Step 280  | Loss: 199.3226 | Mig: 33.68% | Disp95: 629.3 | Ent: 13.08 | Mom: 0.62
..........[10/32] L:4.4255 TPS:1116.8 ..........[20/32] L:5.3122 TPS:1112.4 ..........[30/32] L:4.7677 TPS:1104.1 ..
[SYNC] Step 281 finalizing...
[PRIME] Step 281  | Loss: 199.1607 | Mig: 32.98% | Disp95: 630.2 | Ent: 13.08 | Mom: 0.60
..........[10/32] L:4.1498 TPS:1124.0 ..........[20/32] L:6.5339 TPS:1119.6 ..........[30/32] L:4.1130 TPS:1139.8 ..
[SYNC] Step 282 finalizing...
[PRIME] Step 282  | Loss: 199.0239 | Mig: 33.24% | Disp95: 631.1 | Ent: 13.08 | Mom: 0.59
..........[10/32] L:5.6974 TPS:1171.5 ..........[20/32] L:7.2745 TPS:1167.3 ..........[30/32] L:6.6484 TPS:1163.5 ..
[SYNC] Step 283 finalizing...
[PRIME] Step 283  | Loss: 198.8706 | Mig: 36.17% | Disp95: 632.2 | Ent: 13.08 | Mom: 0.62
..........[10/32] L:4.4148 TPS:1129.7 ..........[20/32] L:3.8929 TPS:1130.9 ..........[30/32] L:4.2824 TPS:1128.6 ..
[SYNC] Step 284 finalizing...
[PRIME] Step 284  | Loss: 198.6912 | Mig: 36.63% | Disp95: 634.0 | Ent: 13.08 | Mom: 0.63
..........[10/32] L:4.1112 TPS:1120.1 ..........[20/32] L:3.8084 TPS:1132.1 ..........[30/32] L:4.6631 TPS:1137.3 ..
[SYNC] Step 285 finalizing...
[PRIME] Step 285  | Loss: 198.5560 | Mig: 36.86% | Disp95: 634.8 | Ent: 13.08 | Mom: 0.65
..........[10/32] L:4.0737 TPS:1078.1 ..........[20/32] L:5.4776 TPS:1115.1 ..........[30/32] L:6.2270 TPS:1126.5 ..
[SYNC] Step 286 finalizing...
[PRIME] Step 286  | Loss: 198.4487 | Mig: 33.71% | Disp95: 637.1 | Ent: 13.08 | Mom: 0.60
..........[10/32] L:3.9910 TPS:1144.5 ..........[20/32] L:3.7283 TPS:1141.5 ..........[30/32] L:5.0559 TPS:1135.0 ..
[SYNC] Step 287 finalizing...
[PRIME] Step 287  | Loss: 198.3140 | Mig: 34.18% | Disp95: 638.0 | Ent: 13.08 | Mom: 0.60
..........[10/32] L:4.3669 TPS:1149.3 ..........[20/32] L:4.0863 TPS:1137.9 ..........[30/32] L:4.4352 TPS:1138.3 ..
[SYNC] Step 288 finalizing...
[PRIME] Step 288  | Loss: 198.1588 | Mig: 34.37% | Disp95: 640.0 | Ent: 13.08 | Mom: 0.63
..........[10/32] L:5.6538 TPS:1118.3 ..........[20/32] L:4.2396 TPS:1115.2 ..........[30/32] L:3.5537 TPS:1117.8 ..
[SYNC] Step 289 finalizing...
[PRIME] Step 289  | Loss: 198.0456 | Mig: 32.15% | Disp95: 641.1 | Ent: 13.08 | Mom: 0.59
..........[10/32] L:4.5078 TPS:1156.1 ..........[20/32] L:4.4724 TPS:1154.2 ..........[30/32] L:4.6205 TPS:1154.3 ..
[SYNC] Step 290 finalizing...
[PRIME] Step 290  | Loss: 197.9071 | Mig: 34.26% | Disp95: 642.4 | Ent: 13.08 | Mom: 0.60
..........[10/32] L:6.4875 TPS:1137.9 ..........[20/32] L:5.4059 TPS:1136.5 ..........[30/32] L:5.0483 TPS:1139.1 ..
[SYNC] Step 291 finalizing...
[PRIME] Step 291  | Loss: 197.7887 | Mig: 33.21% | Disp95: 643.2 | Ent: 13.08 | Mom: 0.59
..........[10/32] L:4.9371 TPS:1111.1 ..........[20/32] L:5.3773 TPS:1122.7 ..........[30/32] L:4.1473 TPS:1128.8 ..
[SYNC] Step 292 finalizing...
[PRIME] Step 292  | Loss: 197.6548 | Mig: 38.88% | Disp95: 644.2 | Ent: 13.08 | Mom: 0.66
..........[10/32] L:6.3279 TPS:1136.4 ..........[20/32] L:6.0299 TPS:1120.4 ..........[30/32] L:4.5474 TPS:1129.5 ..
[SYNC] Step 293 finalizing...
[PRIME] Step 293  | Loss: 197.5184 | Mig: 35.57% | Disp95: 645.2 | Ent: 13.08 | Mom: 0.63
..........[10/32] L:5.8597 TPS:1144.9 ..........[20/32] L:2.8495 TPS:1134.5 ..........[30/32] L:4.6007 TPS:1124.1 ..
[SYNC] Step 294 finalizing...
[PRIME] Step 294  | Loss: 197.3762 | Mig: 37.18% | Disp95: 646.2 | Ent: 13.08 | Mom: 0.61
..........[10/32] L:4.2502 TPS:1105.3 ..........[20/32] L:5.7452 TPS:1111.8 ..........[30/32] L:4.0779 TPS:1121.3 ..
[SYNC] Step 295 finalizing...
[PRIME] Step 295  | Loss: 197.2682 | Mig: 34.22% | Disp95: 647.6 | Ent: 13.08 | Mom: 0.59
..........[10/32] L:4.1647 TPS:1137.3 ..........[20/32] L:4.4908 TPS:1136.4 ..........[30/32] L:5.3018 TPS:1139.1 ..
[SYNC] Step 296 finalizing...
[PRIME] Step 296  | Loss: 197.1196 | Mig: 36.73% | Disp95: 648.5 | Ent: 13.08 | Mom: 0.60
..........[10/32] L:4.4965 TPS:1159.0 ..........[20/32] L:3.0118 TPS:1146.3 ..........[30/32] L:4.9311 TPS:1138.5 ..
[SYNC] Step 297 finalizing...
[PRIME] Step 297  | Loss: 196.9595 | Mig: 33.88% | Disp95: 649.6 | Ent: 13.08 | Mom: 0.58
..........[10/32] L:2.3786 TPS:1142.7 ..........[20/32] L:5.0555 TPS:1131.8 ..........[30/32] L:4.3945 TPS:1132.5 ..
[SYNC] Step 298 finalizing...
[PRIME] Step 298  | Loss: 196.8153 | Mig: 38.71% | Disp95: 650.8 | Ent: 13.08 | Mom: 0.64
..........[10/32] L:5.5687 TPS:1115.1 ..........[20/32] L:4.7086 TPS:1136.8 ..........[30/32] L:5.0282 TPS:1131.6 ..
[SYNC] Step 299 finalizing...
[PRIME] Step 299  | Loss: 196.6973 | Mig: 34.89% | Disp95: 652.2 | Ent: 13.08 | Mom: 0.61
..........[10/32] L:4.3018 TPS:1142.9 ..........[20/32] L:5.5336 TPS:1154.1 ..........[30/32] L:4.3996 TPS:1140.7 ..
[SYNC] Step 300 finalizing...
[TRINITY] Thermal noise injection at step 300...
[PRIME] Step 300  | Loss: 196.5691 | Mig: 37.91% | Disp95: 653.6 | Ent: 13.08 | Mom: 0.62
[CKPT] Saved prime_step_b_300.pt
..........[10/32] L:3.6779 TPS:1147.3 ..........[20/32] L:6.4755 TPS:1120.7 ..........[30/32] L:3.8947 TPS:1117.1 ..
[SYNC] Step 301 finalizing...
[PRIME] Step 301  | Loss: 196.4503 | Mig: 34.25% | Disp95: 655.0 | Ent: 13.08 | Mom: 0.59
..
============================================================
[PRIME] Mamba-130m PRIME Training — PID 2169765
[PRIME] Device: cuda
============================================================
[INIT] Loading tokenizer and base architecture...
........[10/32] L:3.5011 TPS:1089.2 .....Loading weights:   0%|          | 0/242 [00:00<?, ?it/s]Loading weights: 100%|##########| 242/242 [00:00<00:00, 5845.15it/s]
..[PRIME] LUT built: 65536 points, range [-2.0000, 2.0000]
.[LOAD] checkpoint step: 300
[LOAD] PRIME layers restored: 25
[LOAD] LUT entries referenced: 65536
.[LOAD] total parameters restored successfully (missing: 0, unexpected: 0)
[INIT] Moving model to CPU for generation (GPU is busy training)...

==================================================
      GENERATION TESTS (STEP 300 CHECKPOINT)
==================================================

[PROMPT] Explain gravity:
.[20/32] L:2.8976 TPS:1047.0 ..........[30/32] L:3.1726 TPS:969.5 ..
[SYNC] Step 302 finalizing...
[PRIME] Step 302  | Loss: 196.3269 | Mig: 35.28% | Disp95: 656.3 | Ent: 13.08 | Mom: 0.58
..........[10/32] L:4.9997 TPS:923.8 ..........[20/32] L:5.8166 TPS:930.8 ..........[30/32] L:5.2826 TPS:918.3 .[OUTPUT]
def l_2(2, 2, 4):
    return 'def'

def the_
    def[1]
--------------------------------------------------

[PROMPT] Write Python code for a fibonacci function:
```python

.
[SYNC] Step 303 finalizing...
[PRIME] Step 303  | Loss: 196.2180 | Mig: 33.57% | Disp95: 657.3 | Ent: 13.08 | Mom: 0.61
..........[10/32] L:3.5094 TPS:868.1 ..........[20/32] L:5.6990 TPS:885.6 ..........[30/32] L:6.0287 TPS:907.8 ..
[SYNC] Step 304 finalizing...
[PRIME] Step 304  | Loss: 196.0854 | Mig: 34.07% | Disp95: 658.9 | Ent: 13.08 | Mom: 0.57
..........[10/32] L:5.3495 TPS:930.7 ..........[20/32] L:5.1674 TPS:913.7 ..........[30/32] L:4.8473 TPS:926.2 ..
[SYNC] Step 305 finalizing...
[PRIME] Step 305  | Loss: 195.9805 | Mig: 33.15% | Disp95: 660.2 | Ent: 13.08 | Mom: 0.58
..........[10/32] L:4.9651 TPS:895.8 [OUTPUT]
def[1, 7, 1]
    print((A, 'com'
    ____)

def put___()
    return the_list

#c
print(2, 2)
--------------------------------------------------

[PROMPT] The capital of France is
..........[20/32] L:4.9923 TPS:876.5 ..........[30/32] L:5.4672 TPS:870.0 ..
[SYNC] Step 306 finalizing...
[PRIME] Step 306  | Loss: 195.8486 | Mig: 33.73% | Disp95: 661.3 | Ent: 13.08 | Mom: 0.58
..........[10/32] L:3.8438 TPS:895.7 ..........[20/32] L:4.7897 TPS:927.4 ..........[30/32] L:4.8947 TPS:925.6 ..
[SYNC] Step 307 finalizing...
[PRIME] Step 307  | Loss: 195.7488 | Mig: 33.39% | Disp95: 662.1 | Ent: 13.08 | Mom: 0.58
.......[OUTPUT]
def except__to_list(i, 

print(, 
print(def in_(print(1,1, 1):
for i in range(0)
--------------------------------------------------

[PROMPT] Question: What is 2+2?
Answer:
...[10/32] L:3.8815 TPS:879.0 ..........[20/32] L:4.6077 TPS:899.1 ..........[30/32] L:3.8315 TPS:877.3 ..
[SYNC] Step 308 finalizing...
[PRIME] Step 308  | Loss: 195.6518 | Mig: 34.54% | Disp95: 663.9 | Ent: 13.08 | Mom: 0.61
..........[10/32] L:4.1501 TPS:905.4 ..........[20/32] L:6.0070 TPS:883.0 ..........[30/32] L:5.2325 TPS:896.9 ..
[SYNC] Step 309 finalizing...
[PRIME] Step 309  | Loss: 195.5172 | Mig: 33.99% | Disp95: 664.8 | Ent: 13.08 | Mom: 0.61
..........[10/32] L:5.3719 TPS:937.1 ..........[20/32] L:4.0209 TPS:932.8 ..........[30/32] L:3.8297 TPS:931.3 ..
[SYNC] Step 310 finalizing...
[PRIME] Step 310  | Loss: 195.3879 | Mig: 33.85% | Disp95: 666.1 | Ent: 13.08 | Mom: 0.62
..........[10/32] L:4.8224 TPS:952.5 ..........[20/32] L:3.6200 TPS:928.1 ..........[30/32] L:4.7595 TPS:931.2 ..
[SYNC] Step 311 finalizing...
[PRIME] Step 311  | Loss: 195.2584 | Mig: 32.69% | Disp95: 667.3 | Ent: 13.08 | Mom: 0.60
..........[10/32] L:3.3809 TPS:927.1 ..........[20/32] L:6.1254 TPS:879.4 ..........[30/32] L:4.2510 TPS:893.8 [OUTPUT]
def list__defs_ = [1, 4, 4, 6, 6, 4, 5, 5, 3, 3, 3, 6,unnumbered

def find_A_if(1,3, 4):
    print(____def(y_ = 1)
    print( =, 2, 6, 16)
    return the_on_:
        print(, 'def.1, 1, 2,1,
--------------------------------------------------

[PROMPT] Write a python function def quicksort(arr):
..
[SYNC] Step 312 finalizing...
[PRIME] Step 312  | Loss: 195.1555 | Mig: 33.85% | Disp95: 668.4 | Ent: 13.08 | Mom: 0.60
..........[10/32] L:5.9087 TPS:857.6 ........[OUTPUT]
print(def_(_def, c):
    _
--------------------------------------------------
..[20/32] L:4.9695 TPS:827.2 ..........[30/32] L:4.4361 TPS:902.9 ..
[SYNC] Step 313 finalizing...
[PRIME] Step 313  | Loss: 195.0467 | Mig: 34.83% | Disp95: 669.6 | Ent: 13.08 | Mom: 0.63
..........[10/32] L:4.9298 TPS:1136.6 ..........[20/32] L:5.8077 TPS:1147.5 ..........[30/32] L:7.0462 TPS:1132.3 ..
[SYNC] Step 314 finalizing...
[PRIME] Step 314  | Loss: 194.9204 | Mig: 33.90% | Disp95: 670.5 | Ent: 13.08 | Mom: 0.61
..........[10/32] L:5.4593 TPS:1138.1 ..........[20/32] L:5.9156 TPS:1152.1 ..........[30/32] L:4.2248 TPS:1153.5 ..
[SYNC] Step 315 finalizing...
[PRIME] Step 315  | Loss: 194.8133 | Mig: 36.90% | Disp95: 672.0 | Ent: 13.08 | Mom: 0.64
..........[10/32] L:4.6503 TPS:1149.4 ..........[20/32] L:4.5377 TPS:1145.9 ..........[30/32] L:3.4857 TPS:1149.4 ..
[SYNC] Step 316 finalizing...
[PRIME] Step 316  | Loss: 194.6730 | Mig: 36.44% | Disp95: 673.6 | Ent: 13.08 | Mom: 0.65
..........[10/32] L:4.1133 TPS:1121.2 ..........[20/32] L:3.8930 TPS:1128.1 ..........[30/32] L:7.1948 TPS:1116.9 ..
[SYNC] Step 317 finalizing...
[PRIME] Step 317  | Loss: 194.5544 | Mig: 33.98% | Disp95: 675.1 | Ent: 13.08 | Mom: 0.61
..........[10/32] L:5.3366 TPS:1073.5 ..........[20/32] L:5.3416 TPS:1071.4 ..........[30/32] L:5.0615 TPS:1078.1 ..
[SYNC] Step 318 finalizing...
[PRIME] Step 318  | Loss: 194.4295 | Mig: 35.29% | Disp95: 676.6 | Ent: 13.08 | Mom: 0.62
..........[10/32] L:4.2461 TPS:1080.7 ..........[20/32] L:3.4430 TPS:1104.9 ..........[30/32] L:3.7975 TPS:1127.8 ..
[SYNC] Step 319 finalizing...
[PRIME] Step 319  | Loss: 194.2869 | Mig: 34.63% | Disp95: 678.1 | Ent: 13.08 | Mom: 0.61
..........[10/32] L:3.2369 TPS:1154.7 ..........[20/32] L:3.8524 TPS:1153.7 ..........[30/32] L:2.1446 TPS:1150.0 ..
[SYNC] Step 320 finalizing...
[PRIME] Step 320  | Loss: 194.1494 | Mig: 34.69% | Disp95: 679.2 | Ent: 13.08 | Mom: 0.62
..........[10/32] L:3.2179 TPS:1160.6 ..........[20/32] L:5.3922 TPS:1145.0 ..........[30/32] L:4.2926 TPS:1146.0 ..
[SYNC] Step 321 finalizing...
[PRIME] Step 321  | Loss: 194.0192 | Mig: 35.07% | Disp95: 680.0 | Ent: 13.08 | Mom: 0.64
..........[10/32] L:4.1025 TPS:1140.4 ..........[20/32] L:3.6736 TPS:1133.5 ..........[30/32] L:3.9513 TPS:1138.3 ..
[SYNC] Step 322 finalizing...
[PRIME] Step 322  | Loss: 193.8795 | Mig: 33.40% | Disp95: 681.8 | Ent: 13.08 | Mom: 0.60
..........[10/32] L:3.9934 TPS:1166.6 ..........[20/32] L:3.8018 TPS:1160.7 ..........[30/32] L:3.3412 TPS:1162.2 ..
[SYNC] Step 323 finalizing...
[PRIME] Step 323  | Loss: 193.7246 | Mig: 34.09% | Disp95: 683.0 | Ent: 13.08 | Mom: 0.61
..........[10/32] L:4.1120 TPS:1122.2 ..........[20/32] L:5.8542 TPS:1145.6 ..........[30/32] L:6.6285 TPS:1140.9 ..
[SYNC] Step 324 finalizing...
[PRIME] Step 324  | Loss: 193.6236 | Mig: 34.62% | Disp95: 684.8 | Ent: 13.08 | Mom: 0.63
..........[10/32] L:3.7248 TPS:1122.3 ..........[20/32] L:5.2444 TPS:1126.7 ..........[30/32] L:4.3447 TPS:1133.9 ..
[SYNC] Step 325 finalizing...
[PRIME] Step 325  | Loss: 193.4810 | Mig: 35.30% | Disp95: 685.5 | Ent: 13.08 | Mom: 0.63
..........[10/32] L:5.6248 TPS:1146.6 ..........[20/32] L:5.7349 TPS:1152.1 ..........[30/32] L:3.9538 TPS:1148.1 ..
[SYNC] Step 326 finalizing...
[PRIME] Step 326  | Loss: 193.3864 | Mig: 34.40% | Disp95: 686.5 | Ent: 13.08 | Mom: 0.61
..........[10/32] L:3.2212 TPS:1183.8 ..........[20/32] L:3.6460 TPS:1176.6 ..........[30/32] L:5.0962 TPS:1170.2 ..
[SYNC] Step 327 finalizing...
[PRIME] Step 327  | Loss: 193.2458 | Mig: 37.51% | Disp95: 687.4 | Ent: 13.08 | Mom: 0.65
..........[10/32] L:5.2981 TPS:1156.0 ..........[20/32] L:4.0204 TPS:1154.2 ..........[30/32] L:4.2991 TPS:1150.9 ..
[SYNC] Step 328 finalizing...
[PRIME] Step 328  | Loss: 193.1485 | Mig: 36.14% | Disp95: 688.6 | Ent: 13.08 | Mom: 0.64
..........[10/32] L:3.5998 TPS:1159.8 ..........[20/32] L:4.8043 TPS:1154.1 ..........[30/32] L:3.4678 TPS:1160.2 ..
[SYNC] Step 329 finalizing...
[PRIME] Step 329  | Loss: 193.0228 | Mig: 34.90% | Disp95: 689.7 | Ent: 13.08 | Mom: 0.62
..........[10/32] L:5.1738 TPS:1140.6 ..........[20/32] L:3.8640 TPS:1147.0 ..........[30/32] L:5.0395 TPS:1148.0 ..
[SYNC] Step 330 finalizing...
[PRIME] Step 330  | Loss: 192.9082 | Mig: 34.97% | Disp95: 691.2 | Ent: 13.08 | Mom: 0.64
..........[10/32] L:5.0948 TPS:1141.7 ..........[20/32] L:5.3780 TPS:1149.6 ..........[30/32] L:4.4828 TPS:1154.5 ..
[SYNC] Step 331 finalizing...
[PRIME] Step 331  | Loss: 192.7912 | Mig: 33.78% | Disp95: 692.4 | Ent: 13.08 | Mom: 0.62
..........[10/32] L:5.2234 TPS:1116.2 ..........[20/32] L:5.3159 TPS:1119.3 ..........[30/32] L:3.9905 TPS:1108.8 ..
[SYNC] Step 332 finalizing...
[PRIME] Step 332  | Loss: 192.6711 | Mig: 33.37% | Disp95: 693.8 | Ent: 13.08 | Mom: 0.61
..........[10/32] L:6.3728 TPS:1144.9 ..........[20/32] L:6.2129 TPS:1142.3 ..........[30/32] L:4.3295 TPS:1139.3 ..
[SYNC] Step 333 finalizing...
[PRIME] Step 333  | Loss: 192.5934 | Mig: 35.58% | Disp95: 695.6 | Ent: 13.08 | Mom: 0.63
..........[10/32] L:4.3535 TPS:1152.8 ..........[20/32] L:4.1358 TPS:1151.2 ..........[30/32] L:4.9741 TPS:1139.6 ..
[SYNC] Step 334 finalizing...
[PRIME] Step 334  | Loss: 192.4895 | Mig: 34.36% | Disp95: 696.5 | Ent: 13.08 | Mom: 0.63
..........[10/32] L:4.9299 TPS:1114.8 ..........[20/32] L:7.0263 TPS:1126.8 ..........[30/32] L:5.5065 TPS:1128.6 ..
[SYNC] Step 335 finalizing...
[PRIME] Step 335  | Loss: 192.4031 | Mig: 35.40% | Disp95: 698.3 | Ent: 13.08 | Mom: 0.63
..........[10/32] L:6.0949 TPS:1067.6 ..........[20/32] L:2.3232 TPS:1081.2 ..........[30/32] L:3.4465 TPS:1088.4 ..
[SYNC] Step 336 finalizing...
[PRIME] Step 336  | Loss: 192.2964 | Mig: 35.06% | Disp95: 699.8 | Ent: 13.08 | Mom: 0.66
..........[10/32] L:5.3778 TPS:1113.9 ..........[20/32] L:5.4866 TPS:1102.4 ..........[30/32] L:5.4660 TPS:1108.8 ..
[SYNC] Step 337 finalizing...
[PRIME] Step 337  | Loss: 192.1791 | Mig: 35.48% | Disp95: 700.8 | Ent: 13.08 | Mom: 0.64
..........[10/32] L:3.5552 TPS:1082.3 ..........[20/32] L:4.3586 TPS:1093.7 ..........[30/32] L:6.4510 TPS:1095.4 ..
[SYNC] Step 338 finalizing...
[PRIME] Step 338  | Loss: 192.0525 | Mig: 33.06% | Disp95: 702.2 | Ent: 13.08 | Mom: 0.61
..........[10/32] L:5.8853 TPS:1119.2 ..........[20/32] L:3.0773 TPS:1119.0 ..........[30/32] L:4.3003 TPS:1129.8 ..
[SYNC] Step 339 finalizing...
[PRIME] Step 339  | Loss: 191.9131 | Mig: 37.20% | Disp95: 703.3 | Ent: 13.08 | Mom: 0.66
..........[10/32] L:3.4007 TPS:1142.5 ..........[20/32] L:5.5562 TPS:1136.1 ..........[30/32] L:5.0543 TPS:1141.1 ..
[SYNC] Step 340 finalizing...
[PRIME] Step 340  | Loss: 191.8229 | Mig: 34.95% | Disp95: 704.8 | Ent: 13.08 | Mom: 0.66
..........[10/32] L:4.1825 TPS:1121.1 ..........[20/32] L:3.5776 TPS:1138.8 ..........[30/32] L:5.9448 TPS:1138.6 ..
[SYNC] Step 341 finalizing...
[PRIME] Step 341  | Loss: 191.6957 | Mig: 34.57% | Disp95: 706.1 | Ent: 13.08 | Mom: 0.61
..........[10/32] L:6.4508 TPS:1149.6 ..........[20/32] L:4.0699 TPS:1146.4 ..........[30/32] L:1.7300 TPS:1147.1 ..
[SYNC] Step 342 finalizing...
[PRIME] Step 342  | Loss: 191.5930 | Mig: 33.75% | Disp95: 707.2 | Ent: 13.08 | Mom: 0.62
..........[10/32] L:5.8703 TPS:1144.3 ..........[20/32] L:5.3968 TPS:1148.3 ..........[30/32] L:3.0189 TPS:1144.8 ..
[SYNC] Step 343 finalizing...
