

============================================================
[PRIME] Mamba3-300M from scratch — PID 2192491
[PRIME] Discrete-only optimizer: vote pressure on prime grid
============================================================
[PRIME] LUT: 65536 pts, range [-2.0000, 2.0000]
[INIT] Building model...
[INIT] Wrapped 56 linear layers with PrimeLinear (prime grid).
[INIT] Total params: 113.5M
[INIT] VRAM: 1.51 GB
[DATA] Loaded 218 OO chunks
[TRAIN] Starting pure-discrete PRIME training...
....[4/4] L:10.8756 
[SYNC] Step 1 — applying votes...
[PRIME] Step 1 | Loss: 10.8772 | Mig: 100.00% | Disp95: 7.5 | Ent: 5.61 | TPS: 145.4
....[4/4] L:10.9021 
[SYNC] Step 2 — applying votes...
[PRIME] Step 2 | Loss: 7.5950 | Mig: 54.66% | Disp95: 14.5 | Ent: 6.27 | TPS: 185.4
....[4/4] L:10.8557 
[SYNC] Step 3 — applying votes...
[PRIME] Step 3 | Loss: 5.3310 | Mig: 54.86% | Disp95: 23.2 | Ent: 6.70 | TPS: 181.5
....[4/4] L:3.8951 
[SYNC] Step 4 — applying votes...
[PRIME] Step 4 | Loss: 4.4158 | Mig: 56.26% | Disp95: 28.5 | Ent: 6.94 | TPS: 185.0
....[4/4] L:10.4314 
[SYNC] Step 5 — applying votes...
[PRIME] Step 5 | Loss: 8.5715 | Mig: 53.18% | Disp95: 32.2 | Ent: 7.10 | TPS: 182.7
....[4/4] L:1.8926 
[SYNC] Step 6 — applying votes...
[PRIME] Step 6 | Loss: 4.5736 | Mig: 53.32% | Disp95: 35.5 | Ent: 7.23 | TPS: 185.3
....[4/4] L:5.9158 
[SYNC] Step 7 — applying votes...
[PRIME] Step 7 | Loss: 4.4316 | Mig: 50.89% | Disp95: 42.1 | Ent: 7.31 | TPS: 181.5
....[4/4] L:3.3879 
[SYNC] Step 8 — applying votes...
[PRIME] Step 8 | Loss: 8.4213 | Mig: 49.12% | Disp95: 43.0 | Ent: 7.37 | TPS: 178.0
....[4/4] L:9.8839 
[SYNC] Step 9 — applying votes...
[PRIME] Step 9 | Loss: 4.6574 | Mig: 50.97% | Disp95: 47.3 | Ent: 7.43 | TPS: 181.5
....[4/4] L:9.9970 
[SYNC] Step 10 — applying votes...
[PRIME] Step 10 | Loss: 4.5212 | Mig: 53.30% | Disp95: 50.0 | Ent: 7.49 | TPS: 183.4
....[4/4] L:10.2136 
[SYNC] Step 11 — applying votes...
[PRIME] Step 11 | Loss: 6.6010 | Mig: 52.77% | Disp95: 51.8 | Ent: 7.54 | TPS: 185.5
....[4/4] L:10.3469 
[SYNC] Step 12 — applying votes...
[PRIME] Step 12 | Loss: 8.3939 | Mig: 53.12% | Disp95: 56.5 | Ent: 7.58 | TPS: 183.4
....[4/4] L:5.5887 
[SYNC] Step 13 — applying votes...
[PRIME] Step 13 | Loss: 3.7527 | Mig: 51.40% | Disp95: 57.8 | Ent: 7.62 | TPS: 183.5
....[4/4] L:1.5320 
[SYNC] Step 14 — applying votes...
[PRIME] Step 14 | Loss: 5.5180 | Mig: 50.15% | Disp95: 59.7 | Ent: 7.65 | TPS: 183.9
....[4/4] L:7.3025 
[SYNC] Step 15 — applying votes...
[PRIME] Step 15 | Loss: 4.8949 | Mig: 50.20% | Disp95: 62.8 | Ent: 7.68 | TPS: 183.9
....[4/4] L:3.0150 
[SYNC] Step 16 — applying votes...
[PRIME] Step 16 | Loss: 4.6033 | Mig: 48.98% | Disp95: 65.0 | Ent: 7.71 | TPS: 183.0
....[4/4] L:1.8146 
[SYNC] Step 17 — applying votes...
[PRIME] Step 17 | Loss: 4.2698 | Mig: 51.68% | Disp95: 66.7 | Ent: 7.74 | TPS: 180.9
....[4/4] L:3.7733 
[SYNC] Step 18 — applying votes...
[PRIME] Step 18 | Loss: 3.9666 | Mig: 50.07% | Disp95: 68.8 | Ent: 7.76 | TPS: 178.3
....[4/4] L:1.6336 
[SYNC] Step 19 — applying votes...
[PRIME] Step 19 | Loss: 5.4340 | Mig: 49.71% | Disp95: 71.1 | Ent: 7.79 | TPS: 184.6
....[4/4] L:8.6550 
[SYNC] Step 20 — applying votes...
[PRIME] Step 20 | Loss: 9.5559 | Mig: 46.75% | Disp95: 73.0 | Ent: 7.81 | TPS: 181.2
....[4/4] L:3.8990 
[SYNC] Step 21 — applying votes...
[PRIME] Step 21 | Loss: 5.0826 | Mig: 47.14% | Disp95: 74.1 | Ent: 7.82 | TPS: 175.5
....[4/4] L:10.0272 
[SYNC] Step 22 — applying votes...
[PRIME] Step 22 | Loss: 6.4655 | Mig: 47.61% | Disp95: 75.5 | Ent: 7.84 | TPS: 182.1
....[4/4] L:3.1529 
[SYNC] Step 23 — applying votes...
[PRIME] Step 23 | Loss: 3.3949 | Mig: 48.74% | Disp95: 77.3 | Ent: 7.86 | TPS: 182.4
....[4/4] L:9.7069 
[SYNC] Step 24 — applying votes...
[PRIME] Step 24 | Loss: 4.2676 | Mig: 48.18% | Disp95: 79.2 | Ent: 7.88 | TPS: 184.2
....[4/4] L:5.8801 
[SYNC] Step 25 — applying votes...
[PRIME] Step 25 | Loss: 5.7714 | Mig: 50.07% | Disp95: 80.8 | Ent: 7.89 | TPS: 182.3
....[4/4] L:1.9387 
[SYNC] Step 26 — applying votes...
[PRIME] Step 26 | Loss: 3.9322 | Mig: 51.38% | Disp95: 82.8 | Ent: 7.91 | TPS: 180.7
....[4/4] L:2.6089 
[SYNC] Step 27 — applying votes...
[PRIME] Step 27 | Loss: 6.2551 | Mig: 48.66% | Disp95: 83.4 | Ent: 7.92 | TPS: 183.0
....[4/4] L:2.2524 
[SYNC] Step 28 — applying votes...
[PRIME] Step 28 | Loss: 4.1723 | Mig: 48.14% | Disp95: 84.5 | Ent: 7.93 | TPS: 180.4
....[4/4] L:2.2223 
[SYNC] Step 29 — applying votes...
[PRIME] Step 29 | Loss: 3.6332 | Mig: 48.08% | Disp95: 85.8 | Ent: 7.95 | TPS: 177.9
....[4/4] L:7.1072 
[SYNC] Step 30 — applying votes...
[PRIME] Step 30 | Loss: 4.8143 | Mig: 48.20% | Disp95: 87.2 | Ent: 7.96 | TPS: 182.2
....[4/4] L:3.4673 
[SYNC] Step 31 — applying votes...
[PRIME] Step 31 | Loss: 5.1376 | Mig: 47.70% | Disp95: 88.7 | Ent: 7.97 | TPS: 170.9
....[4/4] L:5.4625 
[SYNC] Step 32 — applying votes...
[PRIME] Step 32 | Loss: 3.6834 | Mig: 48.13% | Disp95: 90.2 | Ent: 7.98 | TPS: 170.8
....[4/4] L:1.3070 
[SYNC] Step 33 — applying votes...
[PRIME] Step 33 | Loss: 5.7240 | Mig: 46.76% | Disp95: 90.9 | Ent: 7.99 | TPS: 183.0
....[4/4] L:3.1759 
[SYNC] Step 34 — applying votes...
[PRIME] Step 34 | Loss: 4.8100 | Mig: 50.17% | Disp95: 91.9 | Ent: 8.00 | TPS: 186.6
....[4/4] L:1.9510 
[SYNC] Step 35 — applying votes...
[PRIME] Step 35 | Loss: 4.1186 | Mig: 50.80% | Disp95: 93.2 | Ent: 8.01 | TPS: 185.8
....[4/4] L:6.0737 
[SYNC] Step 36 — applying votes...
[PRIME] Step 36 | Loss: 5.5641 | Mig: 49.13% | Disp95: 94.6 | Ent: 8.03 | TPS: 180.5
....[4/4] L:7.8232 
[SYNC] Step 37 — applying votes...
[PRIME] Step 37 | Loss: 5.9433 | Mig: 49.91% | Disp95: 96.2 | Ent: 8.04 | TPS: 173.5
....[4/4] L:3.1759 
[SYNC] Step 38 — applying votes...
[PRIME] Step 38 | Loss: 3.1736 | Mig: 49.10% | Disp95: 97.6 | Ent: 8.05 | TPS: 186.8
....[4/4] L:3.8224 
[SYNC] Step 39 — applying votes...
[PRIME] Step 39 | Loss: 6.2154 | Mig: 50.55% | Disp95: 98.5 | Ent: 8.06 | TPS: 187.6
....[4/4] L:8.6061 
[SYNC] Step 40 — applying votes...
[PRIME] Step 40 | Loss: 8.8701 | Mig: 48.03% | Disp95: 99.1 | Ent: 8.07 | TPS: 188.0
....[4/4] L:2.0695 
[SYNC] Step 41 — applying votes...
[PRIME] Step 41 | Loss: 4.7361 | Mig: 48.08% | Disp95: 99.9 | Ent: 8.07 | TPS: 188.7
....[4/4] L:2.5381 
[SYNC] Step 42 — applying votes...
[PRIME] Step 42 | Loss: 4.6787 | Mig: 48.03% | Disp95: 101.1 | Ent: 8.08 | TPS: 178.5
....[4/4] L:8.6046 
[SYNC] Step 43 — applying votes...
[PRIME] Step 43 | Loss: 7.4082 | Mig: 50.30% | Disp95: 102.4 | Ent: 8.09 | TPS: 187.3
....[4/4] L:4.6783 
[SYNC] Step 44 — applying votes...
[PRIME] Step 44 | Loss: 3.2027 | Mig: 47.73% | Disp95: 103.5 | Ent: 8.10 | TPS: 184.0
....[4/4] L:3.4032 
[SYNC] Step 45 — applying votes...
[PRIME] Step 45 | Loss: 3.4965 | Mig: 49.35% | Disp95: 105.0 | Ent: 8.11 | TPS: 189.1
....[4/4] L:3.0525 
[SYNC] Step 46 — applying votes...
[PRIME] Step 46 | Loss: 2.7673 | Mig: 49.90% | Disp95: 105.9 | Ent: 8.12 | TPS: 187.3
....[4/4] L:2.1426 
[SYNC] Step 47 — applying votes...
[PRIME] Step 47 | Loss: 6.5414 | Mig: 49.97% | Disp95: 106.5 | Ent: 8.12 | TPS: 187.7
....[4/4] L:3.5308 
[SYNC] Step 48 — applying votes...
[PRIME] Step 48 | Loss: 4.7989 | Mig: 50.03% | Disp95: 107.6 | Ent: 8.13 | TPS: 190.5
....[4/4] L:7.7358 
[SYNC] Step 49 — applying votes...
[PRIME] Step 49 | Loss: 5.8178 | Mig: 48.37% | Disp95: 108.2 | Ent: 8.14 | TPS: 188.3
....[4/4] L:9.4126 
[SYNC] Step 50 — applying votes...
[PRIME] Step 50 | Loss: 7.2941 | Mig: 49.99% | Disp95: 109.3 | Ent: 8.15 | TPS: 186.6
[CKPT] Saved prime_mamba3_50.pt
....[4/4] L:9.8452 
[SYNC] Step 51 — applying votes...
[PRIME] Step 51 | Loss: 7.3465 | Mig: 48.92% | Disp95: 110.3 | Ent: 8.15 | TPS: 185.7
....[4/4] L:9.1428 
[SYNC] Step 52 — applying votes...
[PRIME] Step 52 | Loss: 5.5119 | Mig: 50.09% | Disp95: 111.4 | Ent: 8.16 | TPS: 182.1
....[4/4] L:8.9152 
[SYNC] Step 53 — applying votes...
[PRIME] Step 53 | Loss: 4.6214 | Mig: 48.73% | Disp95: 112.4 | Ent: 8.17 | TPS: 184.3
....[4/4] L:8.0362 
[SYNC] Step 54 — applying votes...
[PRIME] Step 54 | Loss: 4.7271 | Mig: 49.80% | Disp95: 113.5 | Ent: 8.18 | TPS: 188.5
....[4/4] L:9.5702 
[SYNC] Step 55 — applying votes...
[PRIME] Step 55 | Loss: 5.5140 | Mig: 49.26% | Disp95: 114.0 | Ent: 8.18 | TPS: 186.4
....[4/4] L:6.0434 
[SYNC] Step 56 — applying votes...
[PRIME] Step 56 | Loss: 5.4562 | Mig: 50.65% | Disp95: 115.2 | Ent: 8.19 | TPS: 188.8
....[4/4] L:1.5166 
[SYNC] Step 57 — applying votes...
[PRIME] Step 57 | Loss: 6.5792 | Mig: 49.16% | Disp95: 116.0 | Ent: 8.20 | TPS: 188.3
....[4/4] L:2.0920 
[SYNC] Step 58 — applying votes...
[PRIME] Step 58 | Loss: 6.1310 | Mig: 49.63% | Disp95: 116.8 | Ent: 8.20 | TPS: 182.2
....[4/4] L:3.0764 
[SYNC] Step 59 — applying votes...
[PRIME] Step 59 | Loss: 6.8411 | Mig: 48.68% | Disp95: 117.9 | Ent: 8.21 | TPS: 189.8
....[4/4] L:9.1905 
[SYNC] Step 60 — applying votes...
[PRIME] Step 60 | Loss: 4.5894 | Mig: 50.43% | Disp95: 118.8 | Ent: 8.22 | TPS: 191.2
....[4/4] L:4.0247 
[SYNC] Step 61 — applying votes...
[PRIME] Step 61 | Loss: 7.7117 | Mig: 49.60% | Disp95: 119.7 | Ent: 8.22 | TPS: 187.5
....[4/4] L:2.2433 
[SYNC] Step 62 — applying votes...
[PRIME] Step 62 | Loss: 4.6861 | Mig: 49.00% | Disp95: 120.5 | Ent: 8.23 | TPS: 182.8
....[4/4] L:1.5772 
[SYNC] Step 63 — applying votes...
[PRIME] Step 63 | Loss: 2.1811 | Mig: 50.21% | Disp95: 121.5 | Ent: 8.23 | TPS: 186.2
....[4/4] L:9.4589 
[SYNC] Step 64 — applying votes...
[PRIME] Step 64 | Loss: 5.7768 | Mig: 49.68% | Disp95: 122.4 | Ent: 8.24 | TPS: 184.4
....[4/4] L:8.3836 
[SYNC] Step 65 — applying votes...
[PRIME] Step 65 | Loss: 5.6386 | Mig: 48.32% | Disp95: 123.0 | Ent: 8.25 | TPS: 183.6
....[4/4] L:7.3077 
[SYNC] Step 66 — applying votes...
[PRIME] Step 66 | Loss: 4.9321 | Mig: 49.33% | Disp95: 123.9 | Ent: 8.25 | TPS: 189.0
....[4/4] L:9.0890 
[SYNC] Step 67 — applying votes...
[PRIME] Step 67 | Loss: 6.9709 | Mig: 48.82% | Disp95: 124.8 | Ent: 8.26 | TPS: 187.0
....[4/4] L:3.2213 
[SYNC] Step 68 — applying votes...
[PRIME] Step 68 | Loss: 5.3621 | Mig: 48.31% | Disp95: 125.6 | Ent: 8.26 | TPS: 184.8
....[4/4] L:8.9003 
[SYNC] Step 69 — applying votes...
[PRIME] Step 69 | Loss: 4.7839 | Mig: 49.92% | Disp95: 126.8 | Ent: 8.27 | TPS: 187.1
....[4/4] L:1.8605 
[SYNC] Step 70 — applying votes...
[PRIME] Step 70 | Loss: 4.4486 | Mig: 48.60% | Disp95: 127.4 | Ent: 8.27 | TPS: 190.1
....[4/4] L:6.4592 
[SYNC] Step 71 — applying votes...
[PRIME] Step 71 | Loss: 5.1728 | Mig: 48.97% | Disp95: 128.3 | Ent: 8.28 | TPS: 187.1
....[4/4] L:4.7792 
[SYNC] Step 72 — applying votes...
[PRIME] Step 72 | Loss: 4.2046 | Mig: 47.08% | Disp95: 129.0 | Ent: 8.28 | TPS: 189.5
....[4/4] L:1.0358 
[SYNC] Step 73 — applying votes...
[PRIME] Step 73 | Loss: 3.2420 | Mig: 49.26% | Disp95: 129.9 | Ent: 8.29 | TPS: 188.1
....[4/4] L:2.3229 
[SYNC] Step 74 — applying votes...
[PRIME] Step 74 | Loss: 4.1726 | Mig: 50.44% | Disp95: 130.5 | Ent: 8.30 | TPS: 186.5
....[4/4] L:0.8768 
[SYNC] Step 75 — applying votes...
[PRIME] Step 75 | Loss: 4.2865 | Mig: 49.09% | Disp95: 131.6 | Ent: 8.30 | TPS: 182.6
....[4/4] L:8.4193 
[SYNC] Step 76 — applying votes...
[PRIME] Step 76 | Loss: 6.0863 | Mig: 49.51% | Disp95: 132.2 | Ent: 8.31 | TPS: 190.7
....[4/4] L:8.9420 
[SYNC] Step 77 — applying votes...
[PRIME] Step 77 | Loss: 5.8390 | Mig: 49.42% | Disp95: 133.1 | Ent: 8.31 | TPS: 187.6
....[4/4] L:3.0283 
[SYNC] Step 78 — applying votes...
[PRIME] Step 78 | Loss: 3.4625 | Mig: 47.57% | Disp95: 133.8 | Ent: 8.31 | TPS: 187.4
....[4/4] L:1.6828 
[SYNC] Step 79 — applying votes...
[PRIME] Step 79 | Loss: 1.9608 | Mig: 48.25% | Disp95: 134.3 | Ent: 8.32 | TPS: 187.3
....[4/4] L:1.8709 
[SYNC] Step 80 — applying votes...
[PRIME] Step 80 | Loss: 4.9444 | Mig: 50.27% | Disp95: 135.5 | Ent: 8.32 | TPS: 185.6
....[4/4] L:4.4825 
[SYNC] Step 81 — applying votes...
[PRIME] Step 81 | Loss: 5.7189 | Mig: 48.28% | Disp95: 136.1 | Ent: 8.33 | TPS: 186.3
....[4/4] L:6.8498 
[SYNC] Step 82 — applying votes...
[PRIME] Step 82 | Loss: 5.1250 | Mig: 49.16% | Disp95: 137.2 | Ent: 8.33 | TPS: 185.4
....[4/4] L:1.1899 
[SYNC] Step 83 — applying votes...
[PRIME] Step 83 | Loss: 3.6563 | Mig: 48.73% | Disp95: 137.6 | Ent: 8.34 | TPS: 184.0
....[4/4] L:7.9107 
[SYNC] Step 84 — applying votes...
[PRIME] Step 84 | Loss: 7.8995 | Mig: 48.46% | Disp95: 138.1 | Ent: 8.34 | TPS: 186.4
....[4/4] L:2.3238 
[SYNC] Step 85 — applying votes...
[PRIME] Step 85 | Loss: 3.0846 | Mig: 46.13% | Disp95: 138.8 | Ent: 8.35 | TPS: 182.6
....[4/4] L:1.5632 
[SYNC] Step 86 — applying votes...
[PRIME] Step 86 | Loss: 4.0750 | Mig: 48.59% | Disp95: 139.5 | Ent: 8.35 | TPS: 186.9
....[4/4] L:1.3061 
[SYNC] Step 87 — applying votes...
[PRIME] Step 87 | Loss: 3.7713 | Mig: 50.34% | Disp95: 140.1 | Ent: 8.36 | TPS: 186.5
....[4/4] L:4.5320 
[SYNC] Step 88 — applying votes...
[PRIME] Step 88 | Loss: 3.3581 | Mig: 49.70% | Disp95: 141.1 | Ent: 8.36 | TPS: 189.1
....[4/4] L:9.8758 
[SYNC] Step 89 — applying votes...
[PRIME] Step 89 | Loss: 5.8208 | Mig: 49.14% | Disp95: 141.5 | Ent: 8.36 | TPS: 187.9
....[4/4] L:1.1985 
[SYNC] Step 90 — applying votes...
[PRIME] Step 90 | Loss: 4.7627 | Mig: 47.57% | Disp95: 142.6 | Ent: 8.37 | TPS: 185.8
....[4/4] L:1.2061 
[SYNC] Step 91 — applying votes...
[PRIME] Step 91 | Loss: 3.3854 | Mig: 49.64% | Disp95: 143.9 | Ent: 8.37 | TPS: 186.8
....[4/4] L:2.8132 
[SYNC] Step 92 — applying votes...
[PRIME] Step 92 | Loss: 3.2882 | Mig: 49.49% | Disp95: 144.3 | Ent: 8.38 | TPS: 186.1
....[4/4] L:4.1439 
[SYNC] Step 93 — applying votes...
[PRIME] Step 93 | Loss: 5.5567 | Mig: 47.89% | Disp95: 144.8 | Ent: 8.38 | TPS: 187.2
....[4/4] L:7.4359 
[SYNC] Step 94 — applying votes...
[PRIME] Step 94 | Loss: 4.6785 | Mig: 48.94% | Disp95: 145.2 | Ent: 8.38 | TPS: 189.2
....[4/4] L:2.0993 
[SYNC] Step 95 — applying votes...
[PRIME] Step 95 | Loss: 5.6668 | Mig: 48.00% | Disp95: 145.8 | Ent: 8.39 | TPS: 182.1
....[4/4] L:2.8357 
[SYNC] Step 96 — applying votes...
[PRIME] Step 96 | Loss: 2.0159 | Mig: 48.09% | Disp95: 146.3 | Ent: 8.39 | TPS: 188.0
....[4/4] L:5.9002 
[SYNC] Step 97 — applying votes...
[PRIME] Step 97 | Loss: 4.1952 | Mig: 47.94% | Disp95: 147.3 | Ent: 8.40 | TPS: 187.5
....[4/4] L:7.7906 
[SYNC] Step 98 — applying votes...
[PRIME] Step 98 | Loss: 6.4966 | Mig: 49.33% | Disp95: 147.9 | Ent: 8.40 | TPS: 189.9
....[4/4] L:1.7285 
[SYNC] Step 99 — applying votes...
[PRIME] Step 99 | Loss: 5.1224 | Mig: 49.62% | Disp95: 148.5 | Ent: 8.40 | TPS: 184.0
....[4/4] L:7.6272 
[SYNC] Step 100 — applying votes...
[PRIME] Step 100 | Loss: 5.1567 | Mig: 48.54% | Disp95: 149.1 | Ent: 8.41 | TPS: 186.6
[CKPT] Saved prime_mamba3_100.pt
....[4/4] L:1.0965 
[SYNC] Step 101 — applying votes...
[PRIME] Step 101 | Loss: 2.4313 | Mig: 49.29% | Disp95: 150.5 | Ent: 8.41 | TPS: 185.5
....[4/4] L:7.1594 
[SYNC] Step 102 — applying votes...
[PRIME] Step 102 | Loss: 5.5942 | Mig: 48.80% | Disp95: 151.0 | Ent: 8.42 | TPS: 187.6
....[4/4] L:2.3027 
[SYNC] Step 103 — applying votes...
[PRIME] Step 103 | Loss: 3.9575 | Mig: 47.02% | Disp95: 151.6 | Ent: 8.42 | TPS: 184.4
....[4/4] L:1.1800 
[SYNC] Step 104 — applying votes...
[PRIME] Step 104 | Loss: 3.3853 | Mig: 48.89% | Disp95: 151.9 | Ent: 8.42 | TPS: 188.3
....[4/4] L:6.2877 
[SYNC] Step 105 — applying votes...
[PRIME] Step 105 | Loss: 4.5787 | Mig: 49.93% | Disp95: 152.4 | Ent: 8.43 | TPS: 187.5
....[4/4] L:8.3443 
[SYNC] Step 106 — applying votes...
[PRIME] Step 106 | Loss: 5.7506 | Mig: 49.73% | Disp95: 153.4 | Ent: 8.43 | TPS: 177.8
....[4/4] L:1.6663 
[SYNC] Step 107 — applying votes...
[PRIME] Step 107 | Loss: 2.2778 | Mig: 49.63% | Disp95: 154.1 | Ent: 8.43 | TPS: 185.6
....[4/4] L:3.2859 
[SYNC] Step 108 — applying votes...
[PRIME] Step 108 | Loss: 5.4514 | Mig: 48.32% | Disp95: 154.3 | Ent: 8.44 | TPS: 187.6
....[4/4] L:4.2209 
[SYNC] Step 109 — applying votes...
[PRIME] Step 109 | Loss: 3.6271 | Mig: 49.41% | Disp95: 155.3 | Ent: 8.44 | TPS: 189.6
....[4/4] L:6.5416 
[SYNC] Step 110 — applying votes...
[PRIME] Step 110 | Loss: 5.2185 | Mig: 50.46% | Disp95: 156.0 | Ent: 8.45 | TPS: 185.9
....[4/4] L:3.1802 
[SYNC] Step 111 — applying votes...
[PRIME] Step 111 | Loss: 3.7835 | Mig: 48.04% | Disp95: 157.0 | Ent: 8.45 | TPS: 186.3
....[4/4] L:7.2690 
[SYNC] Step 112 — applying votes...
[PRIME] Step 112 | Loss: 4.1580 | Mig: 47.61% | Disp95: 157.5 | Ent: 8.45 | TPS: 188.8
....[4/4] L:3.2369 
[SYNC] Step 113 — applying votes...
[PRIME] Step 113 | Loss: 2.2940 | Mig: 48.69% | Disp95: 158.3 | Ent: 8.46 | TPS: 186.7
....[4/4] L:5.3457 
[SYNC] Step 114 — applying votes...
[PRIME] Step 114 | Loss: 7.3247 | Mig: 49.67% | Disp95: 159.0 | Ent: 8.46 | TPS: 187.0
....[4/4] L:3.6704 
[SYNC] Step 115 — applying votes...
[PRIME] Step 115 | Loss: 5.4930 | Mig: 49.29% | Disp95: 159.3 | Ent: 8.46 | TPS: 186.2
....[4/4] L:8.9900 
[SYNC] Step 116 — applying votes...
[PRIME] Step 116 | Loss: 5.4914 | Mig: 48.92% | Disp95: 159.7 | Ent: 8.47 | TPS: 186.0
....[4/4] L:3.5786 
[SYNC] Step 117 — applying votes...
[PRIME] Step 117 | Loss: 1.9574 | Mig: 49.75% | Disp95: 160.4 | Ent: 8.47 | TPS: 187.1
....[4/4] L:8.6675 
[SYNC] Step 118 — applying votes...
[PRIME] Step 118 | Loss: 5.2768 | Mig: 47.68% | Disp95: 161.3 | Ent: 8.47 | TPS: 183.4
....[4/4] L:7.9871 
[SYNC] Step 119 — applying votes...
[PRIME] Step 119 | Loss: 3.7954 | Mig: 47.65% | Disp95: 161.6 | Ent: 8.48 | TPS: 185.9
....[4/4] L:8.4552 
[SYNC] Step 120 — applying votes...
[PRIME] Step 120 | Loss: 4.9454 | Mig: 49.88% | Disp95: 162.1 | Ent: 8.48 | TPS: 182.2
....[4/4] L:1.6080 
[SYNC] Step 121 — applying votes...
[PRIME] Step 121 | Loss: 4.0489 | Mig: 49.89% | Disp95: 163.2 | Ent: 8.48 | TPS: 188.1
....[4/4] L:8.7546 
[SYNC] Step 122 — applying votes...
[PRIME] Step 122 | Loss: 3.1251 | Mig: 48.32% | Disp95: 163.9 | Ent: 8.49 | TPS: 189.6
....[4/4] L:0.8885 
[SYNC] Step 123 — applying votes...
[PRIME] Step 123 | Loss: 4.6880 | Mig: 48.83% | Disp95: 164.3 | Ent: 8.49 | TPS: 187.1
....[4/4] L:2.9978 
[SYNC] Step 124 — applying votes...
[PRIME] Step 124 | Loss: 4.6142 | Mig: 49.01% | Disp95: 165.2 | Ent: 8.49 | TPS: 184.9
....[4/4] L:1.8276 
[SYNC] Step 125 — applying votes...
[PRIME] Step 125 | Loss: 5.0526 | Mig: 51.16% | Disp95: 165.9 | Ent: 8.50 | TPS: 182.5
....[4/4] L:2.1024 
[SYNC] Step 126 — applying votes...
[PRIME] Step 126 | Loss: 5.1694 | Mig: 48.62% | Disp95: 166.5 | Ent: 8.50 | TPS: 179.9
....[4/4] L:8.1624 
[SYNC] Step 127 — applying votes...
[PRIME] Step 127 | Loss: 5.6232 | Mig: 49.62% | Disp95: 166.8 | Ent: 8.50 | TPS: 181.5
....[4/4] L:1.7413 
[SYNC] Step 128 — applying votes...
[PRIME] Step 128 | Loss: 3.7712 | Mig: 49.38% | Disp95: 167.6 | Ent: 8.51 | TPS: 180.9
....[4/4] L:6.1438 
[SYNC] Step 129 — applying votes...
[PRIME] Step 129 | Loss: 5.0368 | Mig: 49.69% | Disp95: 167.9 | Ent: 8.51 | TPS: 178.5
....[4/4] L:6.4971 
[SYNC] Step 130 — applying votes...
[PRIME] Step 130 | Loss: 5.7080 | Mig: 48.73% | Disp95: 168.3 | Ent: 8.51 | TPS: 180.2
....[4/4] L:3.9751 
[SYNC] Step 131 — applying votes...
[PRIME] Step 131 | Loss: 5.3215 | Mig: 49.12% | Disp95: 169.5 | Ent: 8.51 | TPS: 185.8
....[4/4] L:3.7412 
[SYNC] Step 132 — applying votes...
[PRIME] Step 132 | Loss: 4.5715 | Mig: 49.15% | Disp95: 169.9 | Ent: 8.52 | TPS: 186.4
....[4/4] L:6.1931 
[SYNC] Step 133 — applying votes...
[PRIME] Step 133 | Loss: 5.9654 | Mig: 50.76% | Disp95: 170.3 | Ent: 8.52 | TPS: 183.0
....[4/4] L:6.3698 
[SYNC] Step 134 — applying votes...
[PRIME] Step 134 | Loss: 6.4640 | Mig: 48.01% | Disp95: 170.9 | Ent: 8.52 | TPS: 181.8
....[4/4] L:8.6042 
[SYNC] Step 135 — applying votes...
[PRIME] Step 135 | Loss: 5.5117 | Mig: 48.87% | Disp95: 171.8 | Ent: 8.53 | TPS: 188.3
....[4/4] L:1.7662 
[SYNC] Step 136 — applying votes...
[PRIME] Step 136 | Loss: 2.5649 | Mig: 48.44% | Disp95: 172.1 | Ent: 8.53 | TPS: 187.8
....[4/4] L:2.2807 
[SYNC] Step 137 — applying votes...
[PRIME] Step 137 | Loss: 5.2547 | Mig: 48.60% | Disp95: 172.7 | Ent: 8.53 | TPS: 182.6
....[4/4] L:2.3268 
[SYNC] Step 138 — applying votes...
[PRIME] Step 138 | Loss: 3.5955 | Mig: 48.65% | Disp95: 173.4 | Ent: 8.54 | TPS: 183.9
....[4/4] L:3.2102 
[SYNC] Step 139 — applying votes...
[PRIME] Step 139 | Loss: 3.7156 | Mig: 48.00% | Disp95: 174.2 | Ent: 8.54 | TPS: 179.5
....[4/4] L:6.3168 
[SYNC] Step 140 — applying votes...
[PRIME] Step 140 | Loss: 5.6299 | Mig: 48.59% | Disp95: 174.6 | Ent: 8.54 | TPS: 174.1
....[4/4] L:2.7530 
[SYNC] Step 141 — applying votes...
[PRIME] Step 141 | Loss: 2.1081 | Mig: 49.82% | Disp95: 175.1 | Ent: 8.54 | TPS: 174.5
....[4/4] L:6.8150 
[SYNC] Step 142 — applying votes...
[PRIME] Step 142 | Loss: 6.3677 | Mig: 48.69% | Disp95: 175.7 | Ent: 8.55 | TPS: 182.8
....[4/4] L:2.4379 
[SYNC] Step 143 — applying votes...
[PRIME] Step 143 | Loss: 3.7191 | Mig: 48.32% | Disp95: 176.2 | Ent: 8.55 | TPS: 178.3
....[4/4] L:6.9847 
[SYNC] Step 144 — applying votes...
[PRIME] Step 144 | Loss: 5.4673 | Mig: 49.78% | Disp95: 176.9 | Ent: 8.55 | TPS: 178.9
....[4/4] L:1.5965 
[SYNC] Step 145 — applying votes...
[PRIME] Step 145 | Loss: 3.9556 | Mig: 49.69% | Disp95: 177.3 | Ent: 8.55 | TPS: 184.1
....[4/4] L:1.3746 
[SYNC] Step 146 — applying votes...
[PRIME] Step 146 | Loss: 3.2604 | Mig: 47.93% | Disp95: 178.0 | Ent: 8.56 | TPS: 180.6
....[4/4] L:3.6627 
[SYNC] Step 147 — applying votes...
[PRIME] Step 147 | Loss: 2.1758 | Mig: 49.31% | Disp95: 178.6 | Ent: 8.56 | TPS: 181.7
....[4/4] L:2.9417 
[SYNC] Step 148 — applying votes...
[PRIME] Step 148 | Loss: 5.9152 | Mig: 47.90% | Disp95: 179.0 | Ent: 8.56 | TPS: 184.8
....[4/4] L:1.7326 
[SYNC] Step 149 — applying votes...
[PRIME] Step 149 | Loss: 3.4716 | Mig: 48.22% | Disp95: 179.1 | Ent: 8.57 | TPS: 181.3
....[4/4] L:5.3496 
[SYNC] Step 150 — applying votes...
[PRIME] Step 150 | Loss: 4.5907 | Mig: 48.07% | Disp95: 179.8 | Ent: 8.57 | TPS: 180.9
[CKPT] Saved prime_mamba3_150.pt
....[4/4] L:4.1925 
[SYNC] Step 151 — applying votes...
[PRIME] Step 151 | Loss: 5.5545 | Mig: 48.89% | Disp95: 180.8 | Ent: 8.57 | TPS: 183.8
....[4/4] L:7.0503 
[SYNC] Step 152 — applying votes...
[PRIME] Step 152 | Loss: 7.9989 | Mig: 45.39% | Disp95: 181.6 | Ent: 8.57 | TPS: 182.7
....[4/4] L:4.8149 
[SYNC] Step 153 — applying votes...
[PRIME] Step 153 | Loss: 2.8978 | Mig: 48.53% | Disp95: 181.6 | Ent: 8.58 | TPS: 179.9
....[4/4] L:6.2468 
[SYNC] Step 154 — applying votes...
[PRIME] Step 154 | Loss: 5.2458 | Mig: 48.46% | Disp95: 182.1 | Ent: 8.58 | TPS: 185.5
....[4/4] L:4.2495 
[SYNC] Step 155 — applying votes...
[PRIME] Step 155 | Loss: 3.3834 | Mig: 48.23% | Disp95: 182.8 | Ent: 8.58 | TPS: 182.3
....[4/4] L:2.0152 
[SYNC] Step 156 — applying votes...
[PRIME] Step 156 | Loss: 6.2766 | Mig: 46.91% | Disp95: 183.4 | Ent: 8.58 | TPS: 179.0
....[4/4] L:4.3075 
[SYNC] Step 157 — applying votes...
[PRIME] Step 157 | Loss: 2.3050 | Mig: 48.78% | Disp95: 184.0 | Ent: 8.59 | TPS: 181.1
....[4/4] L:0.9094 
[SYNC] Step 158 — applying votes...
[PRIME] Step 158 | Loss: 3.9807 | Mig: 49.71% | Disp95: 184.5 | Ent: 8.59 | TPS: 180.6
....[4/4] L:1.7132 
[SYNC] Step 159 — applying votes...
[PRIME] Step 159 | Loss: 5.4802 | Mig: 48.19% | Disp95: 184.8 | Ent: 8.59 | TPS: 178.6
....[4/4] L:4.0874 
[SYNC] Step 160 — applying votes...
[PRIME] Step 160 | Loss: 4.2467 | Mig: 50.15% | Disp95: 185.8 | Ent: 8.59 | TPS: 179.1
....[4/4] L:2.2572 
[SYNC] Step 161 — applying votes...
[PRIME] Step 161 | Loss: 3.4145 | Mig: 47.26% | Disp95: 185.9 | Ent: 8.60 | TPS: 186.0
....[4/4] L:6.6278 
[SYNC] Step 162 — applying votes...
[PRIME] Step 162 | Loss: 3.1329 | Mig: 47.60% | Disp95: 186.5 | Ent: 8.60 | TPS: 182.8
....[4/4] L:2.6441 
[SYNC] Step 163 — applying votes...
[PRIME] Step 163 | Loss: 5.4343 | Mig: 49.36% | Disp95: 186.9 | Ent: 8.60 | TPS: 183.2
....[4/4] L:3.9364 
[SYNC] Step 164 — applying votes...
[PRIME] Step 164 | Loss: 3.9319 | Mig: 50.31% | Disp95: 187.6 | Ent: 8.60 | TPS: 181.3
....[4/4] L:3.2876 
[SYNC] Step 165 — applying votes...
[PRIME] Step 165 | Loss: 3.3990 | Mig: 49.12% | Disp95: 188.0 | Ent: 8.61 | TPS: 183.5
....[4/4] L:3.3808 
[SYNC] Step 166 — applying votes...
[PRIME] Step 166 | Loss: 5.0920 | Mig: 49.26% | Disp95: 188.7 | Ent: 8.61 | TPS: 176.2
....[4/4] L:8.2976 
[SYNC] Step 167 — applying votes...
[PRIME] Step 167 | Loss: 5.9187 | Mig: 50.33% | Disp95: 189.5 | Ent: 8.61 | TPS: 183.8
....[4/4] L:6.2668 
[SYNC] Step 168 — applying votes...
[PRIME] Step 168 | Loss: 4.4047 | Mig: 46.88% | Disp95: 189.9 | Ent: 8.61 | TPS: 183.9
....[4/4] L:1.3943 
[SYNC] Step 169 — applying votes...
[PRIME] Step 169 | Loss: 1.9817 | Mig: 49.11% | Disp95: 190.3 | Ent: 8.62 | TPS: 181.8
....[4/4] L:1.0917 
[SYNC] Step 170 — applying votes...
[PRIME] Step 170 | Loss: 2.7769 | Mig: 49.60% | Disp95: 190.6 | Ent: 8.62 | TPS: 180.3
....[4/4] L:2.4812 
[SYNC] Step 171 — applying votes...
[PRIME] Step 171 | Loss: 2.5511 | Mig: 49.33% | Disp95: 191.2 | Ent: 8.62 | TPS: 178.8
....[4/4] L:2.4830 
[SYNC] Step 172 — applying votes...
[PRIME] Step 172 | Loss: 6.0419 | Mig: 49.01% | Disp95: 191.9 | Ent: 8.62 | TPS: 179.5
....[4/4] L:1.5916 
[SYNC] Step 173 — applying votes...
[PRIME] Step 173 | Loss: 3.4038 | Mig: 49.26% | Disp95: 192.4 | Ent: 8.62 | TPS: 182.9
....[4/4] L:5.5442 
[SYNC] Step 174 — applying votes...
[PRIME] Step 174 | Loss: 6.0691 | Mig: 48.91% | Disp95: 192.9 | Ent: 8.63 | TPS: 179.7
....[4/4] L:1.4956 
[SYNC] Step 175 — applying votes...
[PRIME] Step 175 | Loss: 3.0576 | Mig: 48.81% | Disp95: 193.1 | Ent: 8.63 | TPS: 183.5
....[4/4] L:1.8620 
[SYNC] Step 176 — applying votes...
[PRIME] Step 176 | Loss: 3.8403 | Mig: 49.06% | Disp95: 193.8 | Ent: 8.63 | TPS: 175.6
....[4/4] L:0.9812 
[SYNC] Step 177 — applying votes...
[PRIME] Step 177 | Loss: 2.5378 | Mig: 48.86% | Disp95: 194.4 | Ent: 8.63 | TPS: 183.1
....[4/4] L:1.3717 
[SYNC] Step 178 — applying votes...
[PRIME] Step 178 | Loss: 2.5402 | Mig: 49.66% | Disp95: 195.0 | Ent: 8.64 | TPS: 183.1
....[4/4] L:4.0952 
[SYNC] Step 179 — applying votes...
[PRIME] Step 179 | Loss: 6.0684 | Mig: 47.21% | Disp95: 195.8 | Ent: 8.64 | TPS: 182.5
....[4/4] L:2.4737 
[SYNC] Step 180 — applying votes...
[PRIME] Step 180 | Loss: 4.0545 | Mig: 47.61% | Disp95: 196.2 | Ent: 8.64 | TPS: 182.9
....[4/4] L:6.7354 
[SYNC] Step 181 — applying votes...
[PRIME] Step 181 | Loss: 5.2063 | Mig: 49.63% | Disp95: 196.6 | Ent: 8.64 | TPS: 181.4
....[4/4] L:0.8883 
[SYNC] Step 182 — applying votes...
[PRIME] Step 182 | Loss: 2.2286 | Mig: 49.41% | Disp95: 196.9 | Ent: 8.65 | TPS: 182.2
....[4/4] L:6.2351 
[SYNC] Step 183 — applying votes...
[PRIME] Step 183 | Loss: 5.3361 | Mig: 48.05% | Disp95: 197.5 | Ent: 8.65 | TPS: 180.4
....[4/4] L:5.4064 
[SYNC] Step 184 — applying votes...
[PRIME] Step 184 | Loss: 2.7306 | Mig: 48.64% | Disp95: 197.8 | Ent: 8.65 | TPS: 181.8
....[4/4] L:2.0180 
[SYNC] Step 185 — applying votes...
[PRIME] Step 185 | Loss: 3.4473 | Mig: 48.59% | Disp95: 198.5 | Ent: 8.65 | TPS: 181.5
....[4/4] L:4.8340 
[SYNC] Step 186 — applying votes...
[PRIME] Step 186 | Loss: 3.4033 | Mig: 49.80% | Disp95: 199.3 | Ent: 8.65 | TPS: 177.8
....[4/4] L:1.7330 
[SYNC] Step 187 — applying votes...
[PRIME] Step 187 | Loss: 4.3160 | Mig: 48.31% | Disp95: 199.7 | Ent: 8.66 | TPS: 182.7
....[4/4] L:1.1981 
[SYNC] Step 188 — applying votes...
[PRIME] Step 188 | Loss: 3.0469 | Mig: 49.76% | Disp95: 199.8 | Ent: 8.66 | TPS: 182.8
....[4/4] L:3.0071 
[SYNC] Step 189 — applying votes...
[PRIME] Step 189 | Loss: 3.8262 | Mig: 48.79% | Disp95: 200.0 | Ent: 8.66 | TPS: 183.9
....[4/4] L:8.4511 
[SYNC] Step 190 — applying votes...
[PRIME] Step 190 | Loss: 6.5181 | Mig: 48.79% | Disp95: 200.6 | Ent: 8.66 | TPS: 182.9
....[4/4] L:6.7428 
[SYNC] Step 191 — applying votes...
[PRIME] Step 191 | Loss: 4.5859 | Mig: 49.66% | Disp95: 201.4 | Ent: 8.66 | TPS: 185.3
....[4/4] L:7.6973 
[SYNC] Step 192 — applying votes...
[PRIME] Step 192 | Loss: 4.8618 | Mig: 49.46% | Disp95: 201.8 | Ent: 8.67 | TPS: 176.2
....[4/4] L:1.4896 
[SYNC] Step 193 — applying votes...
[PRIME] Step 193 | Loss: 4.7100 | Mig: 48.94% | Disp95: 202.3 | Ent: 8.67 | TPS: 184.7
....[4/4] L:1.4892 
[SYNC] Step 194 — applying votes...
[PRIME] Step 194 | Loss: 4.2780 | Mig: 50.12% | Disp95: 202.8 | Ent: 8.67 | TPS: 182.7
....[4/4] L:8.4647 
[SYNC] Step 195 — applying votes...
[PRIME] Step 195 | Loss: 5.6265 | Mig: 48.78% | Disp95: 202.9 | Ent: 8.67 | TPS: 184.9
....[4/4] L:2.6378 
[SYNC] Step 196 — applying votes...
[PRIME] Step 196 | Loss: 2.7245 | Mig: 49.60% | Disp95: 203.8 | Ent: 8.68 | TPS: 183.8
....[4/4] L:7.4765 
[SYNC] Step 197 — applying votes...
[PRIME] Step 197 | Loss: 7.4180 | Mig: 48.98% | Disp95: 204.3 | Ent: 8.68 | TPS: 178.6
....[4/4] L:1.1626 
[SYNC] Step 198 — applying votes...
[PRIME] Step 198 | Loss: 4.5368 | Mig: 49.43% | Disp95: 204.8 | Ent: 8.68 | TPS: 182.1
....[4/4] L:1.2429 
[SYNC] Step 199 — applying votes...
[PRIME] Step 199 | Loss: 1.8538 | Mig: 49.99% | Disp95: 205.7 | Ent: 8.68 | TPS: 176.0
....[4/4] L:1.3308 
[SYNC] Step 200 — applying votes...
[PRIME] Step 200 | Loss: 4.9035 | Mig: 49.29% | Disp95: 206.1 | Ent: 8.68 | TPS: 181.2
[CKPT] Saved prime_mamba3_200.pt
....[4/4] L:2.8643 
[SYNC] Step 201 — applying votes...
[PRIME] Step 201 | Loss: 4.4210 | Mig: 49.71% | Disp95: 206.5 | Ent: 8.69 | TPS: 176.6
....[4/4] L:1.5551 
[SYNC] Step 202 — applying votes...
[PRIME] Step 202 | Loss: 3.6020 | Mig: 49.10% | Disp95: 206.8 | Ent: 8.69 | TPS: 178.6
....[4/4] L:0.8719 
[SYNC] Step 203 — applying votes...
[PRIME] Step 203 | Loss: 4.7415 | Mig: 50.03% | Disp95: 206.9 | Ent: 8.69 | TPS: 179.1
....[4/4] L:1.8359 
[SYNC] Step 204 — applying votes...
[PRIME] Step 204 | Loss: 2.2100 | Mig: 48.79% | Disp95: 207.3 | Ent: 8.69 | TPS: 173.2
....[4/4] L:4.4308 
[SYNC] Step 205 — applying votes...
[PRIME] Step 205 | Loss: 3.0395 | Mig: 48.91% | Disp95: 208.0 | Ent: 8.69 | TPS: 179.8
....[4/4] L:2.9860 
[SYNC] Step 206 — applying votes...
[PRIME] Step 206 | Loss: 3.0070 | Mig: 50.18% | Disp95: 208.6 | Ent: 8.70 | TPS: 177.0
....[4/4] L:8.7913 
[SYNC] Step 207 — applying votes...
[PRIME] Step 207 | Loss: 4.4404 | Mig: 49.61% | Disp95: 209.1 | Ent: 8.70 | TPS: 180.5
....[4/4] L:5.0490 
[SYNC] Step 208 — applying votes...
[PRIME] Step 208 | Loss: 4.4094 | Mig: 48.63% | Disp95: 209.5 | Ent: 8.70 | TPS: 175.4
....[4/4] L:1.4116 
[SYNC] Step 209 — applying votes...
[PRIME] Step 209 | Loss: 1.9827 | Mig: 49.95% | Disp95: 209.8 | Ent: 8.70 | TPS: 168.0
....[4/4] L:5.4991 
[SYNC] Step 210 — applying votes...
[PRIME] Step 210 | Loss: 5.6618 | Mig: 49.50% | Disp95: 210.1 | Ent: 8.70 | TPS: 171.9
....[4/4] L:4.8483 
[SYNC] Step 211 — applying votes...
[PRIME] Step 211 | Loss: 5.6283 | Mig: 50.09% | Disp95: 210.7 | Ent: 8.71 | TPS: 179.4
....[4/4] L:1.3663 
[SYNC] Step 212 — applying votes...
[PRIME] Step 212 | Loss: 2.9820 | Mig: 48.89% | Disp95: 211.5 | Ent: 8.71 | TPS: 179.0
....[4/4] L:1.7605 
[SYNC] Step 213 — applying votes...
[PRIME] Step 213 | Loss: 1.7579 | Mig: 50.99% | Disp95: 212.3 | Ent: 8.71 | TPS: 183.8
....[4/4] L:2.0047 
[SYNC] Step 214 — applying votes...
[PRIME] Step 214 | Loss: 2.9667 | Mig: 49.46% | Disp95: 212.6 | Ent: 8.71 | TPS: 187.9
....[4/4] L:5.5340 
[SYNC] Step 215 — applying votes...
[PRIME] Step 215 | Loss: 3.9714 | Mig: 49.90% | Disp95: 212.9 | Ent: 8.71 | TPS: 182.4
....[4/4] L:6.4566 
[SYNC] Step 216 — applying votes...
[PRIME] Step 216 | Loss: 6.1351 | Mig: 50.42% | Disp95: 213.4 | Ent: 8.72 | TPS: 185.0
....[4/4] L:1.3718 
[SYNC] Step 217 — applying votes...
[PRIME] Step 217 | Loss: 3.0387 | Mig: 49.64% | Disp95: 213.9 | Ent: 8.72 | TPS: 186.1
....[4/4] L:1.9797 
[SYNC] Step 218 — applying votes...
[PRIME] Step 218 | Loss: 4.3270 | Mig: 49.05% | Disp95: 214.0 | Ent: 8.72 | TPS: 180.3
....[4/4] L:4.1504 
[SYNC] Step 219 — applying votes...
[PRIME] Step 219 | Loss: 2.7861 | Mig: 49.51% | Disp95: 214.5 | Ent: 8.72 | TPS: 185.0
....[4/4] L:7.8603 
[SYNC] Step 220 — applying votes...
[PRIME] Step 220 | Loss: 4.5926 | Mig: 48.36% | Disp95: 214.9 | Ent: 8.72 | TPS: 184.8
....[4/4] L:9.5845 
[SYNC] Step 221 — applying votes...
[PRIME] Step 221 | Loss: 4.8400 | Mig: 49.32% | Disp95: 215.6 | Ent: 8.73 | TPS: 185.5
....[4/4] L:7.7999 
[SYNC] Step 222 — applying votes...
[PRIME] Step 222 | Loss: 4.1291 | Mig: 49.72% | Disp95: 216.1 | Ent: 8.73 | TPS: 185.3
....[4/4] L:4.6028 
[SYNC] Step 223 — applying votes...
[PRIME] Step 223 | Loss: 6.1954 | Mig: 49.76% | Disp95: 216.7 | Ent: 8.73 | TPS: 178.4
....[4/4] L:6.6443 
[SYNC] Step 224 — applying votes...
[PRIME] Step 224 | Loss: 6.5859 | Mig: 50.13% | Disp95: 217.1 | Ent: 8.73 | TPS: 186.5
....[4/4] L:4.2831 
[SYNC] Step 225 — applying votes...
[PRIME] Step 225 | Loss: 4.8316 | Mig: 49.39% | Disp95: 217.4 | Ent: 8.73 | TPS: 184.5
....[4/4] L:3.8085 
[SYNC] Step 226 — applying votes...
[PRIME] Step 226 | Loss: 4.7674 | Mig: 49.40% | Disp95: 217.8 | Ent: 8.73 | TPS: 181.6
....[4/4] L:0.7035 
[SYNC] Step 227 — applying votes...
[PRIME] Step 227 | Loss: 3.2131 | Mig: 49.66% | Disp95: 218.1 | Ent: 8.74 | TPS: 182.9
....[4/4] L:6.6119 
[SYNC] Step 228 — applying votes...
[PRIME] Step 228 | Loss: 6.1136 | Mig: 48.67% | Disp95: 218.8 | Ent: 8.74 | TPS: 183.0
....[4/4] L:1.4783 
[SYNC] Step 229 — applying votes...
[PRIME] Step 229 | Loss: 2.9316 | Mig: 48.46% | Disp95: 219.4 | Ent: 8.74 | TPS: 177.9
....[4/4] L:4.5948 
[SYNC] Step 230 — applying votes...
[PRIME] Step 230 | Loss: 2.7517 | Mig: 49.92% | Disp95: 219.8 | Ent: 8.74 | TPS: 172.5
....[4/4] L:1.1145 
[SYNC] Step 231 — applying votes...
[PRIME] Step 231 | Loss: 2.4630 | Mig: 48.69% | Disp95: 220.3 | Ent: 8.74 | TPS: 180.2
....[4/4] L:3.3593 
[SYNC] Step 232 — applying votes...
[PRIME] Step 232 | Loss: 4.1503 | Mig: 49.16% | Disp95: 220.9 | Ent: 8.75 | TPS: 176.5
....[4/4] L:0.9234 
[SYNC] Step 233 — applying votes...
[PRIME] Step 233 | Loss: 3.1669 | Mig: 49.54% | Disp95: 221.4 | Ent: 8.75 | TPS: 174.7
....[4/4] L:1.3274 
[SYNC] Step 234 — applying votes...
[PRIME] Step 234 | Loss: 3.9820 | Mig: 48.78% | Disp95: 221.7 | Ent: 8.75 | TPS: 176.8
....[4/4] L:2.6881 
[SYNC] Step 235 — applying votes...
[PRIME] Step 235 | Loss: 4.1856 | Mig: 50.28% | Disp95: 222.1 | Ent: 8.75 | TPS: 181.1
....[4/4] L:6.6241 
[SYNC] Step 236 — applying votes...
[PRIME] Step 236 | Loss: 5.4988 | Mig: 49.21% | Disp95: 222.4 | Ent: 8.75 | TPS: 179.9
....[4/4] L:4.7830 
[SYNC] Step 237 — applying votes...
[PRIME] Step 237 | Loss: 3.4099 | Mig: 48.38% | Disp95: 222.8 | Ent: 8.75 | TPS: 181.1
....[4/4] L:1.0600 
[SYNC] Step 238 — applying votes...
[PRIME] Step 238 | Loss: 4.4604 | Mig: 49.56% | Disp95: 223.3 | Ent: 8.76 | TPS: 183.2
....[4/4] L:6.7739 
[SYNC] Step 239 — applying votes...
[PRIME] Step 239 | Loss: 4.0454 | Mig: 49.54% | Disp95: 223.8 | Ent: 8.76 | TPS: 180.8
....[4/4] L:0.6018 
[SYNC] Step 240 — applying votes...
[PRIME] Step 240 | Loss: 1.9429 | Mig: 48.86% | Disp95: 224.4 | Ent: 8.76 | TPS: 179.5
....[4/4] L:0.8045 
[SYNC] Step 241 — applying votes...
[PRIME] Step 241 | Loss: 5.8083 | Mig: 49.60% | Disp95: 224.4 | Ent: 8.76 | TPS: 176.3
....[4/4] L:4.1212 
[SYNC] Step 242 — applying votes...
[PRIME] Step 242 | Loss: 4.7128 | Mig: 49.46% | Disp95: 224.8 | Ent: 8.76 | TPS: 176.9
....[4/4] L:1.7562 
[SYNC] Step 243 — applying votes...
[PRIME] Step 243 | Loss: 1.8516 | Mig: 49.15% | Disp95: 225.4 | Ent: 8.77 | TPS: 176.5
....[4/4] L:1.9236 
[SYNC] Step 244 — applying votes...
[PRIME] Step 244 | Loss: 2.0438 | Mig: 50.42% | Disp95: 225.9 | Ent: 8.77 | TPS: 175.3
....[4/4] L:7.3032 
[SYNC] Step 245 — applying votes...
[PRIME] Step 245 | Loss: 5.6940 | Mig: 49.47% | Disp95: 226.2 | Ent: 8.77 | TPS: 183.4
....[4/4] L:3.8315 
[SYNC] Step 246 — applying votes...
[PRIME] Step 246 | Loss: 4.0815 | Mig: 49.80% | Disp95: 226.9 | Ent: 8.77 | TPS: 178.6
....[4/4] L:6.8029 
[SYNC] Step 247 — applying votes...
[PRIME] Step 247 | Loss: 7.3068 | Mig: 48.79% | Disp95: 227.7 | Ent: 8.77 | TPS: 176.4
....[4/4] L:1.5685 
[SYNC] Step 248 — applying votes...
[PRIME] Step 248 | Loss: 4.1677 | Mig: 49.71% | Disp95: 228.1 | Ent: 8.77 | TPS: 180.4
....[4/4] L:1.5495 
[SYNC] Step 249 — applying votes...
[PRIME] Step 249 | Loss: 2.5971 | Mig: 49.41% | Disp95: 228.4 | Ent: 8.78 | TPS: 181.5
....[4/4] L:0.8590 
[SYNC] Step 250 — applying votes...
[PRIME] Step 250 | Loss: 1.9584 | Mig: 50.61% | Disp95: 229.1 | Ent: 8.78 | TPS: 177.8
[CKPT] Saved prime_mamba3_250.pt
....[4/4] L:7.1434 
[SYNC] Step 251 — applying votes...
[PRIME] Step 251 | Loss: 4.3061 | Mig: 48.20% | Disp95: 229.1 | Ent: 8.78 | TPS: 182.4
....[4/4] L:3.5049 
[SYNC] Step 252 — applying votes...
[PRIME] Step 252 | Loss: 4.9426 | Mig: 49.28% | Disp95: 229.5 | Ent: 8.78 | TPS: 180.9
....[4/4] L:7.8338 
[SYNC] Step 253 — applying votes...
[PRIME] Step 253 | Loss: 5.4141 | Mig: 49.75% | Disp95: 230.0 | Ent: 8.78 | TPS: 179.1
....[4/4] L:2.5569 
[SYNC] Step 254 — applying votes...
[PRIME] Step 254 | Loss: 5.0550 | Mig: 48.68% | Disp95: 230.6 | Ent: 8.78 | TPS: 180.6
....[4/4] L:3.0783 
[SYNC] Step 255 — applying votes...
[PRIME] Step 255 | Loss: 4.1451 | Mig: 47.78% | Disp95: 231.0 | Ent: 8.79 | TPS: 182.3
....[4/4] L:4.1269 
[SYNC] Step 256 — applying votes...
[PRIME] Step 256 | Loss: 4.0321 | Mig: 49.92% | Disp95: 231.5 | Ent: 8.79 | TPS: 176.5
....[4/4] L:6.5213 
[SYNC] Step 257 — applying votes...
[PRIME] Step 257 | Loss: 3.7948 | Mig: 50.06% | Disp95: 231.5 | Ent: 8.79 | TPS: 185.0
....[4/4] L:3.1537 
[SYNC] Step 258 — applying votes...
[PRIME] Step 258 | Loss: 3.4981 | Mig: 49.79% | Disp95: 232.0 | Ent: 8.79 | TPS: 185.0
....[4/4] L:6.4704 
[SYNC] Step 259 — applying votes...
[PRIME] Step 259 | Loss: 3.8016 | Mig: 48.46% | Disp95: 232.5 | Ent: 8.79 | TPS: 179.7
....[4/4] L:2.7969 
[SYNC] Step 260 — applying votes...
[PRIME] Step 260 | Loss: 2.9324 | Mig: 48.40% | Disp95: 232.7 | Ent: 8.79 | TPS: 181.1
....[4/4] L:4.7845 
[SYNC] Step 261 — applying votes...
[PRIME] Step 261 | Loss: 3.0331 | Mig: 50.46% | Disp95: 233.3 | Ent: 8.80 | TPS: 181.9
....[4/4] L:8.5375 
[SYNC] Step 262 — applying votes...
[PRIME] Step 262 | Loss: 4.8144 | Mig: 49.55% | Disp95: 233.7 | Ent: 8.80 | TPS: 183.3
....[4/4] L:5.7072 
[SYNC] Step 263 — applying votes...
[PRIME] Step 263 | Loss: 6.5968 | Mig: 49.72% | Disp95: 234.6 | Ent: 8.80 | TPS: 183.9
....[4/4] L:1.8350 
[SYNC] Step 264 — applying votes...
[PRIME] Step 264 | Loss: 6.5669 | Mig: 49.43% | Disp95: 235.3 | Ent: 8.80 | TPS: 182.2
....[4/4] L:1.5949 
[SYNC] Step 265 — applying votes...
[PRIME] Step 265 | Loss: 3.3696 | Mig: 49.93% | Disp95: 236.0 | Ent: 8.80 | TPS: 179.4
....[4/4] L:2.3684 
[SYNC] Step 266 — applying votes...
[PRIME] Step 266 | Loss: 3.0106 | Mig: 50.41% | Disp95: 236.1 | Ent: 8.80 | TPS: 177.2
....[4/4] L:8.2373 
[SYNC] Step 267 — applying votes...
[PRIME] Step 267 | Loss: 4.5220 | Mig: 48.67% | Disp95: 236.3 | Ent: 8.81 | TPS: 171.7
....[4/4] L:2.5382 
[SYNC] Step 268 — applying votes...
[PRIME] Step 268 | Loss: 3.8407 | Mig: 49.75% | Disp95: 236.4 | Ent: 8.81 | TPS: 169.8
....[4/4] L:3.1297 
[SYNC] Step 269 — applying votes...
[PRIME] Step 269 | Loss: 3.1474 | Mig: 51.35% | Disp95: 237.0 | Ent: 8.81 | TPS: 175.1
....[4/4] L:6.2844 
[SYNC] Step 270 — applying votes...
[PRIME] Step 270 | Loss: 3.4028 | Mig: 49.37% | Disp95: 237.1 | Ent: 8.81 | TPS: 172.5
....[4/4] L:2.9816 
[SYNC] Step 271 — applying votes...
[PRIME] Step 271 | Loss: 2.5181 | Mig: 49.14% | Disp95: 237.4 | Ent: 8.81 | TPS: 174.6
....[4/4] L:1.4756 
[SYNC] Step 272 — applying votes...
[PRIME] Step 272 | Loss: 1.9487 | Mig: 50.39% | Disp95: 238.1 | Ent: 8.81 | TPS: 171.2
....[4/4] L:2.7788 
[SYNC] Step 273 — applying votes...
[PRIME] Step 273 | Loss: 3.8830 | Mig: 49.42% | Disp95: 238.9 | Ent: 8.82 | TPS: 178.3
....[4/4] L:8.1445 
[SYNC] Step 274 — applying votes...
[PRIME] Step 274 | Loss: 6.5827 | Mig: 50.11% | Disp95: 239.1 | Ent: 8.82 | TPS: 180.7
....[4/4] L:3.4501 
[SYNC] Step 275 — applying votes...
[PRIME] Step 275 | Loss: 6.6887 | Mig: 49.83% | Disp95: 239.4 | Ent: 8.82 | TPS: 180.1
....[4/4] L:1.7262 
[SYNC] Step 276 — applying votes...
[PRIME] Step 276 | Loss: 2.6122 | Mig: 48.84% | Disp95: 239.7 | Ent: 8.82 | TPS: 179.8
....[4/4] L:4.2952 
[SYNC] Step 277 — applying votes...
[PRIME] Step 277 | Loss: 3.8634 | Mig: 50.19% | Disp95: 239.9 | Ent: 8.82 | TPS: 185.2
....[4/4] L:0.9469 
[SYNC] Step 278 — applying votes...
[PRIME] Step 278 | Loss: 6.1166 | Mig: 50.30% | Disp95: 240.5 | Ent: 8.82 | TPS: 178.6
....[4/4] L:1.6635 
[SYNC] Step 279 — applying votes...
[PRIME] Step 279 | Loss: 2.5920 | Mig: 49.17% | Disp95: 241.2 | Ent: 8.82 | TPS: 173.2
....[4/4] L:5.0896 
[SYNC] Step 280 — applying votes...
[PRIME] Step 280 | Loss: 3.7626 | Mig: 49.07% | Disp95: 241.7 | Ent: 8.83 | TPS: 181.9
....[4/4] L:2.4636 
[SYNC] Step 281 — applying votes...
[PRIME] Step 281 | Loss: 2.7160 | Mig: 49.31% | Disp95: 242.5 | Ent: 8.83 | TPS: 184.5
....[4/4] L:3.2839 
[SYNC] Step 282 — applying votes...
[PRIME] Step 282 | Loss: 2.8324 | Mig: 48.48% | Disp95: 242.8 | Ent: 8.83 | TPS: 181.5
....[4/4] L:7.1468 
[SYNC] Step 283 — applying votes...
[PRIME] Step 283 | Loss: 4.8400 | Mig: 49.60% | Disp95: 243.1 | Ent: 8.83 | TPS: 179.3
....[4/4] L:1.2748 
[SYNC] Step 284 — applying votes...
[PRIME] Step 284 | Loss: 2.5021 | Mig: 48.63% | Disp95: 243.2 | Ent: 8.83 | TPS: 184.3
....[4/4] L:1.3040 
[SYNC] Step 285 — applying votes...
[PRIME] Step 285 | Loss: 2.4086 | Mig: 49.25% | Disp95: 243.4 | Ent: 8.83 | TPS: 181.7
....[4/4] L:8.7722 
[SYNC] Step 286 — applying votes...
[PRIME] Step 286 | Loss: 6.2958 | Mig: 49.37% | Disp95: 243.8 | Ent: 8.84 | TPS: 179.4
....[4/4] L:2.3162 
[SYNC] Step 287 — applying votes...
[PRIME] Step 287 | Loss: 3.1631 | Mig: 50.04% | Disp95: 244.1 | Ent: 8.84 | TPS: 176.6
....[4/4] L:1.2550 
[SYNC] Step 288 — applying votes...
[PRIME] Step 288 | Loss: 4.3512 | Mig: 49.47% | Disp95: 244.4 | Ent: 8.84 | TPS: 179.5
....[4/4] L:3.2307 
[SYNC] Step 289 — applying votes...
[PRIME] Step 289 | Loss: 3.2779 | Mig: 49.30% | Disp95: 244.9 | Ent: 8.84 | TPS: 181.7
....[4/4] L:2.0720 
[SYNC] Step 290 — applying votes...
[PRIME] Step 290 | Loss: 2.0633 | Mig: 48.80% | Disp95: 245.3 | Ent: 8.84 | TPS: 183.7
....[4/4] L:3.7797 
[SYNC] Step 291 — applying votes...
[PRIME] Step 291 | Loss: 4.0216 | Mig: 49.45% | Disp95: 246.0 | Ent: 8.84 | TPS: 182.8
....[4/4] L:8.4069 
[SYNC] Step 292 — applying votes...
[PRIME] Step 292 | Loss: 4.4493 | Mig: 49.23% | Disp95: 246.4 | Ent: 8.84 | TPS: 176.3
....[4/4] L:7.1329 
[SYNC] Step 293 — applying votes...
[PRIME] Step 293 | Loss: 4.3780 | Mig: 50.54% | Disp95: 246.6 | Ent: 8.85 | TPS: 179.1
....[4/4] L:8.0454 
[SYNC] Step 294 — applying votes...
[PRIME] Step 294 | Loss: 6.6614 | Mig: 49.97% | Disp95: 246.7 | Ent: 8.85 | TPS: 180.9
....[4/4] L:1.0675 
[SYNC] Step 295 — applying votes...
[PRIME] Step 295 | Loss: 2.6141 | Mig: 49.37% | Disp95: 247.2 | Ent: 8.85 | TPS: 181.2
....[4/4] L:1.7187 
[SYNC] Step 296 — applying votes...
[PRIME] Step 296 | Loss: 4.4225 | Mig: 49.81% | Disp95: 248.0 | Ent: 8.85 | TPS: 176.8
....[4/4] L:6.1603 
[SYNC] Step 297 — applying votes...
[PRIME] Step 297 | Loss: 2.9005 | Mig: 49.07% | Disp95: 248.6 | Ent: 8.85 | TPS: 178.7
....[4/4] L:0.9553 
[SYNC] Step 298 — applying votes...
[PRIME] Step 298 | Loss: 3.3660 | Mig: 50.75% | Disp95: 249.1 | Ent: 8.85 | TPS: 178.9
....[4/4] L:7.9458 
[SYNC] Step 299 — applying votes...
[PRIME] Step 299 | Loss: 3.8629 | Mig: 48.31% | Disp95: 249.4 | Ent: 8.85 | TPS: 172.3
....[4/4] L:6.6837 
[SYNC] Step 300 — applying votes...
[PRIME] Step 300 | Loss: 3.8610 | Mig: 48.84% | Disp95: 250.1 | Ent: 8.86 | TPS: 179.3
[CKPT] Saved prime_mamba3_300.pt
....[4/4] L:7.4726 
[SYNC] Step 301 — applying votes...
[PRIME] Step 301 | Loss: 2.9701 | Mig: 49.85% | Disp95: 250.2 | Ent: 8.86 | TPS: 176.2
....[4/4] L:6.5109 
[SYNC] Step 302 — applying votes...
[PRIME] Step 302 | Loss: 2.8740 | Mig: 50.07% | Disp95: 250.6 | Ent: 8.86 | TPS: 178.4
....[4/4] L:4.3607 
[SYNC] Step 303 — applying votes...
[PRIME] Step 303 | Loss: 5.2607 | Mig: 50.15% | Disp95: 250.9 | Ent: 8.86 | TPS: 183.3
....[4/4] L:1.0215 
[SYNC] Step 304 — applying votes...
[PRIME] Step 304 | Loss: 3.3680 | Mig: 48.76% | Disp95: 251.1 | Ent: 8.86 | TPS: 175.7
....[4/4] L:3.0647 
[SYNC] Step 305 — applying votes...
[PRIME] Step 305 | Loss: 4.9531 | Mig: 49.68% | Disp95: 251.3 | Ent: 8.86 | TPS: 181.3
....[4/4] L:1.4370 
[SYNC] Step 306 — applying votes...
[PRIME] Step 306 | Loss: 1.7332 | Mig: 48.84% | Disp95: 252.0 | Ent: 8.86 | TPS: 179.4
....[4/4] L:5.3038 
[SYNC] Step 307 — applying votes...
[PRIME] Step 307 | Loss: 5.9979 | Mig: 50.19% | Disp95: 252.2 | Ent: 8.87 | TPS: 180.3
....[4/4] L:1.9965 
[SYNC] Step 308 — applying votes...
[PRIME] Step 308 | Loss: 5.3063 | Mig: 48.99% | Disp95: 252.7 | Ent: 8.87 | TPS: 174.1
....[4/4] L:4.7785 
[SYNC] Step 309 — applying votes...
[PRIME] Step 309 | Loss: 3.5635 | Mig: 49.63% | Disp95: 253.1 | Ent: 8.87 | TPS: 177.0
....[4/4] L:1.8823 
[SYNC] Step 310 — applying votes...
[PRIME] Step 310 | Loss: 3.9488 | Mig: 49.76% | Disp95: 253.2 | Ent: 8.87 | TPS: 177.1
....[4/4] L:2.1964 
[SYNC] Step 311 — applying votes...
[PRIME] Step 311 | Loss: 3.7910 | Mig: 48.79% | Disp95: 253.5 | Ent: 8.87 | TPS: 176.7
....[4/4] L:7.4636 
[SYNC] Step 312 — applying votes...
[PRIME] Step 312 | Loss: 6.6807 | Mig: 48.66% | Disp95: 254.2 | Ent: 8.87 | TPS: 180.2
....[4/4] L:1.6751 
[SYNC] Step 313 — applying votes...
[PRIME] Step 313 | Loss: 4.0215 | Mig: 49.56% | Disp95: 254.9 | Ent: 8.87 | TPS: 176.3
....[4/4] L:0.9450 
[SYNC] Step 314 — applying votes...
[PRIME] Step 314 | Loss: 3.5642 | Mig: 50.16% | Disp95: 255.2 | Ent: 8.88 | TPS: 182.0
....[4/4] L:8.5268 
[SYNC] Step 315 — applying votes...
[PRIME] Step 315 | Loss: 5.7540 | Mig: 50.40% | Disp95: 255.8 | Ent: 8.88 | TPS: 171.7
....[4/4] L:1.5675 
[SYNC] Step 316 — applying votes...
[PRIME] Step 316 | Loss: 4.7421 | Mig: 48.77% | Disp95: 256.2 | Ent: 8.88 | TPS: 181.0
....[4/4] L:1.9914 
[SYNC] Step 317 — applying votes...
[PRIME] Step 317 | Loss: 4.9464 | Mig: 47.94% | Disp95: 256.6 | Ent: 8.88 | TPS: 181.2
....[4/4] L:2.8256 
[SYNC] Step 318 — applying votes...
[PRIME] Step 318 | Loss: 2.7923 | Mig: 50.27% | Disp95: 257.0 | Ent: 8.88 | TPS: 181.5
....[4/4] L:7.2542 
[SYNC] Step 319 — applying votes...
[PRIME] Step 319 | Loss: 4.4602 | Mig: 49.21% | Disp95: 257.4 | Ent: 8.88 | TPS: 183.7
....[4/4] L:7.6867 
[SYNC] Step 320 — applying votes...
[PRIME] Step 320 | Loss: 7.6732 | Mig: 51.20% | Disp95: 257.9 | Ent: 8.88 | TPS: 180.8
....[4/4] L:6.3580 
[SYNC] Step 321 — applying votes...
[PRIME] Step 321 | Loss: 6.9809 | Mig: 49.45% | Disp95: 258.0 | Ent: 8.89 | TPS: 181.1
....[4/4] L:5.7359 
[SYNC] Step 322 — applying votes...
[PRIME] Step 322 | Loss: 5.0424 | Mig: 48.07% | Disp95: 258.2 | Ent: 8.89 | TPS: 182.6
....[4/4] L:4.3688 
[SYNC] Step 323 — applying votes...
[PRIME] Step 323 | Loss: 2.1481 | Mig: 49.87% | Disp95: 258.3 | Ent: 8.89 | TPS: 183.7
....[4/4] L:2.4782 
[SYNC] Step 324 — applying votes...
[PRIME] Step 324 | Loss: 3.3470 | Mig: 48.53% | Disp95: 258.7 | Ent: 8.89 | TPS: 180.4
....[4/4] L:8.3963 
[SYNC] Step 325 — applying votes...
[PRIME] Step 325 | Loss: 4.9606 | Mig: 49.76% | Disp95: 259.2 | Ent: 8.89 | TPS: 177.1
....[4/4] L:3.3281 
[SYNC] Step 326 — applying votes...
[PRIME] Step 326 | Loss: 5.0613 | Mig: 48.96% | Disp95: 259.7 | Ent: 8.89 | TPS: 180.0
....[4/4] L:7.1441 
[SYNC] Step 327 — applying votes...
[PRIME] Step 327 | Loss: 5.7591 | Mig: 48.95% | Disp95: 260.4 | Ent: 8.89 | TPS: 177.0
....[4/4] L:2.3071 
[SYNC] Step 328 — applying votes...
[PRIME] Step 328 | Loss: 3.1275 | Mig: 49.09% | Disp95: 260.9 | Ent: 8.90 | TPS: 181.3
....[4/4] L:6.4122 
[SYNC] Step 329 — applying votes...
[PRIME] Step 329 | Loss: 6.8624 | Mig: 49.02% | Disp95: 261.4 | Ent: 8.90 | TPS: 178.7
....[4/4] L:7.3042 
[SYNC] Step 330 — applying votes...
[PRIME] Step 330 | Loss: 4.9551 | Mig: 49.25% | Disp95: 261.8 | Ent: 8.90 | TPS: 181.8
....[4/4] L:2.3386 
[SYNC] Step 331 — applying votes...
[PRIME] Step 331 | Loss: 4.2568 | Mig: 49.42% | Disp95: 262.4 | Ent: 8.90 | TPS: 182.6
....[4/4] L:6.3096 
[SYNC] Step 332 — applying votes...
[PRIME] Step 332 | Loss: 3.4674 | Mig: 51.17% | Disp95: 262.8 | Ent: 8.90 | TPS: 184.6
....[4/4] L:4.2690 
[SYNC] Step 333 — applying votes...
[PRIME] Step 333 | Loss: 3.6048 | Mig: 50.14% | Disp95: 263.3 | Ent: 8.90 | TPS: 171.7
....[4/4] L:5.9172 
[SYNC] Step 334 — applying votes...
[PRIME] Step 334 | Loss: 5.2027 | Mig: 49.88% | Disp95: 263.6 | Ent: 8.90 | TPS: 175.0
....[4/4] L:1.0424 
[SYNC] Step 335 — applying votes...
[PRIME] Step 335 | Loss: 1.9949 | Mig: 48.48% | Disp95: 263.9 | Ent: 8.91 | TPS: 177.4
....[4/4] L:1.8970 
[SYNC] Step 336 — applying votes...
[PRIME] Step 336 | Loss: 3.5867 | Mig: 49.59% | Disp95: 264.2 | Ent: 8.91 | TPS: 181.9
....[4/4] L:8.7283 
[SYNC] Step 337 — applying votes...
[PRIME] Step 337 | Loss: 5.1655 | Mig: 49.74% | Disp95: 264.6 | Ent: 8.91 | TPS: 176.0
....[4/4] L:8.5122 
[SYNC] Step 338 — applying votes...
[PRIME] Step 338 | Loss: 5.2922 | Mig: 49.73% | Disp95: 264.8 | Ent: 8.91 | TPS: 177.6
....[4/4] L:5.9984 
[SYNC] Step 339 — applying votes...
[PRIME] Step 339 | Loss: 3.5895 | Mig: 50.11% | Disp95: 265.1 | Ent: 8.91 | TPS: 174.3
....[4/4] L:8.3350 
[SYNC] Step 340 — applying votes...
[PRIME] Step 340 | Loss: 3.9605 | Mig: 49.36% | Disp95: 265.3 | Ent: 8.91 | TPS: 180.2
....[4/4] L:0.5598 
[SYNC] Step 341 — applying votes...
[PRIME] Step 341 | Loss: 2.0882 | Mig: 49.75% | Disp95: 265.6 | Ent: 8.91 | TPS: 182.5
....[4/4] L:1.1148 
[SYNC] Step 342 — applying votes...
[PRIME] Step 342 | Loss: 2.4761 | Mig: 50.45% | Disp95: 266.2 | Ent: 8.91 | TPS: 179.5
....[4/4] L:0.8941 
[SYNC] Step 343 — applying votes...
[PRIME] Step 343 | Loss: 2.4189 | Mig: 49.36% | Disp95: 266.7 | Ent: 8.92 | TPS: 177.8
....[4/4] L:3.6305 
[SYNC] Step 344 — applying votes...
[PRIME] Step 344 | Loss: 3.4253 | Mig: 49.80% | Disp95: 267.0 | Ent: 8.92 | TPS: 181.6
....[4/4] L:6.8306 
[SYNC] Step 345 — applying votes...
[PRIME] Step 345 | Loss: 4.9545 | Mig: 50.30% | Disp95: 267.3 | Ent: 8.92 | TPS: 182.1
....[4/4] L:3.1058 
[SYNC] Step 346 — applying votes...
[PRIME] Step 346 | Loss: 3.5047 | Mig: 49.66% | Disp95: 268.0 | Ent: 8.92 | TPS: 183.5
....[4/4] L:0.9523 
[SYNC] Step 347 — applying votes...
[PRIME] Step 347 | Loss: 4.2771 | Mig: 50.88% | Disp95: 268.2 | Ent: 8.92 | TPS: 170.3
....[4/4] L:0.6543 
[SYNC] Step 348 — applying votes...
[PRIME] Step 348 | Loss: 4.8162 | Mig: 49.94% | Disp95: 268.7 | Ent: 8.92 | TPS: 169.6
....[4/4] L:3.5604 
[SYNC] Step 349 — applying votes...
[PRIME] Step 349 | Loss: 3.3612 | Mig: 49.57% | Disp95: 269.1 | Ent: 8.92 | TPS: 177.0
....[4/4] L:4.6299 
[SYNC] Step 350 — applying votes...
[PRIME] Step 350 | Loss: 4.5496 | Mig: 50.21% | Disp95: 269.9 | Ent: 8.93 | TPS: 173.6
[CKPT] Saved prime_mamba3_350.pt
....[4/4] L:1.9064 
[SYNC] Step 351 — applying votes...
[PRIME] Step 351 | Loss: 2.2526 | Mig: 49.20% | Disp95: 270.0 | Ent: 8.93 | TPS: 178.7
....[4/4] L:5.7880 
[SYNC] Step 352 — applying votes...
[PRIME] Step 352 | Loss: 4.0806 | Mig: 50.10% | Disp95: 270.2 | Ent: 8.93 | TPS: 173.4
....[4/4] L:1.0705 
[SYNC] Step 353 — applying votes...
[PRIME] Step 353 | Loss: 1.9511 | Mig: 49.83% | Disp95: 270.5 | Ent: 8.93 | TPS: 175.9
....[4/4] L:1.9402 
[SYNC] Step 354 — applying votes...
[PRIME] Step 354 | Loss: 2.8164 | Mig: 49.47% | Disp95: 271.0 | Ent: 8.93 | TPS: 180.1
....[4/4] L:3.2533 
[SYNC] Step 355 — applying votes...
[PRIME] Step 355 | Loss: 4.4369 | Mig: 49.70% | Disp95: 271.3 | Ent: 8.93 | TPS: 182.9
....[4/4] L:6.5517 
[SYNC] Step 356 — applying votes...
[PRIME] Step 356 | Loss: 5.5887 | Mig: 49.87% | Disp95: 271.6 | Ent: 8.93 | TPS: 182.2
....[4/4] L:0.7968 
[SYNC] Step 357 — applying votes...
[PRIME] Step 357 | Loss: 3.7626 | Mig: 50.72% | Disp95: 272.0 | Ent: 8.93 | TPS: 185.4
....[4/4] L:2.0803 
[SYNC] Step 358 — applying votes...
[PRIME] Step 358 | Loss: 4.5784 | Mig: 49.72% | Disp95: 272.4 | Ent: 8.94 | TPS: 183.7
....[4/4] L:3.2817 
[SYNC] Step 359 — applying votes...
[PRIME] Step 359 | Loss: 4.5928 | Mig: 49.39% | Disp95: 272.8 | Ent: 8.94 | TPS: 177.6
....[4/4] L:7.0992 
[SYNC] Step 360 — applying votes...
[PRIME] Step 360 | Loss: 6.0202 | Mig: 48.64% | Disp95: 273.1 | Ent: 8.94 | TPS: 178.2
....[4/4] L:2.9340 
[SYNC] Step 361 — applying votes...
[PRIME] Step 361 | Loss: 3.5231 | Mig: 48.78% | Disp95: 273.5 | Ent: 8.94 | TPS: 179.9
....[4/4] L:6.7446 
[SYNC] Step 362 — applying votes...
[PRIME] Step 362 | Loss: 2.4843 | Mig: 49.40% | Disp95: 273.9 | Ent: 8.94 | TPS: 183.4
....[4/4] L:2.7546 
[SYNC] Step 363 — applying votes...
[PRIME] Step 363 | Loss: 3.0817 | Mig: 51.24% | Disp95: 274.3 | Ent: 8.94 | TPS: 179.0
....[4/4] L:1.0639 
[SYNC] Step 364 — applying votes...
[PRIME] Step 364 | Loss: 2.4161 | Mig: 50.14% | Disp95: 274.6 | Ent: 8.94 | TPS: 183.0
....[4/4] L:1.8875 
[SYNC] Step 365 — applying votes...
[PRIME] Step 365 | Loss: 1.7889 | Mig: 51.03% | Disp95: 274.8 | Ent: 8.94 | TPS: 183.3
....[4/4] L:1.3899 
[SYNC] Step 366 — applying votes...
[PRIME] Step 366 | Loss: 4.8426 | Mig: 49.15% | Disp95: 275.1 | Ent: 8.95 | TPS: 183.2
....[4/4] L:4.0953 
[SYNC] Step 367 — applying votes...
[PRIME] Step 367 | Loss: 4.9756 | Mig: 50.24% | Disp95: 275.8 | Ent: 8.95 | TPS: 182.9
....[4/4] L:6.1828 
[SYNC] Step 368 — applying votes...
[PRIME] Step 368 | Loss: 5.0478 | Mig: 49.32% | Disp95: 276.2 | Ent: 8.95 | TPS: 173.1
....[4/4] L:0.4637 
[SYNC] Step 369 — applying votes...
[PRIME] Step 369 | Loss: 3.5697 | Mig: 50.00% | Disp95: 276.7 | Ent: 8.95 | TPS: 180.8
....[4/4] L:4.6761 
[SYNC] Step 370 — applying votes...
[PRIME] Step 370 | Loss: 4.9242 | Mig: 49.28% | Disp95: 277.0 | Ent: 8.95 | TPS: 177.7
....[4/4] L:3.8380 
[SYNC] Step 371 — applying votes...
[PRIME] Step 371 | Loss: 3.8745 | Mig: 49.79% | Disp95: 277.6 | Ent: 8.95 | TPS: 172.9
....[4/4] L:1.0963 
[SYNC] Step 372 — applying votes...
[PRIME] Step 372 | Loss: 3.4224 | Mig: 49.66% | Disp95: 277.7 | Ent: 8.95 | TPS: 179.1
....[4/4] L:3.9190 
[SYNC] Step 373 — applying votes...
[PRIME] Step 373 | Loss: 2.5682 | Mig: 50.00% | Disp95: 278.0 | Ent: 8.95 | TPS: 181.5
....[4/4] L:3.4055 
[SYNC] Step 374 — applying votes...
[PRIME] Step 374 | Loss: 3.4424 | Mig: 49.22% | Disp95: 278.2 | Ent: 8.96 | TPS: 179.8
....[4/4] L:6.9845 
[SYNC] Step 375 — applying votes...
[PRIME] Step 375 | Loss: 3.5947 | Mig: 49.94% | Disp95: 278.5 | Ent: 8.96 | TPS: 183.5
....[4/4] L:7.8515 
[SYNC] Step 376 — applying votes...
[PRIME] Step 376 | Loss: 5.2374 | Mig: 49.55% | Disp95: 278.9 | Ent: 8.96 | TPS: 180.4
....[4/4] L:1.7799 
[SYNC] Step 377 — applying votes...
